   NUM RES   HA     H       N        CA      CB       C
 --- --- ------ ------ -------- ------- ------- --------
  1     M  4.4930 8.1633 118.3290 55.2972 33.3844 173.7735
  2     Q  4.8448 8.3424 119.0103 52.8626 31.1275 173.1301
  3     I  5.0341 9.1624 116.8333 59.1357 42.1678 173.5246
  4     F  5.2555 9.1839 120.4260 55.6139 42.7287 174.5548
  5     V  5.1518 9.1275 122.7447 61.1526 34.1798 174.2760
  6     K  5.1201 8.9765 127.7601 55.2951 34.5043 176.1801
  7     T  4.8556 8.7249 114.5816 59.8705 71.2305 175.7079
  8     L  4.0756 8.6158 121.3482 57.4458 41.7067 178.3360
  9     T  4.2535 7.9480 106.8843 61.3084 69.0173 175.2815
  10    G  3.8618 8.0890 109.8079 45.6567  0.0000 173.2658
  11    K  4.4335 7.9020 121.1886 55.5204 33.8672 175.5133
  12    T  5.1083 8.4924 122.8067 61.9070 70.9616 173.3929
  13    I  4.5885 9.1381 127.3544 59.8517 40.1218 174.5967
  14    T  4.6899 8.4690 122.4912 61.9431 70.0992 174.0241
  15    L  4.7732 8.5035 125.4499 52.7835 46.0258 174.9087
  16    E  4.7128 8.6283 122.7405 54.8796 30.8204 175.2324
  17    V  4.7375 8.8463 119.5586 60.0172 36.5250 174.2167
  18    E  4.7653 9.8520 121.2680 53.9412 32.3130 176.1978
  19    P  4.2389 0.0000   0.0000 65.4958 31.5751 177.9108
  20    S  4.4512 7.8736 109.9985 58.5256 63.0140 173.6819
  21    D  4.5241 8.2402 121.2176 55.1036 41.3565 175.9748
  22    T  4.7096 8.1408 113.0950 61.0296 71.5204 176.0720
  23    I  3.6603 8.3548 123.5603 64.5865 37.1405 178.4438
  24    E  3.9151 8.1601 119.7065 59.2526 29.4693 178.2889
  25    N  4.2999 8.0867 117.1802 56.5855 39.0302 177.0338
  26    V  3.5748 7.8840 119.7610 65.9650 31.5188 178.0953
  27    K  3.9386 8.4400 118.3679 59.4474 31.8867 179.1303
  28    A  3.9784 8.0093 120.9940 55.1014 18.3898 179.8653
  29    K  3.9562 8.0426 117.0434 59.6156 32.0723 179.6856
  30    I  3.7242 7.7358 120.2144 64.2402 36.9112 178.1833
  31    Q  4.0305 8.3411 120.7220 59.3061 28.6711 177.8743
  32    D  4.3089 7.9027 117.7624 57.2883 41.3004 178.0216
  33    K  4.1771 7.7481 117.5624 58.4705 32.3969 178.2086
  34    E  4.6028 8.8415 116.2761 55.2296 31.0102 177.2778
  35    G  3.8544 8.2138 106.8462 45.4537  0.0000 173.2358
  36    I  4.0784 7.4437 120.5465 59.2517 37.6472 174.1320
  37    P  4.3398 0.0000   0.0000 61.9408 32.0016 175.6375
  38    P  4.3230 0.0000   0.0000 65.7458 31.3912 178.0027
  39    D  4.4827 8.0612 115.7351 55.3967 39.7995 176.5490
  40    Q  4.5041 8.4409 118.6275 55.8967 29.9814 174.8539
  41    Q  5.0892 7.7257 118.4524 54.1791 31.1107 175.3398
  42    R  4.6152 8.9480 121.9143 54.4253 33.6364 174.2643
  43    L  5.1707 8.5250 123.8389 53.1268 44.2818 175.4812
  44    I  5.0978 8.7773 124.1249 59.4573 41.0430 174.3710
  45    F  4.9813 9.0584 127.7112 56.8912 42.6984 174.4764
  46    A  3.5253 9.0215 128.9620 53.0592 15.9438 177.6356
  47    G  3.9395 8.3925 106.4689 46.5297  0.0000 174.1343
  48    K  4.6533 8.0715 119.9160 54.3139 34.4578 175.2628
  49    Q  4.6382 8.5515 122.2114 55.7406 29.4258 175.5568
  50    L  4.1235 8.6216 124.9528 54.0559 42.7175 176.4646
  51    E  4.5515 8.7130 122.3098 55.4059 30.9083 177.5623
  52    D  4.3569 8.9453 122.0555 56.7446 41.1508 177.5542
  53    G  3.9414 8.0511 105.9423 45.3303  0.0000 173.2079
  54    R  4.6399 7.7187 119.6491 54.4809 32.8622 175.0360
  55    T  5.0459 8.1582 108.9602 59.6242 71.4029 175.7667
  56    L  4.0347 8.4036 121.9424 57.9673 41.9392 180.3160
  57    S  4.1616 8.1745 113.8940 61.5115 62.4855 176.2794
  58    D  4.3093 7.7765 121.8169 56.5744 40.4423 177.2012
  59    Y  4.4088 7.5793 115.3634 56.2095 38.4266 174.9756
  60    N  4.1487 7.9617 115.8037 53.6387 36.8849 174.4159
  61    I  3.6974 7.6425 118.4530 62.0258 38.0871 175.9478
  62    Q  4.6343 8.2652 123.9729 53.1183 31.1704 175.0403
  63    K  3.9734 8.3984 118.0494 58.9311 32.5425 176.3679
  64    E  4.1536 9.0505 119.6627 57.6332 27.5974 174.8673
  65    S  4.6494 7.9013 114.4726 58.8870 64.3945 173.2467
  66    T  5.1450 8.6454 119.1008 62.0828 70.2552 173.9281
  67    L  4.9316 9.7641 127.0801 53.5352 44.9833 174.9620
  68    H  5.1078 8.9099 117.9537 53.9889 31.5940 172.8308
  69    L  5.0336 8.6912 125.4205 53.3516 43.7007 175.5948
  70    V  4.5327 8.9273 125.9244 61.0820 34.7195 173.8725
  71    L  5.1133 8.5038 126.3327 53.1446 43.5324 175.6452
  72    R  4.6936 8.5522 123.3678 54.4442 32.4425 174.8054
  73    L  4.8184 8.5760 124.9979 52.7821 44.6676 175.7633
  74    R  4.4922 8.4662 121.8218 54.4518 32.5951 175.3260
  75    G  3.9982 8.4777 114.3084 43.6560  0.0000 173.7205
  76    G  3.7988 8.5304 107.1469 45.9224  0.0000 173.4898

  NUM RES  H    HA   HB   HB2  HB3  HD1  HD2  HD21 HD22 HD3  HE   HE1  HE2  HE21 HE22 HE3  HG   HG1  HG12 HG13 HG2  HG3  HZ   
  1     M  8.16 4.49 0.00 2.11 2.26 0.00 0.00 0.00 0.00 0.00 -0.21 0.00 0.00 0.00 0.00 0.00 0.00 0.00 0.00 0.00 2.55 2.58 0.00 
  2     Q  8.34 4.84 0.00 2.11 2.04 0.00 0.00 0.00 0.00 0.00 0.00 0.00 0.00 7.26 6.72 0.00 0.00 0.00 0.00 0.00 2.38 2.42 0.00 
  3     I  9.16 5.03 1.87 0.00 0.00 0.82 0.00 0.00 0.00 0.00 0.00 0.00 0.00 0.00 0.00 0.00 0.00 0.00 1.12 0.82 0.86 0.00 0.00 
  4     F  9.18 5.26 0.00 2.16 2.17 0.00 0.00 0.00 0.00 0.00 0.00 0.00 0.00 0.00 0.00 0.00 0.00 0.00 0.00 0.00 0.00 0.00 0.00 
  5     V  9.13 5.15 2.08 0.00 0.00 0.00 0.00 0.00 0.00 0.00 0.00 0.00 0.00 0.00 0.00 0.00 0.00 1.08 0.00 0.00 0.93 0.00 0.00 
  6     K  8.98 5.12 0.00 1.74 1.69 0.00 1.69 0.00 0.00 1.70 0.00 0.00 2.91 0.00 0.00 2.91 0.00 0.00 0.00 0.00 1.38 1.37 7.81 
  7     T  8.72 4.86 4.24 0.00 0.00 0.00 0.00 0.00 0.00 0.00 0.00 0.00 0.00 0.00 0.00 0.00 0.00 0.00 0.00 0.00 1.28 0.00 0.00 
  8     L  8.62 4.08 0.00 1.66 1.78 0.94 0.85 0.00 0.00 0.00 0.00 0.00 0.00 0.00 0.00 0.00 1.93 0.00 0.00 0.00 0.00 0.00 0.00 
  9     T  7.95 4.25 4.24 0.00 0.00 0.00 0.00 0.00 0.00 0.00 0.00 0.00 0.00 0.00 0.00 0.00 0.00 0.00 0.00 0.00 1.22 0.00 0.00 
  10    G  8.09 3.86 0.00 0.00 0.00 0.00 0.00 0.00 0.00 0.00 0.00 0.00 0.00 0.00 0.00 0.00 0.00 0.00 0.00 0.00 0.00 0.00 0.00 
  11    K  7.90 4.43 0.00 1.87 1.67 0.00 1.58 0.00 0.00 1.65 0.00 0.00 2.86 0.00 0.00 2.87 0.00 0.00 0.00 0.00 1.39 1.41 7.81 
  12    T  8.49 5.11 4.24 0.00 0.00 0.00 0.00 0.00 0.00 0.00 0.00 0.00 0.00 0.00 0.00 0.00 0.00 0.00 0.00 0.00 1.34 0.00 0.00 
  13    I  9.14 4.59 1.87 0.00 0.00 0.87 0.00 0.00 0.00 0.00 0.00 0.00 0.00 0.00 0.00 0.00 0.00 0.00 1.25 0.81 0.91 0.00 0.00 
  14    T  8.47 4.69 4.24 0.00 0.00 0.00 0.00 0.00 0.00 0.00 0.00 0.00 0.00 0.00 0.00 0.00 0.00 0.00 0.00 0.00 0.87 0.00 0.00 
  15    L  8.50 4.77 0.00 1.53 1.50 0.88 0.90 0.00 0.00 0.00 0.00 0.00 0.00 0.00 0.00 0.00 1.34 0.00 0.00 0.00 0.00 0.00 0.00 
  16    E  8.63 4.71 0.00 1.96 1.84 0.00 0.00 0.00 0.00 0.00 0.00 0.00 0.00 0.00 0.00 0.00 0.00 0.00 0.00 0.00 2.21 2.31 0.00 
  17    V  8.85 4.74 2.08 0.00 0.00 0.00 0.00 0.00 0.00 0.00 0.00 0.00 0.00 0.00 0.00 0.00 0.00 0.64 0.00 0.00 0.93 0.00 0.00 
  18    E  9.85 4.77 0.00 1.88 1.80 0.00 0.00 0.00 0.00 0.00 0.00 0.00 0.00 0.00 0.00 0.00 0.00 0.00 0.00 0.00 2.21 2.29 0.00 
  19    P  0.00 4.24 0.00 2.17 2.11 0.00 3.58 0.00 0.00 3.69 0.00 0.00 0.00 0.00 0.00 0.00 0.00 0.00 0.00 0.00 2.11 2.08 0.00 
  20    S  7.87 4.45 0.00 3.82 3.86 0.00 0.00 0.00 0.00 0.00 0.00 0.00 0.00 0.00 0.00 0.00 0.00 0.00 0.00 0.00 0.00 0.00 0.00 
  21    D  8.24 4.52 0.00 2.72 2.57 0.00 0.00 0.00 0.00 0.00 0.00 0.00 0.00 0.00 0.00 0.00 0.00 0.00 0.00 0.00 0.00 0.00 0.00 
  22    T  8.14 4.71 4.24 0.00 0.00 0.00 0.00 0.00 0.00 0.00 0.00 0.00 0.00 0.00 0.00 0.00 0.00 0.00 0.00 0.00 1.22 0.00 0.00 
  23    I  8.35 3.66 1.87 0.00 0.00 0.76 0.00 0.00 0.00 0.00 0.00 0.00 0.00 0.00 0.00 0.00 0.00 0.00 1.68 1.02 0.91 0.00 0.00 
  24    E  8.16 3.92 0.00 2.03 1.94 0.00 0.00 0.00 0.00 0.00 0.00 0.00 0.00 0.00 0.00 0.00 0.00 0.00 0.00 0.00 2.38 2.37 0.00 
  25    N  8.09 4.30 0.00 2.89 2.79 0.00 0.00 6.81 7.79 0.00 0.00 0.00 0.00 0.00 0.00 0.00 0.00 0.00 0.00 0.00 0.00 0.00 0.00 
  26    V  7.88 3.57 2.08 0.00 0.00 0.00 0.00 0.00 0.00 0.00 0.00 0.00 0.00 0.00 0.00 0.00 0.00 1.03 0.00 0.00 0.95 0.00 0.00 
  27    K  8.44 3.94 0.00 1.82 1.84 0.00 1.72 0.00 0.00 1.65 0.00 0.00 2.95 0.00 0.00 2.94 0.00 0.00 0.00 0.00 1.46 1.46 7.81 
  28    A  8.01 3.98 1.32 0.00 0.00 0.00 0.00 0.00 0.00 0.00 0.00 0.00 0.00 0.00 0.00 0.00 0.00 0.00 0.00 0.00 0.00 0.00 0.00 
  29    K  8.04 3.96 0.00 1.83 1.87 0.00 1.67 0.00 0.00 1.65 0.00 0.00 2.94 0.00 0.00 3.00 0.00 0.00 0.00 0.00 1.46 1.48 7.81 
  30    I  7.74 3.72 1.87 0.00 0.00 0.85 0.00 0.00 0.00 0.00 0.00 0.00 0.00 0.00 0.00 0.00 0.00 0.00 1.40 0.90 0.95 0.00 0.00 
  31    Q  8.34 4.03 0.00 2.10 2.09 0.00 0.00 0.00 0.00 0.00 0.00 0.00 0.00 7.16 6.80 0.00 0.00 0.00 0.00 0.00 2.36 2.37 0.00 
  32    D  7.90 4.31 0.00 2.71 2.68 0.00 0.00 0.00 0.00 0.00 0.00 0.00 0.00 0.00 0.00 0.00 0.00 0.00 0.00 0.00 0.00 0.00 0.00 
  33    K  7.75 4.18 0.00 1.81 1.84 0.00 1.71 0.00 0.00 1.70 0.00 0.00 3.02 0.00 0.00 2.94 0.00 0.00 0.00 0.00 1.46 1.47 7.81 
  34    E  8.84 4.60 0.00 1.86 1.96 0.00 0.00 0.00 0.00 0.00 0.00 0.00 0.00 0.00 0.00 0.00 0.00 0.00 0.00 0.00 2.24 2.42 0.00 
  35    G  8.21 3.85 0.00 0.00 0.00 0.00 0.00 0.00 0.00 0.00 0.00 0.00 0.00 0.00 0.00 0.00 0.00 0.00 0.00 0.00 0.00 0.00 0.00 
  36    I  7.44 4.08 1.87 0.00 0.00 0.86 0.00 0.00 0.00 0.00 0.00 0.00 0.00 0.00 0.00 0.00 0.00 0.00 1.42 0.75 0.91 0.00 0.00 
  37    P  0.00 4.34 0.00 2.17 1.98 0.00 3.62 0.00 0.00 3.77 0.00 0.00 0.00 0.00 0.00 0.00 0.00 0.00 0.00 0.00 2.11 2.11 0.00 
  38    P  0.00 4.32 0.00 2.17 2.13 0.00 3.59 0.00 0.00 3.82 0.00 0.00 0.00 0.00 0.00 0.00 0.00 0.00 0.00 0.00 2.12 2.10 0.00 
  39    D  8.06 4.48 0.00 2.78 2.80 0.00 0.00 0.00 0.00 0.00 0.00 0.00 0.00 0.00 0.00 0.00 0.00 0.00 0.00 0.00 0.00 0.00 0.00 
  40    Q  8.44 4.50 0.00 1.99 2.15 0.00 0.00 0.00 0.00 0.00 0.00 0.00 0.00 7.32 6.82 0.00 0.00 0.00 0.00 0.00 2.30 2.32 0.00 
  41    Q  7.73 5.09 0.00 1.93 2.00 0.00 0.00 0.00 0.00 0.00 0.00 0.00 0.00 7.36 6.54 0.00 0.00 0.00 0.00 0.00 2.30 2.31 0.00 
  42    R  8.95 4.62 0.00 1.70 1.79 0.00 3.09 0.00 0.00 3.17 7.17 0.00 0.00 0.00 0.00 0.00 0.00 0.00 0.00 0.00 1.53 1.56 0.00 
  43    L  8.52 5.17 0.00 1.58 1.56 0.89 0.75 0.00 0.00 0.00 0.00 0.00 0.00 0.00 0.00 0.00 1.57 0.00 0.00 0.00 0.00 0.00 0.00 
  44    I  8.78 5.10 1.87 0.00 0.00 0.87 0.00 0.00 0.00 0.00 0.00 0.00 0.00 0.00 0.00 0.00 0.00 0.00 1.11 0.93 0.96 0.00 0.00 
  45    F  9.06 4.98 0.00 2.32 2.07 0.00 0.00 0.00 0.00 0.00 0.00 0.00 0.00 0.00 0.00 0.00 0.00 0.00 0.00 0.00 0.00 0.00 0.00 
  46    A  9.02 3.53 1.32 0.00 0.00 0.00 0.00 0.00 0.00 0.00 0.00 0.00 0.00 0.00 0.00 0.00 0.00 0.00 0.00 0.00 0.00 0.00 0.00 
  47    G  8.39 3.94 0.00 0.00 0.00 0.00 0.00 0.00 0.00 0.00 0.00 0.00 0.00 0.00 0.00 0.00 0.00 0.00 0.00 0.00 0.00 0.00 0.00 
  48    K  8.07 4.65 0.00 1.77 1.69 0.00 1.66 0.00 0.00 1.65 0.00 0.00 2.93 0.00 0.00 2.88 0.00 0.00 0.00 0.00 1.35 1.36 7.81 
  49    Q  8.55 4.64 0.00 1.94 2.04 0.00 0.00 0.00 0.00 0.00 0.00 0.00 0.00 7.69 6.88 0.00 0.00 0.00 0.00 0.00 2.36 2.39 0.00 
  50    L  8.62 4.12 0.00 1.50 1.59 0.68 -0.69 0.00 0.00 0.00 0.00 0.00 0.00 0.00 0.00 0.00 1.54 0.00 0.00 0.00 0.00 0.00 0.00 
  51    E  8.71 4.55 0.00 1.88 1.85 0.00 0.00 0.00 0.00 0.00 0.00 0.00 0.00 0.00 0.00 0.00 0.00 0.00 0.00 0.00 2.28 2.43 0.00 
  52    D  8.95 4.36 0.00 2.64 2.73 0.00 0.00 0.00 0.00 0.00 0.00 0.00 0.00 0.00 0.00 0.00 0.00 0.00 0.00 0.00 0.00 0.00 0.00 
  53    G  8.05 3.94 0.00 0.00 0.00 0.00 0.00 0.00 0.00 0.00 0.00 0.00 0.00 0.00 0.00 0.00 0.00 0.00 0.00 0.00 0.00 0.00 0.00 
  54    R  7.72 4.64 0.00 1.78 1.83 0.00 3.26 0.00 0.00 3.22 7.39 0.00 0.00 0.00 0.00 0.00 0.00 0.00 0.00 0.00 1.54 1.67 0.00 
  55    T  8.16 5.05 4.24 0.00 0.00 0.00 0.00 0.00 0.00 0.00 0.00 0.00 0.00 0.00 0.00 0.00 0.00 0.00 0.00 0.00 1.25 0.00 0.00 
  56    L  8.40 4.03 0.00 1.77 1.76 0.96 0.81 0.00 0.00 0.00 0.00 0.00 0.00 0.00 0.00 0.00 1.88 0.00 0.00 0.00 0.00 0.00 0.00 
  57    S  8.17 4.16 0.00 4.06 4.13 0.00 0.00 0.00 0.00 0.00 0.00 0.00 0.00 0.00 0.00 0.00 0.00 0.00 0.00 0.00 0.00 0.00 0.00 
  58    D  7.78 4.31 0.00 2.62 2.78 0.00 0.00 0.00 0.00 0.00 0.00 0.00 0.00 0.00 0.00 0.00 0.00 0.00 0.00 0.00 0.00 0.00 0.00 
  59    Y  7.58 4.41 0.00 2.29 2.30 0.00 0.00 0.00 0.00 0.00 0.00 0.00 0.00 0.00 0.00 0.00 0.00 0.00 0.00 0.00 0.00 0.00 0.00 
  60    N  7.96 4.15 0.00 2.93 2.94 0.00 0.00 6.94 7.52 0.00 0.00 0.00 0.00 0.00 0.00 0.00 0.00 0.00 0.00 0.00 0.00 0.00 0.00 
  61    I  7.64 3.70 1.87 0.00 0.00 0.44 0.00 0.00 0.00 0.00 0.00 0.00 0.00 0.00 0.00 0.00 0.00 0.00 -0.30 0.02 0.74 0.00 0.00 
  62    Q  8.27 4.63 0.00 2.09 2.00 0.00 0.00 0.00 0.00 0.00 0.00 0.00 0.00 7.85 6.95 0.00 0.00 0.00 0.00 0.00 2.28 2.26 0.00 
  63    K  8.40 3.97 0.00 1.86 1.84 0.00 1.69 0.00 0.00 1.70 0.00 0.00 3.01 0.00 0.00 3.04 0.00 0.00 0.00 0.00 1.41 1.49 7.81 
  64    E  9.05 4.15 0.00 2.14 2.11 0.00 0.00 0.00 0.00 0.00 0.00 0.00 0.00 0.00 0.00 0.00 0.00 0.00 0.00 0.00 2.23 2.26 0.00 
  65    S  7.90 4.65 0.00 3.79 3.77 0.00 0.00 0.00 0.00 0.00 0.00 0.00 0.00 0.00 0.00 0.00 0.00 0.00 0.00 0.00 0.00 0.00 0.00 
  66    T  8.65 5.15 4.24 0.00 0.00 0.00 0.00 0.00 0.00 0.00 0.00 0.00 0.00 0.00 0.00 0.00 0.00 0.00 0.00 0.00 1.20 0.00 0.00 
  67    L  9.76 4.93 0.00 1.46 1.55 1.03 0.82 0.00 0.00 0.00 0.00 0.00 0.00 0.00 0.00 0.00 1.62 0.00 0.00 0.00 0.00 0.00 0.00 
  68    H  8.91 5.11 0.00 2.89 2.93 0.00 5.78 0.00 0.00 0.00 0.00 6.77 0.00 0.00 0.00 0.00 0.00 0.00 0.00 0.00 0.00 0.00 0.00 
  69    L  8.69 5.03 0.00 1.61 1.54 0.98 0.77 0.00 0.00 0.00 0.00 0.00 0.00 0.00 0.00 0.00 1.38 0.00 0.00 0.00 0.00 0.00 0.00 
  70    V  8.93 4.53 2.08 0.00 0.00 0.00 0.00 0.00 0.00 0.00 0.00 0.00 0.00 0.00 0.00 0.00 0.00 1.10 0.00 0.00 0.94 0.00 0.00 
  71    L  8.50 5.11 0.00 1.55 1.56 0.92 0.83 0.00 0.00 0.00 0.00 0.00 0.00 0.00 0.00 0.00 1.57 0.00 0.00 0.00 0.00 0.00 0.00 
  72    R  8.55 4.69 0.00 1.79 1.76 0.00 3.20 0.00 0.00 3.22 7.18 0.00 0.00 0.00 0.00 0.00 0.00 0.00 0.00 0.00 1.52 1.56 0.00 
  73    L  8.58 4.82 0.00 1.63 1.52 0.92 0.84 0.00 0.00 0.00 0.00 0.00 0.00 0.00 0.00 0.00 1.40 0.00 0.00 0.00 0.00 0.00 0.00 
  74    R  8.47 4.49 0.00 1.71 1.76 0.00 3.22 0.00 0.00 3.23 7.33 0.00 0.00 0.00 0.00 0.00 0.00 0.00 0.00 0.00 1.49 1.58 0.00 
  75    G  8.48 4.00 0.00 0.00 0.00 0.00 0.00 0.00 0.00 0.00 0.00 0.00 0.00 0.00 0.00 0.00 0.00 0.00 0.00 0.00 0.00 0.00 0.00 
  76    G  8.53 3.80 0.00 0.00 0.00 0.00 0.00 0.00 0.00 0.00 0.00 0.00 0.00 0.00 0.00 0.00 0.00 0.00 0.00 0.00 0.00 0.00 0.00 
