   NUM RES   HA     H       N        CA      CB       C
 --- --- ------ ------ -------- ------- ------- --------
  1     M  4.5188 8.1633 118.3327 55.3027 33.4499 173.7496
  2     Q  4.8791 8.4219 119.0241 52.9362 31.0829 173.1742
  3     I  5.3009 9.2514 116.8966 59.2274 42.1133 173.5684
  4     F  5.1405 9.3635 120.4159 55.6052 42.8219 174.4641
  5     V  4.8035 8.9904 122.8485 61.1371 34.1217 174.2437
  6     K  5.1469 9.1101 127.9896 55.2615 34.3182 176.0389
  7     T  4.8314 8.7258 114.6011 59.8098 71.1820 175.7603
  8     L  3.9698 8.6816 121.9527 57.5237 41.7071 178.3319
  9     T  4.2464 7.9449 106.7634 61.3019 69.0898 175.3373
  10    G  3.8773 8.3779 110.3182 45.5466  0.0000 173.2752
  11    K  4.4441 7.9067 121.2043 55.5699 33.8845 175.5196
  12    T  5.1521 8.4920 122.5400 61.8942 71.0539 173.3516
  13    I  4.5377 9.0359 127.2592 59.8222 40.1389 174.5782
  14    T  4.3933 8.3201 122.5166 61.8444 70.0529 174.0350
  15    L  4.7513 8.3574 125.3069 52.7765 46.0740 174.9293
  16    E  4.7299 8.6182 122.6960 54.9636 30.7038 175.2706
  17    V  4.7594 9.0540 119.4737 59.9945 36.5769 174.2631
  18    E  4.7759 9.7596 120.9763 53.9323 32.3299 176.1471
  19    P  4.4469 0.0000   0.0000 65.4337 31.5689 178.0447
  20    S  4.4838 7.8851 110.1195 58.5540 63.8348 174.1027
  21    D  4.5074 8.3449 123.3953 54.5409 41.3527 175.9859
  22    T  4.7053 8.1430 113.0862 61.0036 71.5289 176.0772
  23    I  3.6720 8.2208 123.4814 64.6238 37.1514 178.4689
  24    E  3.9048 8.1742 119.6832 59.1884 29.4743 178.3046
  25    N  4.2912 8.0432 117.0934 56.6240 39.0818 177.0198
  26    V  3.5852 7.9689 119.7786 65.9846 31.4913 178.0745
  27    K  3.9489 8.3615 118.1888 59.4492 31.8965 179.1343
  28    A  3.9854 8.0477 120.9981 55.0931 18.3640 179.8740
  29    K  3.9605 8.1130 117.0524 59.6025 32.0382 179.6933
  30    I  3.7154 7.7715 120.2093 64.2438 36.9032 178.1801
  31    Q  4.0290 8.3114 120.7726 59.3768 28.6614 178.1044
  32    D  4.3415 7.9068 118.6482 57.3403 40.9186 178.6154
  33    K  4.1752 7.7474 117.5353 58.4420 32.3953 178.2832
  34    E  4.6018 8.8758 116.3344 55.1899 31.0481 177.2820
  35    G  3.8471 8.1747 106.7685 45.4654  0.0000 173.2859
  36    I  4.0654 7.4506 120.5614 59.3064 37.5929 174.1455
  37    P  4.3582 0.0000   0.0000 61.9035 32.0894 175.7496
  38    P  4.2646 0.0000   0.0000 65.8818 31.4125 178.2118
  39    D  4.4750 8.0642 116.1446 56.4089 41.0869 176.7547
  40    Q  4.4511 8.2877 117.1823 55.6790 29.3100 174.5097
  41    Q  5.1510 7.5748 117.2422 54.1671 31.0540 175.3416
  42    R  4.6190 8.8702 121.7031 54.4258 33.7400 174.2426
  43    L  5.1166 8.5240 123.8211 53.1986 44.1995 175.5177
  44    I  5.1107 8.8324 124.0868 59.4866 41.2258 174.3297
  45    F  4.9745 9.0190 127.6655 56.9550 42.8970 174.3838
  46    A  3.4507 8.7885 128.4308 53.1077 15.9088 177.8166
  47    G  3.9159 8.2919 106.2751 46.5852  0.0000 174.1298
  48    K  4.5949 7.9748 119.9545 54.1863 34.4598 175.0003
  49    Q  4.5321 8.5374 124.6137 55.9065 29.6937 175.0623
  50    L  4.1955 8.6941 127.4360 54.1362 42.7089 176.3695
  51    E  4.5875 8.5996 122.5312 55.2956 31.0189 177.4927
  52    D  4.3800 8.9459 121.9572 56.7597 41.1399 177.5736
  53    G  3.9371 8.0529 105.9052 45.3777  0.0000 173.2767
  54    R  4.6304 7.7369 119.6328 54.4985 32.8068 175.1236
  55    T  4.9422 8.0713 108.9188 59.7956 71.4119 175.8061
  56    L  4.0567 8.4293 121.9050 58.2684 41.4820 180.1813
  57    S  4.1640 8.1344 114.9424 61.6694 62.4697 176.4914
  58    D  4.2849 7.7124 120.9302 56.6678 40.4380 177.3315
  59    Y  4.4538 7.5339 115.0446 56.3027 38.4533 174.7956
  60    N  4.1075 8.0214 116.9107 54.3854 38.1185 174.2962
  61    I  3.7271 7.6889 116.6240 60.5586 38.0829 175.9420
  62    Q  4.6406 8.2389 123.9549 53.0711 31.2396 175.0394
  63    K  4.0050 8.4018 118.0027 58.9511 32.5370 176.3679
  64    E  4.0906 9.0393 119.4272 57.5933 27.5928 174.8236
  65    S  4.6165 7.9130 114.5254 58.8263 64.3916 173.2486
  66    T  5.1272 8.6467 119.2304 62.0743 70.2529 173.9456
  67    L  4.9461 9.8070 126.9732 53.5558 45.0074 174.9509
  68    H  5.2893 8.9445 117.7682 54.0146 31.6166 172.8220
  69    L  5.0605 8.8571 125.6453 53.3018 43.8915 175.5669
  70    V  4.5091 8.7940 125.7655 61.0742 34.6768 173.8586
  71    L  5.0069 8.5211 126.8445 53.3361 43.1283 175.6014
  72    R  4.6794 8.8944 124.7893 54.5442 31.8165 175.3337
  73    L  4.9931 8.4748 124.6150 52.8302 45.1798 175.8255
  74    R  4.5009 8.4535 121.2006 54.4755 32.6683 175.2599
  75    G  3.9977 8.5410 113.9918 43.9268  0.0000 173.7309
  76    G  3.7264 8.3911 106.9854 45.6838  0.0000 173.8272

  NUM RES  H    HA   HB   HB2  HB3  HD1  HD2  HD21 HD22 HD3  HE   HE1  HE2  HE21 HE22 HE3  HG   HG1  HG12 HG13 HG2  HG3  HZ   
  1     M  8.16 4.52 0.00 2.11 2.26 0.00 0.00 0.00 0.00 0.00 -0.21 0.00 0.00 0.00 0.00 0.00 0.00 0.00 0.00 0.00 2.55 2.58 0.00 
  2     Q  8.42 4.88 0.00 2.11 2.04 0.00 0.00 0.00 0.00 0.00 0.00 0.00 0.00 7.26 6.71 0.00 0.00 0.00 0.00 0.00 2.38 2.42 0.00 
  3     I  9.25 5.30 1.87 0.00 0.00 0.84 0.00 0.00 0.00 0.00 0.00 0.00 0.00 0.00 0.00 0.00 0.00 0.00 1.16 0.63 0.91 0.00 0.00 
  4     F  9.36 5.14 0.00 2.24 2.17 0.00 0.00 0.00 0.00 0.00 0.00 0.00 0.00 0.00 0.00 0.00 0.00 0.00 0.00 0.00 0.00 0.00 0.00 
  5     V  8.99 4.80 2.08 0.00 0.00 0.00 0.00 0.00 0.00 0.00 0.00 0.00 0.00 0.00 0.00 0.00 0.00 0.97 0.00 0.00 0.93 0.00 0.00 
  6     K  9.11 5.15 0.00 1.72 1.69 0.00 1.69 0.00 0.00 1.70 0.00 0.00 2.91 0.00 0.00 2.89 0.00 0.00 0.00 0.00 1.38 1.37 7.81 
  7     T  8.73 4.83 4.24 0.00 0.00 0.00 0.00 0.00 0.00 0.00 0.00 0.00 0.00 0.00 0.00 0.00 0.00 0.00 0.00 0.00 1.27 0.00 0.00 
  8     L  8.68 3.97 0.00 1.64 1.78 0.98 0.86 0.00 0.00 0.00 0.00 0.00 0.00 0.00 0.00 0.00 2.02 0.00 0.00 0.00 0.00 0.00 0.00 
  9     T  7.94 4.25 4.24 0.00 0.00 0.00 0.00 0.00 0.00 0.00 0.00 0.00 0.00 0.00 0.00 0.00 0.00 0.00 0.00 0.00 1.22 0.00 0.00 
  10    G  8.38 3.88 0.00 0.00 0.00 0.00 0.00 0.00 0.00 0.00 0.00 0.00 0.00 0.00 0.00 0.00 0.00 0.00 0.00 0.00 0.00 0.00 0.00 
  11    K  7.91 4.44 0.00 1.87 1.67 0.00 1.58 0.00 0.00 1.65 0.00 0.00 2.86 0.00 0.00 2.86 0.00 0.00 0.00 0.00 1.39 1.41 7.81 
  12    T  8.49 5.15 4.24 0.00 0.00 0.00 0.00 0.00 0.00 0.00 0.00 0.00 0.00 0.00 0.00 0.00 0.00 0.00 0.00 0.00 1.42 0.00 0.00 
  13    I  9.04 4.54 1.87 0.00 0.00 0.85 0.00 0.00 0.00 0.00 0.00 0.00 0.00 0.00 0.00 0.00 0.00 0.00 1.23 0.87 0.87 0.00 0.00 
  14    T  8.32 4.39 4.24 0.00 0.00 0.00 0.00 0.00 0.00 0.00 0.00 0.00 0.00 0.00 0.00 0.00 0.00 0.00 0.00 0.00 0.68 0.00 0.00 
  15    L  8.36 4.75 0.00 1.54 1.50 0.87 0.55 0.00 0.00 0.00 0.00 0.00 0.00 0.00 0.00 0.00 1.34 0.00 0.00 0.00 0.00 0.00 0.00 
  16    E  8.62 4.73 0.00 1.95 1.84 0.00 0.00 0.00 0.00 0.00 0.00 0.00 0.00 0.00 0.00 0.00 0.00 0.00 0.00 0.00 2.21 2.38 0.00 
  17    V  9.05 4.76 2.08 0.00 0.00 0.00 0.00 0.00 0.00 0.00 0.00 0.00 0.00 0.00 0.00 0.00 0.00 0.70 0.00 0.00 0.95 0.00 0.00 
  18    E  9.76 4.78 0.00 1.89 1.80 0.00 0.00 0.00 0.00 0.00 0.00 0.00 0.00 0.00 0.00 0.00 0.00 0.00 0.00 0.00 2.21 2.29 0.00 
  19    P  0.00 4.45 0.00 2.17 2.11 0.00 3.58 0.00 0.00 3.82 0.00 0.00 0.00 0.00 0.00 0.00 0.00 0.00 0.00 0.00 2.11 2.08 0.00 
  20    S  7.89 4.48 0.00 3.97 3.97 0.00 0.00 0.00 0.00 0.00 0.00 0.00 0.00 0.00 0.00 0.00 0.00 0.00 0.00 0.00 0.00 0.00 0.00 
  21    D  8.34 4.51 0.00 2.68 2.62 0.00 0.00 0.00 0.00 0.00 0.00 0.00 0.00 0.00 0.00 0.00 0.00 0.00 0.00 0.00 0.00 0.00 0.00 
  22    T  8.14 4.71 4.24 0.00 0.00 0.00 0.00 0.00 0.00 0.00 0.00 0.00 0.00 0.00 0.00 0.00 0.00 0.00 0.00 0.00 1.22 0.00 0.00 
  23    I  8.22 3.67 1.87 0.00 0.00 0.81 0.00 0.00 0.00 0.00 0.00 0.00 0.00 0.00 0.00 0.00 0.00 0.00 1.71 1.00 0.93 0.00 0.00 
  24    E  8.17 3.90 0.00 2.03 1.94 0.00 0.00 0.00 0.00 0.00 0.00 0.00 0.00 0.00 0.00 0.00 0.00 0.00 0.00 0.00 2.38 2.37 0.00 
  25    N  8.04 4.29 0.00 2.83 2.79 0.00 0.00 6.80 7.67 0.00 0.00 0.00 0.00 0.00 0.00 0.00 0.00 0.00 0.00 0.00 0.00 0.00 0.00 
  26    V  7.97 3.59 2.08 0.00 0.00 0.00 0.00 0.00 0.00 0.00 0.00 0.00 0.00 0.00 0.00 0.00 0.00 0.95 0.00 0.00 0.98 0.00 0.00 
  27    K  8.36 3.95 0.00 1.83 1.84 0.00 1.72 0.00 0.00 1.65 0.00 0.00 2.96 0.00 0.00 2.94 0.00 0.00 0.00 0.00 1.46 1.46 7.81 
  28    A  8.05 3.99 1.32 0.00 0.00 0.00 0.00 0.00 0.00 0.00 0.00 0.00 0.00 0.00 0.00 0.00 0.00 0.00 0.00 0.00 0.00 0.00 0.00 
  29    K  8.11 3.96 0.00 1.82 1.87 0.00 1.67 0.00 0.00 1.65 0.00 0.00 2.94 0.00 0.00 3.00 0.00 0.00 0.00 0.00 1.46 1.48 7.81 
  30    I  7.77 3.72 1.87 0.00 0.00 0.85 0.00 0.00 0.00 0.00 0.00 0.00 0.00 0.00 0.00 0.00 0.00 0.00 1.39 0.98 0.93 0.00 0.00 
  31    Q  8.31 4.03 0.00 2.10 2.09 0.00 0.00 0.00 0.00 0.00 0.00 0.00 0.00 7.35 6.80 0.00 0.00 0.00 0.00 0.00 2.36 2.40 0.00 
  32    D  7.91 4.34 0.00 2.70 2.72 0.00 0.00 0.00 0.00 0.00 0.00 0.00 0.00 0.00 0.00 0.00 0.00 0.00 0.00 0.00 0.00 0.00 0.00 
  33    K  7.75 4.18 0.00 1.76 1.86 0.00 1.66 0.00 0.00 1.70 0.00 0.00 3.02 0.00 0.00 3.00 0.00 0.00 0.00 0.00 1.46 1.47 7.81 
  34    E  8.88 4.60 0.00 1.86 1.96 0.00 0.00 0.00 0.00 0.00 0.00 0.00 0.00 0.00 0.00 0.00 0.00 0.00 0.00 0.00 2.24 2.42 0.00 
  35    G  8.17 3.85 0.00 0.00 0.00 0.00 0.00 0.00 0.00 0.00 0.00 0.00 0.00 0.00 0.00 0.00 0.00 0.00 0.00 0.00 0.00 0.00 0.00 
  36    I  7.45 4.07 1.87 0.00 0.00 0.86 0.00 0.00 0.00 0.00 0.00 0.00 0.00 0.00 0.00 0.00 0.00 0.00 1.41 0.75 0.91 0.00 0.00 
  37    P  0.00 4.36 0.00 2.17 1.97 0.00 3.62 0.00 0.00 3.77 0.00 0.00 0.00 0.00 0.00 0.00 0.00 0.00 0.00 0.00 2.11 2.11 0.00 
  38    P  0.00 4.26 0.00 2.17 2.12 0.00 3.59 0.00 0.00 3.77 0.00 0.00 0.00 0.00 0.00 0.00 0.00 0.00 0.00 0.00 2.12 2.13 0.00 
  39    D  8.06 4.47 0.00 2.66 2.73 0.00 0.00 0.00 0.00 0.00 0.00 0.00 0.00 0.00 0.00 0.00 0.00 0.00 0.00 0.00 0.00 0.00 0.00 
  40    Q  8.29 4.45 0.00 2.08 2.11 0.00 0.00 0.00 0.00 0.00 0.00 0.00 0.00 7.96 6.78 0.00 0.00 0.00 0.00 0.00 2.30 2.45 0.00 
  41    Q  7.57 5.15 0.00 1.94 2.00 0.00 0.00 0.00 0.00 0.00 0.00 0.00 0.00 7.16 6.60 0.00 0.00 0.00 0.00 0.00 2.30 2.31 0.00 
  42    R  8.87 4.62 0.00 1.71 1.79 0.00 3.10 0.00 0.00 3.17 7.17 0.00 0.00 0.00 0.00 0.00 0.00 0.00 0.00 0.00 1.53 1.56 0.00 
  43    L  8.52 5.12 0.00 1.59 1.57 0.90 0.80 0.00 0.00 0.00 0.00 0.00 0.00 0.00 0.00 0.00 1.58 0.00 0.00 0.00 0.00 0.00 0.00 
  44    I  8.83 5.11 1.87 0.00 0.00 0.85 0.00 0.00 0.00 0.00 0.00 0.00 0.00 0.00 0.00 0.00 0.00 0.00 1.11 0.94 0.89 0.00 0.00 
  45    F  9.02 4.97 0.00 2.32 2.06 0.00 0.00 0.00 0.00 0.00 0.00 0.00 0.00 0.00 0.00 0.00 0.00 0.00 0.00 0.00 0.00 0.00 0.00 
  46    A  8.79 3.45 1.32 0.00 0.00 0.00 0.00 0.00 0.00 0.00 0.00 0.00 0.00 0.00 0.00 0.00 0.00 0.00 0.00 0.00 0.00 0.00 0.00 
  47    G  8.29 3.92 0.00 0.00 0.00 0.00 0.00 0.00 0.00 0.00 0.00 0.00 0.00 0.00 0.00 0.00 0.00 0.00 0.00 0.00 0.00 0.00 0.00 
  48    K  7.97 4.59 0.00 1.77 1.69 0.00 1.66 0.00 0.00 1.57 0.00 0.00 2.88 0.00 0.00 2.88 0.00 0.00 0.00 0.00 1.35 1.33 7.81 
  49    Q  8.54 4.53 0.00 2.06 2.00 0.00 0.00 0.00 0.00 0.00 0.00 0.00 0.00 7.70 6.88 0.00 0.00 0.00 0.00 0.00 2.34 2.39 0.00 
  50    L  8.69 4.20 0.00 1.53 1.57 0.72 -0.54 0.00 0.00 0.00 0.00 0.00 0.00 0.00 0.00 0.00 1.54 0.00 0.00 0.00 0.00 0.00 0.00 
  51    E  8.60 4.59 0.00 1.91 1.85 0.00 0.00 0.00 0.00 0.00 0.00 0.00 0.00 0.00 0.00 0.00 0.00 0.00 0.00 0.00 2.28 2.28 0.00 
  52    D  8.95 4.38 0.00 2.64 2.73 0.00 0.00 0.00 0.00 0.00 0.00 0.00 0.00 0.00 0.00 0.00 0.00 0.00 0.00 0.00 0.00 0.00 0.00 
  53    G  8.05 3.94 0.00 0.00 0.00 0.00 0.00 0.00 0.00 0.00 0.00 0.00 0.00 0.00 0.00 0.00 0.00 0.00 0.00 0.00 0.00 0.00 0.00 
  54    R  7.74 4.63 0.00 1.77 1.83 0.00 3.26 0.00 0.00 3.22 7.39 0.00 0.00 0.00 0.00 0.00 0.00 0.00 0.00 0.00 1.55 1.67 0.00 
  55    T  8.07 4.94 4.24 0.00 0.00 0.00 0.00 0.00 0.00 0.00 0.00 0.00 0.00 0.00 0.00 0.00 0.00 0.00 0.00 0.00 1.21 0.00 0.00 
  56    L  8.43 4.06 0.00 1.74 1.76 0.98 1.00 0.00 0.00 0.00 0.00 0.00 0.00 0.00 0.00 0.00 1.69 0.00 0.00 0.00 0.00 0.00 0.00 
  57    S  8.13 4.16 0.00 3.88 3.91 0.00 0.00 0.00 0.00 0.00 0.00 0.00 0.00 0.00 0.00 0.00 0.00 0.00 0.00 0.00 0.00 0.00 0.00 
  58    D  7.71 4.28 0.00 2.61 2.74 0.00 0.00 0.00 0.00 0.00 0.00 0.00 0.00 0.00 0.00 0.00 0.00 0.00 0.00 0.00 0.00 0.00 0.00 
  59    Y  7.53 4.45 0.00 2.29 2.30 0.00 0.00 0.00 0.00 0.00 0.00 0.00 0.00 0.00 0.00 0.00 0.00 0.00 0.00 0.00 0.00 0.00 0.00 
  60    N  8.02 4.11 0.00 2.80 2.83 0.00 0.00 7.11 7.50 0.00 0.00 0.00 0.00 0.00 0.00 0.00 0.00 0.00 0.00 0.00 0.00 0.00 0.00 
  61    I  7.69 3.73 1.87 0.00 0.00 0.53 0.00 0.00 0.00 0.00 0.00 0.00 0.00 0.00 0.00 0.00 0.00 0.00 0.06 0.29 0.73 0.00 0.00 
  62    Q  8.24 4.64 0.00 2.11 2.00 0.00 0.00 0.00 0.00 0.00 0.00 0.00 0.00 7.81 6.93 0.00 0.00 0.00 0.00 0.00 2.28 2.26 0.00 
  63    K  8.40 4.00 0.00 1.86 1.84 0.00 1.69 0.00 0.00 1.70 0.00 0.00 3.01 0.00 0.00 3.04 0.00 0.00 0.00 0.00 1.41 1.49 7.81 
  64    E  9.04 4.09 0.00 2.15 2.11 0.00 0.00 0.00 0.00 0.00 0.00 0.00 0.00 0.00 0.00 0.00 0.00 0.00 0.00 0.00 2.23 2.41 0.00 
  65    S  7.91 4.62 0.00 3.80 3.77 0.00 0.00 0.00 0.00 0.00 0.00 0.00 0.00 0.00 0.00 0.00 0.00 0.00 0.00 0.00 0.00 0.00 0.00 
  66    T  8.65 5.13 4.24 0.00 0.00 0.00 0.00 0.00 0.00 0.00 0.00 0.00 0.00 0.00 0.00 0.00 0.00 0.00 0.00 0.00 1.21 0.00 0.00 
  67    L  9.81 4.95 0.00 1.45 1.55 1.00 0.83 0.00 0.00 0.00 0.00 0.00 0.00 0.00 0.00 0.00 1.61 0.00 0.00 0.00 0.00 0.00 0.00 
  68    H  8.94 5.29 0.00 2.88 2.93 0.00 5.78 0.00 0.00 0.00 0.00 6.77 0.00 0.00 0.00 0.00 0.00 0.00 0.00 0.00 0.00 0.00 0.00 
  69    L  8.86 5.06 0.00 1.59 1.53 0.98 0.89 0.00 0.00 0.00 0.00 0.00 0.00 0.00 0.00 0.00 1.36 0.00 0.00 0.00 0.00 0.00 0.00 
  70    V  8.79 4.51 2.08 0.00 0.00 0.00 0.00 0.00 0.00 0.00 0.00 0.00 0.00 0.00 0.00 0.00 0.00 1.02 0.00 0.00 0.94 0.00 0.00 
  71    L  8.52 5.01 0.00 1.56 1.58 0.92 0.87 0.00 0.00 0.00 0.00 0.00 0.00 0.00 0.00 0.00 1.60 0.00 0.00 0.00 0.00 0.00 0.00 
  72    R  8.89 4.68 0.00 1.76 1.79 0.00 3.20 0.00 0.00 3.22 7.19 0.00 0.00 0.00 0.00 0.00 0.00 0.00 0.00 0.00 1.55 1.58 0.00 
  73    L  8.47 4.99 0.00 1.62 1.51 0.92 0.83 0.00 0.00 0.00 0.00 0.00 0.00 0.00 0.00 0.00 1.38 0.00 0.00 0.00 0.00 0.00 0.00 
  74    R  8.45 4.50 0.00 1.71 1.75 0.00 3.22 0.00 0.00 3.23 7.33 0.00 0.00 0.00 0.00 0.00 0.00 0.00 0.00 0.00 1.49 1.58 0.00 
  75    G  8.54 4.00 0.00 0.00 0.00 0.00 0.00 0.00 0.00 0.00 0.00 0.00 0.00 0.00 0.00 0.00 0.00 0.00 0.00 0.00 0.00 0.00 0.00 
  76    G  8.39 3.73 0.00 0.00 0.00 0.00 0.00 0.00 0.00 0.00 0.00 0.00 0.00 0.00 0.00 0.00 0.00 0.00 0.00 0.00 0.00 0.00 0.00 
