   NUM RES   HA     H       N        CA      CB       C
 --- --- ------ ------ -------- ------- ------- --------
  1     M  4.4762 8.1633 118.3266 55.2901 33.4257 173.7126
  2     Q  4.8034 8.2921 118.8596 52.8301 31.0701 173.1921
  3     I  4.9284 9.0968 116.9355 59.0760 42.1555 173.5379
  4     F  5.2925 9.0701 120.4551 55.6237 42.7011 174.5659
  5     V  5.1501 9.1310 122.7433 61.1601 34.1827 174.2967
  6     K  5.1306 8.9814 127.7174 55.2915 34.4937 176.0782
  7     T  4.8472 8.7287 114.3906 59.8651 71.2096 175.7480
  8     L  4.0866 8.6448 121.6893 57.4067 41.7172 178.3038
  9     T  4.2346 7.9370 106.8548 61.4005 69.1439 175.3236
  10    G  3.8838 8.2312 110.3535 45.4092  0.0000 173.2360
  11    K  4.4492 7.9313 121.1272 55.5370 33.9330 175.5065
  12    T  5.1192 8.4685 122.3721 61.8859 71.0889 173.3525
  13    I  4.6021 9.1575 127.2255 59.8547 40.1470 174.5751
  14    T  4.8112 8.5053 122.4584 61.9526 70.1742 173.9877
  15    L  4.7891 8.5105 125.3109 52.7943 46.0888 174.8973
  16    E  4.7080 8.6226 122.5721 54.8961 30.7905 175.2636
  17    V  4.7450 9.0910 119.5086 59.9940 36.4548 174.2421
  18    E  4.7664 9.1800 120.6801 53.9322 32.4169 176.1799
  19    P  4.1614 0.0000   0.0000 65.3979 31.5799 178.1216
  20    S  4.4683 7.8686 110.1719 58.5230 63.8437 174.0714
  21    D  4.4954 8.1225 123.3084 54.5384 41.3641 176.0135
  22    T  4.6950 8.1488 113.2623 61.0141 71.5114 176.0756
  23    I  3.7057 8.3143 123.4258 64.6175 37.1222 178.4472
  24    E  3.9133 8.1973 119.6979 59.2329 29.4378 178.3072
  25    N  4.2862 8.0511 117.0597 56.5987 39.0412 177.0291
  26    V  3.5781 7.8927 119.7531 65.9723 31.5329 178.0841
  27    K  3.9408 8.4222 118.2921 59.4526 31.8733 179.1278
  28    A  3.9899 7.9525 121.0277 55.0913 18.3979 179.8665
  29    K  3.9520 8.0124 117.0719 59.6280 32.0916 179.6800
  30    I  3.7322 7.7836 120.2001 64.2546 36.9038 178.1856
  31    Q  4.0576 8.2954 120.5658 59.3877 28.6631 178.1089
  32    D  4.3414 7.8669 118.6729 57.3305 40.9137 178.6367
  33    K  4.1785 7.7290 117.4060 58.5243 32.3994 178.3122
  34    E  4.6011 8.8085 116.1699 55.2432 30.9315 177.2576
  35    G  3.8539 8.1395 106.8013 45.4833  0.0000 173.2442
  36    I  4.0908 7.4518 120.5281 59.2201 37.6236 174.1343
  37    P  4.3489 0.0000   0.0000 61.9506 32.0868 175.6555
  38    P  4.2481 0.0000   0.0000 65.9371 31.3929 178.1244
  39    D  4.4920 8.0654 115.9794 56.3561 41.1814 176.7292
  40    Q  4.4437 8.3834 117.6628 55.7216 29.3507 174.5623
  41    Q  5.0309 7.5611 117.2608 54.1131 31.1257 175.1432
  42    R  4.5646 8.9296 123.0797 54.5971 33.2655 173.6834
  43    L  5.2020 8.5411 126.1412 53.2765 44.1572 175.4943
  44    I  5.0453 8.8425 123.9994 59.5086 41.3211 174.3245
  45    F  5.0534 8.8256 127.1252 57.1180 42.9599 174.3097
  46    A  3.4197 8.9562 127.9257 52.9769 15.9268 177.8525
  47    G  3.9045 8.3692 106.5024 46.5139  0.0000 174.2122
  48    K  4.5417 7.8062 119.6072 54.5610 34.7009 175.0576
  49    Q  4.5622 8.4718 123.4919 55.9618 29.6622 175.0185
  50    L  4.1273 8.5002 127.2703 54.1580 42.6788 176.4205
  51    E  4.5681 8.9541 122.8144 55.3970 30.9100 177.5668
  52    D  4.4146 8.9621 122.0952 56.7972 41.1424 177.5610
  53    G  3.9298 8.0638 105.9403 45.4025  0.0000 173.2783
  54    R  4.5619 7.7605 119.5036 54.4879 32.7301 175.1435
  55    T  4.9342 8.0397 109.3692 59.7835 71.3910 175.8234
  56    L  4.0910 8.4333 122.1064 58.1040 41.5081 180.1742
  57    S  4.1626 8.1107 114.0478 61.5170 62.5741 176.2625
  58    D  4.2556 7.5347 121.8056 56.5119 40.4147 177.1936
  59    Y  4.7012 7.4053 115.3388 56.2856 38.4549 174.9772
  60    N  4.1849 8.0526 115.9233 53.6648 36.8898 174.4484
  61    I  3.7702 7.7756 118.4631 62.0533 38.1277 175.9527
  62    Q  4.6188 8.2008 123.9626 53.0939 31.1858 175.0328
  63    K  3.9419 8.3764 118.0120 58.9283 32.5278 176.3541
  64    E  4.0965 8.9429 119.5472 57.6179 27.6043 174.8405
  65    S  4.6244 7.8184 114.4603 58.8226 64.3700 173.2485
  66    T  5.1469 8.7116 119.1642 62.0839 70.3045 173.9324
  67    L  4.9658 9.7410 127.0748 53.5756 44.9533 174.9519
  68    H  5.1398 9.0195 117.9955 54.0102 31.5554 172.8598
  69    L  5.0340 8.6780 125.4656 53.3992 43.6025 175.6254
  70    V  4.5700 9.0431 125.7061 61.0960 34.9411 173.8644
  71    L  5.1310 8.4692 125.2892 53.0947 43.6737 175.6824
  72    R  4.7062 8.3946 122.5102 54.4617 32.5145 174.8285
  73    L  4.8207 8.5572 124.7944 52.7878 44.6651 175.8050
  74    R  4.4947 8.4350 121.8061 54.4254 32.6135 175.4079
  75    G  3.9731 8.5128 114.2950 43.9615  0.0000 173.7313
  76    G  3.7193 8.4161 107.0893 45.7755  0.0000 173.6847

  NUM RES  H    HA   HB   HB2  HB3  HD1  HD2  HD21 HD22 HD3  HE   HE1  HE2  HE21 HE22 HE3  HG   HG1  HG12 HG13 HG2  HG3  HZ   
  1     M  8.16 4.48 0.00 2.11 2.26 0.00 0.00 0.00 0.00 0.00 -0.21 0.00 0.00 0.00 0.00 0.00 0.00 0.00 0.00 0.00 2.55 2.58 0.00 
  2     Q  8.29 4.80 0.00 2.11 2.04 0.00 0.00 0.00 0.00 0.00 0.00 0.00 0.00 7.24 6.69 0.00 0.00 0.00 0.00 0.00 2.38 2.42 0.00 
  3     I  9.10 4.93 1.87 0.00 0.00 0.78 0.00 0.00 0.00 0.00 0.00 0.00 0.00 0.00 0.00 0.00 0.00 0.00 1.10 0.60 0.81 0.00 0.00 
  4     F  9.07 5.29 0.00 2.16 2.17 0.00 0.00 0.00 0.00 0.00 0.00 0.00 0.00 0.00 0.00 0.00 0.00 0.00 0.00 0.00 0.00 0.00 0.00 
  5     V  9.13 5.15 2.08 0.00 0.00 0.00 0.00 0.00 0.00 0.00 0.00 0.00 0.00 0.00 0.00 0.00 0.00 1.09 0.00 0.00 0.93 0.00 0.00 
  6     K  8.98 5.13 0.00 1.74 1.69 0.00 1.69 0.00 0.00 1.70 0.00 0.00 2.91 0.00 0.00 2.90 0.00 0.00 0.00 0.00 1.38 1.37 7.81 
  7     T  8.73 4.85 4.24 0.00 0.00 0.00 0.00 0.00 0.00 0.00 0.00 0.00 0.00 0.00 0.00 0.00 0.00 0.00 0.00 0.00 1.28 0.00 0.00 
  8     L  8.64 4.09 0.00 1.66 1.78 0.93 0.86 0.00 0.00 0.00 0.00 0.00 0.00 0.00 0.00 0.00 1.88 0.00 0.00 0.00 0.00 0.00 0.00 
  9     T  7.94 4.23 4.24 0.00 0.00 0.00 0.00 0.00 0.00 0.00 0.00 0.00 0.00 0.00 0.00 0.00 0.00 0.00 0.00 0.00 1.22 0.00 0.00 
  10    G  8.23 3.88 0.00 0.00 0.00 0.00 0.00 0.00 0.00 0.00 0.00 0.00 0.00 0.00 0.00 0.00 0.00 0.00 0.00 0.00 0.00 0.00 0.00 
  11    K  7.93 4.45 0.00 1.87 1.67 0.00 1.58 0.00 0.00 1.65 0.00 0.00 2.87 0.00 0.00 2.86 0.00 0.00 0.00 0.00 1.39 1.41 7.81 
  12    T  8.47 5.12 4.24 0.00 0.00 0.00 0.00 0.00 0.00 0.00 0.00 0.00 0.00 0.00 0.00 0.00 0.00 0.00 0.00 0.00 1.31 0.00 0.00 
  13    I  9.16 4.60 1.87 0.00 0.00 0.87 0.00 0.00 0.00 0.00 0.00 0.00 0.00 0.00 0.00 0.00 0.00 0.00 1.25 0.82 0.92 0.00 0.00 
  14    T  8.51 4.81 4.24 0.00 0.00 0.00 0.00 0.00 0.00 0.00 0.00 0.00 0.00 0.00 0.00 0.00 0.00 0.00 0.00 0.00 0.88 0.00 0.00 
  15    L  8.51 4.79 0.00 1.54 1.50 0.89 0.78 0.00 0.00 0.00 0.00 0.00 0.00 0.00 0.00 0.00 1.33 0.00 0.00 0.00 0.00 0.00 0.00 
  16    E  8.62 4.71 0.00 1.96 1.84 0.00 0.00 0.00 0.00 0.00 0.00 0.00 0.00 0.00 0.00 0.00 0.00 0.00 0.00 0.00 2.21 2.31 0.00 
  17    V  9.09 4.75 2.08 0.00 0.00 0.00 0.00 0.00 0.00 0.00 0.00 0.00 0.00 0.00 0.00 0.00 0.00 0.64 0.00 0.00 0.92 0.00 0.00 
  18    E  9.18 4.77 0.00 1.83 1.80 0.00 0.00 0.00 0.00 0.00 0.00 0.00 0.00 0.00 0.00 0.00 0.00 0.00 0.00 0.00 2.21 2.39 0.00 
  19    P  0.00 4.16 0.00 2.17 2.10 0.00 3.58 0.00 0.00 3.82 0.00 0.00 0.00 0.00 0.00 0.00 0.00 0.00 0.00 0.00 2.11 2.08 0.00 
  20    S  7.87 4.47 0.00 3.97 3.97 0.00 0.00 0.00 0.00 0.00 0.00 0.00 0.00 0.00 0.00 0.00 0.00 0.00 0.00 0.00 0.00 0.00 0.00 
  21    D  8.12 4.50 0.00 2.72 2.62 0.00 0.00 0.00 0.00 0.00 0.00 0.00 0.00 0.00 0.00 0.00 0.00 0.00 0.00 0.00 0.00 0.00 0.00 
  22    T  8.15 4.70 4.24 0.00 0.00 0.00 0.00 0.00 0.00 0.00 0.00 0.00 0.00 0.00 0.00 0.00 0.00 0.00 0.00 0.00 1.21 0.00 0.00 
  23    I  8.31 3.71 1.87 0.00 0.00 0.91 0.00 0.00 0.00 0.00 0.00 0.00 0.00 0.00 0.00 0.00 0.00 0.00 1.78 1.19 0.97 0.00 0.00 
  24    E  8.20 3.91 0.00 2.07 1.94 0.00 0.00 0.00 0.00 0.00 0.00 0.00 0.00 0.00 0.00 0.00 0.00 0.00 0.00 0.00 2.38 2.43 0.00 
  25    N  8.05 4.29 0.00 2.83 2.79 0.00 0.00 6.80 7.63 0.00 0.00 0.00 0.00 0.00 0.00 0.00 0.00 0.00 0.00 0.00 0.00 0.00 0.00 
  26    V  7.89 3.58 2.08 0.00 0.00 0.00 0.00 0.00 0.00 0.00 0.00 0.00 0.00 0.00 0.00 0.00 0.00 1.04 0.00 0.00 0.96 0.00 0.00 
  27    K  8.42 3.94 0.00 1.82 1.84 0.00 1.72 0.00 0.00 1.65 0.00 0.00 2.96 0.00 0.00 2.94 0.00 0.00 0.00 0.00 1.46 1.46 7.81 
  28    A  7.95 3.99 1.32 0.00 0.00 0.00 0.00 0.00 0.00 0.00 0.00 0.00 0.00 0.00 0.00 0.00 0.00 0.00 0.00 0.00 0.00 0.00 0.00 
  29    K  8.01 3.95 0.00 1.83 1.87 0.00 1.67 0.00 0.00 1.65 0.00 0.00 2.94 0.00 0.00 3.00 0.00 0.00 0.00 0.00 1.46 1.48 7.81 
  30    I  7.78 3.73 1.87 0.00 0.00 0.86 0.00 0.00 0.00 0.00 0.00 0.00 0.00 0.00 0.00 0.00 0.00 0.00 1.40 0.85 0.95 0.00 0.00 
  31    Q  8.30 4.06 0.00 2.11 2.09 0.00 0.00 0.00 0.00 0.00 0.00 0.00 0.00 7.35 6.80 0.00 0.00 0.00 0.00 0.00 2.36 2.40 0.00 
  32    D  7.87 4.34 0.00 2.70 2.72 0.00 0.00 0.00 0.00 0.00 0.00 0.00 0.00 0.00 0.00 0.00 0.00 0.00 0.00 0.00 0.00 0.00 0.00 
  33    K  7.73 4.18 0.00 1.77 1.86 0.00 1.66 0.00 0.00 1.70 0.00 0.00 3.02 0.00 0.00 3.00 0.00 0.00 0.00 0.00 1.46 1.47 7.81 
  34    E  8.81 4.60 0.00 1.85 1.96 0.00 0.00 0.00 0.00 0.00 0.00 0.00 0.00 0.00 0.00 0.00 0.00 0.00 0.00 0.00 2.24 2.43 0.00 
  35    G  8.14 3.85 0.00 0.00 0.00 0.00 0.00 0.00 0.00 0.00 0.00 0.00 0.00 0.00 0.00 0.00 0.00 0.00 0.00 0.00 0.00 0.00 0.00 
  36    I  7.45 4.09 1.87 0.00 0.00 0.87 0.00 0.00 0.00 0.00 0.00 0.00 0.00 0.00 0.00 0.00 0.00 0.00 1.42 0.76 0.91 0.00 0.00 
  37    P  0.00 4.35 0.00 2.17 1.98 0.00 3.62 0.00 0.00 3.77 0.00 0.00 0.00 0.00 0.00 0.00 0.00 0.00 0.00 0.00 2.11 2.11 0.00 
  38    P  0.00 4.25 0.00 2.17 2.12 0.00 3.59 0.00 0.00 3.77 0.00 0.00 0.00 0.00 0.00 0.00 0.00 0.00 0.00 0.00 2.12 2.13 0.00 
  39    D  8.07 4.49 0.00 2.66 2.73 0.00 0.00 0.00 0.00 0.00 0.00 0.00 0.00 0.00 0.00 0.00 0.00 0.00 0.00 0.00 0.00 0.00 0.00 
  40    Q  8.38 4.44 0.00 2.08 2.11 0.00 0.00 0.00 0.00 0.00 0.00 0.00 0.00 7.94 6.78 0.00 0.00 0.00 0.00 0.00 2.30 2.31 0.00 
  41    Q  7.56 5.03 0.00 1.95 2.00 0.00 0.00 0.00 0.00 0.00 0.00 0.00 0.00 7.65 6.78 0.00 0.00 0.00 0.00 0.00 2.30 2.28 0.00 
  42    R  8.93 4.56 0.00 1.83 1.73 0.00 3.07 0.00 0.00 3.17 7.17 0.00 0.00 0.00 0.00 0.00 0.00 0.00 0.00 0.00 1.50 1.57 0.00 
  43    L  8.54 5.20 0.00 1.63 1.55 0.92 0.76 0.00 0.00 0.00 0.00 0.00 0.00 0.00 0.00 0.00 1.58 0.00 0.00 0.00 0.00 0.00 0.00 
  44    I  8.84 5.05 1.87 0.00 0.00 0.85 0.00 0.00 0.00 0.00 0.00 0.00 0.00 0.00 0.00 0.00 0.00 0.00 1.10 0.74 0.88 0.00 0.00 
  45    F  8.83 5.05 0.00 2.35 2.06 0.00 0.00 0.00 0.00 0.00 0.00 0.00 0.00 0.00 0.00 0.00 0.00 0.00 0.00 0.00 0.00 0.00 0.00 
  46    A  8.96 3.42 1.32 0.00 0.00 0.00 0.00 0.00 0.00 0.00 0.00 0.00 0.00 0.00 0.00 0.00 0.00 0.00 0.00 0.00 0.00 0.00 0.00 
  47    G  8.37 3.90 0.00 0.00 0.00 0.00 0.00 0.00 0.00 0.00 0.00 0.00 0.00 0.00 0.00 0.00 0.00 0.00 0.00 0.00 0.00 0.00 0.00 
  48    K  7.81 4.54 0.00 1.90 1.90 0.00 1.31 0.00 0.00 1.57 0.00 0.00 2.88 0.00 0.00 2.88 0.00 0.00 0.00 0.00 1.31 1.33 7.81 
  49    Q  8.47 4.56 0.00 2.09 2.05 0.00 0.00 0.00 0.00 0.00 0.00 0.00 0.00 7.68 6.92 0.00 0.00 0.00 0.00 0.00 2.34 2.39 0.00 
  50    L  8.50 4.13 0.00 1.56 1.58 0.77 -0.09 0.00 0.00 0.00 0.00 0.00 0.00 0.00 0.00 0.00 1.53 0.00 0.00 0.00 0.00 0.00 0.00 
  51    E  8.95 4.57 0.00 1.94 1.85 0.00 0.00 0.00 0.00 0.00 0.00 0.00 0.00 0.00 0.00 0.00 0.00 0.00 0.00 0.00 2.28 2.28 0.00 
  52    D  8.96 4.41 0.00 2.66 2.73 0.00 0.00 0.00 0.00 0.00 0.00 0.00 0.00 0.00 0.00 0.00 0.00 0.00 0.00 0.00 0.00 0.00 0.00 
  53    G  8.06 3.93 0.00 0.00 0.00 0.00 0.00 0.00 0.00 0.00 0.00 0.00 0.00 0.00 0.00 0.00 0.00 0.00 0.00 0.00 0.00 0.00 0.00 
  54    R  7.76 4.56 0.00 1.78 1.83 0.00 3.26 0.00 0.00 3.22 7.39 0.00 0.00 0.00 0.00 0.00 0.00 0.00 0.00 0.00 1.55 1.67 0.00 
  55    T  8.04 4.93 4.24 0.00 0.00 0.00 0.00 0.00 0.00 0.00 0.00 0.00 0.00 0.00 0.00 0.00 0.00 0.00 0.00 0.00 1.19 0.00 0.00 
  56    L  8.43 4.09 0.00 1.74 1.76 0.96 0.99 0.00 0.00 0.00 0.00 0.00 0.00 0.00 0.00 0.00 1.68 0.00 0.00 0.00 0.00 0.00 0.00 
  57    S  8.11 4.16 0.00 4.06 4.13 0.00 0.00 0.00 0.00 0.00 0.00 0.00 0.00 0.00 0.00 0.00 0.00 0.00 0.00 0.00 0.00 0.00 0.00 
  58    D  7.53 4.26 0.00 2.62 2.78 0.00 0.00 0.00 0.00 0.00 0.00 0.00 0.00 0.00 0.00 0.00 0.00 0.00 0.00 0.00 0.00 0.00 0.00 
  59    Y  7.41 4.70 0.00 2.29 2.30 0.00 0.00 0.00 0.00 0.00 0.00 0.00 0.00 0.00 0.00 0.00 0.00 0.00 0.00 0.00 0.00 0.00 0.00 
  60    N  8.05 4.18 0.00 2.95 2.94 0.00 0.00 7.01 7.64 0.00 0.00 0.00 0.00 0.00 0.00 0.00 0.00 0.00 0.00 0.00 0.00 0.00 0.00 
  61    I  7.78 3.77 1.87 0.00 0.00 0.59 0.00 0.00 0.00 0.00 0.00 0.00 0.00 0.00 0.00 0.00 0.00 0.00 0.17 0.42 0.59 0.00 0.00 
  62    Q  8.20 4.62 0.00 2.09 2.00 0.00 0.00 0.00 0.00 0.00 0.00 0.00 0.00 7.82 6.94 0.00 0.00 0.00 0.00 0.00 2.28 2.26 0.00 
  63    K  8.38 3.94 0.00 1.86 1.84 0.00 1.69 0.00 0.00 1.70 0.00 0.00 3.01 0.00 0.00 3.04 0.00 0.00 0.00 0.00 1.41 1.49 7.81 
  64    E  8.94 4.10 0.00 2.14 2.11 0.00 0.00 0.00 0.00 0.00 0.00 0.00 0.00 0.00 0.00 0.00 0.00 0.00 0.00 0.00 2.23 2.26 0.00 
  65    S  7.82 4.62 0.00 3.80 3.77 0.00 0.00 0.00 0.00 0.00 0.00 0.00 0.00 0.00 0.00 0.00 0.00 0.00 0.00 0.00 0.00 0.00 0.00 
  66    T  8.71 5.15 4.24 0.00 0.00 0.00 0.00 0.00 0.00 0.00 0.00 0.00 0.00 0.00 0.00 0.00 0.00 0.00 0.00 0.00 1.24 0.00 0.00 
  67    L  9.74 4.97 0.00 1.47 1.55 0.79 0.79 0.00 0.00 0.00 0.00 0.00 0.00 0.00 0.00 0.00 1.62 0.00 0.00 0.00 0.00 0.00 0.00 
  68    H  9.02 5.14 0.00 2.88 2.93 0.00 5.78 0.00 0.00 0.00 0.00 6.76 0.00 0.00 0.00 0.00 0.00 0.00 0.00 0.00 0.00 0.00 0.00 
  69    L  8.68 5.03 0.00 1.62 1.54 0.99 0.78 0.00 0.00 0.00 0.00 0.00 0.00 0.00 0.00 0.00 1.39 0.00 0.00 0.00 0.00 0.00 0.00 
  70    V  9.04 4.57 2.08 0.00 0.00 0.00 0.00 0.00 0.00 0.00 0.00 0.00 0.00 0.00 0.00 0.00 0.00 1.00 0.00 0.00 0.94 0.00 0.00 
  71    L  8.47 5.13 0.00 1.55 1.55 0.93 0.82 0.00 0.00 0.00 0.00 0.00 0.00 0.00 0.00 0.00 1.56 0.00 0.00 0.00 0.00 0.00 0.00 
  72    R  8.39 4.71 0.00 1.79 1.76 0.00 3.20 0.00 0.00 3.22 7.19 0.00 0.00 0.00 0.00 0.00 0.00 0.00 0.00 0.00 1.52 1.56 0.00 
  73    L  8.56 4.82 0.00 1.63 1.52 0.92 0.83 0.00 0.00 0.00 0.00 0.00 0.00 0.00 0.00 0.00 1.40 0.00 0.00 0.00 0.00 0.00 0.00 
  74    R  8.43 4.49 0.00 1.71 1.75 0.00 3.22 0.00 0.00 3.23 7.33 0.00 0.00 0.00 0.00 0.00 0.00 0.00 0.00 0.00 1.49 1.58 0.00 
  75    G  8.51 3.97 0.00 0.00 0.00 0.00 0.00 0.00 0.00 0.00 0.00 0.00 0.00 0.00 0.00 0.00 0.00 0.00 0.00 0.00 0.00 0.00 0.00 
  76    G  8.42 3.72 0.00 0.00 0.00 0.00 0.00 0.00 0.00 0.00 0.00 0.00 0.00 0.00 0.00 0.00 0.00 0.00 0.00 0.00 0.00 0.00 0.00 
