   NUM RES   HA     H       N        CA      CB       C
 --- --- ------ ------ -------- ------- ------- --------
  1     M  4.4753 8.1633 118.3267 55.2781 33.4246 173.7574
  2     Q  4.7961 8.2834 118.9268 52.9227 31.0758 173.2015
  3     I  4.8035 9.0018 116.7386 59.0448 42.3184 173.5639
  4     F  5.4678 9.0668 120.5548 55.6578 42.7661 174.5168
  5     V  4.8754 9.0207 122.6502 61.1493 34.2530 174.2413
  6     K  5.1352 8.9806 127.7945 55.2834 34.4300 176.2269
  7     T  4.8084 8.7184 114.7889 59.9386 71.1195 175.8024
  8     L  4.0840 8.6243 121.5321 57.4033 41.6949 178.3505
  9     T  4.2122 7.9125 106.6237 61.5127 69.2786 175.3279
  10    G  3.8990 8.2099 110.7377 45.2818  0.0000 173.1754
  11    K  4.4428 8.1036 121.0526 55.5576 33.9148 175.5335
  12    T  5.1569 8.4542 122.2329 61.8737 71.1179 173.3158
  13    I  4.6108 9.0526 127.1993 59.8517 40.1858 174.5594
  14    T  4.8955 8.5359 122.4987 61.9993 70.2383 173.9965
  15    L  4.8275 8.4560 125.0946 52.9080 46.1265 175.1768
  16    E  4.9185 8.6349 121.0808 55.1893 30.7026 175.7528
  17    V  4.7160 8.9174 117.3009 59.8975 36.4405 174.3539
  18    E  4.7669 9.4902 120.7657 53.9244 32.4471 176.1447
  19    P  4.1228 0.0000   0.0000 65.4775 31.5765 177.9288
  20    S  4.4513 7.8679 110.0239 58.5216 63.0230 173.6798
  21    D  4.5237 8.1357 121.0764 55.1021 41.4149 175.9586
  22    T  4.7197 8.0242 112.1852 61.0032 71.4370 176.2376
  23    I  3.6817 8.3677 123.5816 64.5829 37.1217 178.4290
  24    E  3.9311 8.1648 119.6639 59.3926 29.4885 178.5220
  25    N  4.3417 8.1206 116.5756 56.1898 38.5853 177.5605
  26    V  3.5729 7.8110 119.6519 65.9599 31.5564 178.1935
  27    K  3.9425 8.4327 118.3901 59.4575 31.8910 179.1500
  28    A  3.9802 8.0720 121.0081 55.0860 18.3742 179.8703
  29    K  3.9605 8.0603 117.0512 59.6240 32.0797 179.6854
  30    I  3.7289 7.7534 120.2073 64.2461 36.9004 178.1879
  31    Q  4.0509 8.2510 120.6421 59.3812 28.6649 178.1060
  32    D  4.3462 7.9223 118.6325 57.3367 40.9182 178.6280
  33    K  4.1838 7.8368 117.5068 58.4859 32.4046 178.2977
  34    E  4.6066 8.8129 116.1466 55.1914 30.9883 177.2647
  35    G  3.8548 8.1787 106.8576 45.4828  0.0000 173.2957
  36    I  4.0759 7.4581 120.5778 59.3192 37.6515 174.1630
  37    P  4.3889 0.0000   0.0000 61.8854 32.0426 175.8369
  38    P  4.2973 0.0000   0.0000 65.8208 31.4287 178.3148
  39    D  4.4801 8.0615 116.2192 56.4810 41.1737 176.5904
  40    Q  4.5302 8.1342 117.2489 55.7470 29.9417 174.9320
  41    Q  5.0784 7.7301 118.4013 54.1505 31.2963 175.3404
  42    R  4.6206 8.9145 121.6626 54.4262 33.6923 174.2431
  43    L  5.1698 8.5297 123.7563 53.0953 44.2661 175.4501
  44    I  5.0970 8.8759 124.2920 59.4783 40.9871 174.4039
  45    F  4.8630 9.0518 127.7576 56.9458 42.8044 174.3882
  46    A  3.5207 8.9613 128.8097 53.0804 15.9442 177.7160
  47    G  3.9398 8.3847 106.3615 46.6217  0.0000 174.1805
  48    K  4.6190 8.0390 119.9549 54.2149 34.4334 175.0132
  49    Q  4.5784 8.5506 124.5497 55.9178 29.7031 175.0757
  50    L  4.1286 8.6291 127.4137 54.1351 42.6747 176.3639
  51    E  4.5601 8.6284 122.8849 55.3109 30.9295 177.5513
  52    D  4.3758 8.9475 122.2151 56.8192 41.1258 177.5664
  53    G  3.9245 8.0474 105.8083 45.4180  0.0000 173.2076
  54    R  4.6404 7.7523 119.5003 54.5002 32.8747 175.0191
  55    T  5.0606 7.9181 109.2824 59.7617 71.3893 175.7458
  56    L  3.9999 8.3591 121.7185 58.1315 41.4937 179.9274
  57    S  4.1147 8.1373 112.9579 61.4316 62.0173 175.9340
  58    D  4.3127 7.7655 121.0283 56.6642 40.4609 177.2416
  59    Y  4.3922 7.5749 114.9047 56.3756 38.4318 175.0493
  60    N  4.1429 7.9590 115.8834 54.1176 36.9544 174.6374
  61    I  3.6789 7.6290 117.8497 60.8819 38.1168 176.0718
  62    Q  4.6194 8.2981 124.1050 53.0996 31.1588 175.0500
  63    K  3.9626 8.3855 118.0090 58.9371 32.5246 176.3658
  64    E  4.0720 8.9077 119.5403 57.5943 27.6096 174.8399
  65    S  4.6602 7.8850 114.5648 58.8535 64.4040 173.2859
  66    T  5.1663 8.6781 119.1538 62.0715 70.3710 173.8421
  67    L  4.9291 9.5752 127.1244 53.5684 45.0103 174.9575
  68    H  5.1153 9.0253 117.8909 54.0113 31.5077 172.9894
  69    L  5.1188 8.6604 125.2015 53.3329 43.8831 175.5688
  70    V  4.5263 8.9884 125.6897 61.1078 34.5295 174.0346
  71    L  5.1516 8.5229 126.2869 53.2475 43.7981 175.8732
  72    R  4.7610 8.4385 120.7651 54.3495 33.0534 175.3252
  73    L  4.7795 8.3893 122.2893 52.8342 44.5040 177.0731
  74    R  3.9836 8.7237 120.1228 56.8910 30.3366 177.7984
  75    G  3.7670 8.0204 105.8686 44.2650  0.0000 173.4347
  76    G  3.8372 8.6803 107.8718 46.0902  0.0000 173.3442

  NUM RES  H    HA   HB   HB2  HB3  HD1  HD2  HD21 HD22 HD3  HE   HE1  HE2  HE21 HE22 HE3  HG   HG1  HG12 HG13 HG2  HG3  HZ   
  1     M  8.16 4.48 0.00 2.11 2.26 0.00 0.00 0.00 0.00 0.00 -0.21 0.00 0.00 0.00 0.00 0.00 0.00 0.00 0.00 0.00 2.55 2.58 0.00 
  2     Q  8.28 4.80 0.00 2.11 2.04 0.00 0.00 0.00 0.00 0.00 0.00 0.00 0.00 7.25 6.71 0.00 0.00 0.00 0.00 0.00 2.38 2.42 0.00 
  3     I  9.00 4.80 1.87 0.00 0.00 0.80 0.00 0.00 0.00 0.00 0.00 0.00 0.00 0.00 0.00 0.00 0.00 0.00 1.21 0.82 0.82 0.00 0.00 
  4     F  9.07 5.47 0.00 2.16 2.17 0.00 0.00 0.00 0.00 0.00 0.00 0.00 0.00 0.00 0.00 0.00 0.00 0.00 0.00 0.00 0.00 0.00 0.00 
  5     V  9.02 4.88 2.08 0.00 0.00 0.00 0.00 0.00 0.00 0.00 0.00 0.00 0.00 0.00 0.00 0.00 0.00 0.95 0.00 0.00 0.94 0.00 0.00 
  6     K  8.98 5.14 0.00 1.74 1.69 0.00 1.70 0.00 0.00 1.70 0.00 0.00 2.91 0.00 0.00 2.91 0.00 0.00 0.00 0.00 1.38 1.37 7.81 
  7     T  8.72 4.81 4.24 0.00 0.00 0.00 0.00 0.00 0.00 0.00 0.00 0.00 0.00 0.00 0.00 0.00 0.00 0.00 0.00 0.00 1.27 0.00 0.00 
  8     L  8.62 4.08 0.00 1.66 1.78 0.95 0.87 0.00 0.00 0.00 0.00 0.00 0.00 0.00 0.00 0.00 1.87 0.00 0.00 0.00 0.00 0.00 0.00 
  9     T  7.91 4.21 4.24 0.00 0.00 0.00 0.00 0.00 0.00 0.00 0.00 0.00 0.00 0.00 0.00 0.00 0.00 0.00 0.00 0.00 1.21 0.00 0.00 
  10    G  8.21 3.90 0.00 0.00 0.00 0.00 0.00 0.00 0.00 0.00 0.00 0.00 0.00 0.00 0.00 0.00 0.00 0.00 0.00 0.00 0.00 0.00 0.00 
  11    K  8.10 4.44 0.00 1.86 1.67 0.00 1.58 0.00 0.00 1.65 0.00 0.00 2.87 0.00 0.00 2.86 0.00 0.00 0.00 0.00 1.39 1.41 7.81 
  12    T  8.45 5.16 4.24 0.00 0.00 0.00 0.00 0.00 0.00 0.00 0.00 0.00 0.00 0.00 0.00 0.00 0.00 0.00 0.00 0.00 1.28 0.00 0.00 
  13    I  9.05 4.61 1.87 0.00 0.00 0.87 0.00 0.00 0.00 0.00 0.00 0.00 0.00 0.00 0.00 0.00 0.00 0.00 1.25 0.86 0.92 0.00 0.00 
  14    T  8.54 4.90 4.24 0.00 0.00 0.00 0.00 0.00 0.00 0.00 0.00 0.00 0.00 0.00 0.00 0.00 0.00 0.00 0.00 0.00 1.01 0.00 0.00 
  15    L  8.46 4.83 0.00 1.56 1.50 0.89 0.60 0.00 0.00 0.00 0.00 0.00 0.00 0.00 0.00 0.00 1.33 0.00 0.00 0.00 0.00 0.00 0.00 
  16    E  8.63 4.92 0.00 1.84 1.88 0.00 0.00 0.00 0.00 0.00 0.00 0.00 0.00 0.00 0.00 0.00 0.00 0.00 0.00 0.00 2.24 2.26 0.00 
  17    V  8.92 4.72 2.08 0.00 0.00 0.00 0.00 0.00 0.00 0.00 0.00 0.00 0.00 0.00 0.00 0.00 0.00 0.62 0.00 0.00 0.92 0.00 0.00 
  18    E  9.49 4.77 0.00 1.79 1.80 0.00 0.00 0.00 0.00 0.00 0.00 0.00 0.00 0.00 0.00 0.00 0.00 0.00 0.00 0.00 2.21 2.39 0.00 
  19    P  0.00 4.12 0.00 2.17 2.10 0.00 3.58 0.00 0.00 3.69 0.00 0.00 0.00 0.00 0.00 0.00 0.00 0.00 0.00 0.00 2.11 2.08 0.00 
  20    S  7.87 4.45 0.00 3.82 3.86 0.00 0.00 0.00 0.00 0.00 0.00 0.00 0.00 0.00 0.00 0.00 0.00 0.00 0.00 0.00 0.00 0.00 0.00 
  21    D  8.14 4.52 0.00 2.73 2.57 0.00 0.00 0.00 0.00 0.00 0.00 0.00 0.00 0.00 0.00 0.00 0.00 0.00 0.00 0.00 0.00 0.00 0.00 
  22    T  8.02 4.72 4.24 0.00 0.00 0.00 0.00 0.00 0.00 0.00 0.00 0.00 0.00 0.00 0.00 0.00 0.00 0.00 0.00 0.00 1.21 0.00 0.00 
  23    I  8.37 3.68 1.87 0.00 0.00 0.76 0.00 0.00 0.00 0.00 0.00 0.00 0.00 0.00 0.00 0.00 0.00 0.00 1.68 1.00 0.87 0.00 0.00 
  24    E  8.16 3.93 0.00 2.03 1.94 0.00 0.00 0.00 0.00 0.00 0.00 0.00 0.00 0.00 0.00 0.00 0.00 0.00 0.00 0.00 2.38 2.40 0.00 
  25    N  8.12 4.34 0.00 2.87 2.85 0.00 0.00 6.64 7.82 0.00 0.00 0.00 0.00 0.00 0.00 0.00 0.00 0.00 0.00 0.00 0.00 0.00 0.00 
  26    V  7.81 3.57 2.08 0.00 0.00 0.00 0.00 0.00 0.00 0.00 0.00 0.00 0.00 0.00 0.00 0.00 0.00 0.95 0.00 0.00 0.95 0.00 0.00 
  27    K  8.43 3.94 0.00 1.81 1.84 0.00 1.72 0.00 0.00 1.65 0.00 0.00 2.95 0.00 0.00 2.94 0.00 0.00 0.00 0.00 1.46 1.46 7.81 
  28    A  8.07 3.98 1.32 0.00 0.00 0.00 0.00 0.00 0.00 0.00 0.00 0.00 0.00 0.00 0.00 0.00 0.00 0.00 0.00 0.00 0.00 0.00 0.00 
  29    K  8.06 3.96 0.00 1.83 1.87 0.00 1.67 0.00 0.00 1.65 0.00 0.00 2.94 0.00 0.00 3.00 0.00 0.00 0.00 0.00 1.46 1.48 7.81 
  30    I  7.75 3.73 1.87 0.00 0.00 0.86 0.00 0.00 0.00 0.00 0.00 0.00 0.00 0.00 0.00 0.00 0.00 0.00 1.40 0.89 0.95 0.00 0.00 
  31    Q  8.25 4.05 0.00 2.11 2.09 0.00 0.00 0.00 0.00 0.00 0.00 0.00 0.00 7.35 6.80 0.00 0.00 0.00 0.00 0.00 2.36 2.40 0.00 
  32    D  7.92 4.35 0.00 2.70 2.72 0.00 0.00 0.00 0.00 0.00 0.00 0.00 0.00 0.00 0.00 0.00 0.00 0.00 0.00 0.00 0.00 0.00 0.00 
  33    K  7.84 4.18 0.00 1.77 1.86 0.00 1.66 0.00 0.00 1.70 0.00 0.00 3.02 0.00 0.00 3.00 0.00 0.00 0.00 0.00 1.46 1.47 7.81 
  34    E  8.81 4.61 0.00 1.85 1.96 0.00 0.00 0.00 0.00 0.00 0.00 0.00 0.00 0.00 0.00 0.00 0.00 0.00 0.00 0.00 2.24 2.42 0.00 
  35    G  8.18 3.85 0.00 0.00 0.00 0.00 0.00 0.00 0.00 0.00 0.00 0.00 0.00 0.00 0.00 0.00 0.00 0.00 0.00 0.00 0.00 0.00 0.00 
  36    I  7.46 4.08 1.87 0.00 0.00 0.86 0.00 0.00 0.00 0.00 0.00 0.00 0.00 0.00 0.00 0.00 0.00 0.00 1.42 0.75 0.92 0.00 0.00 
  37    P  0.00 4.39 0.00 2.17 1.97 0.00 3.61 0.00 0.00 3.77 0.00 0.00 0.00 0.00 0.00 0.00 0.00 0.00 0.00 0.00 2.11 2.11 0.00 
  38    P  0.00 4.30 0.00 2.17 2.11 0.00 3.59 0.00 0.00 3.77 0.00 0.00 0.00 0.00 0.00 0.00 0.00 0.00 0.00 0.00 2.11 2.12 0.00 
  39    D  8.06 4.48 0.00 2.66 2.73 0.00 0.00 0.00 0.00 0.00 0.00 0.00 0.00 0.00 0.00 0.00 0.00 0.00 0.00 0.00 0.00 0.00 0.00 
  40    Q  8.13 4.53 0.00 1.99 2.11 0.00 0.00 0.00 0.00 0.00 0.00 0.00 0.00 7.33 6.78 0.00 0.00 0.00 0.00 0.00 2.30 2.46 0.00 
  41    Q  7.73 5.08 0.00 1.91 1.99 0.00 0.00 0.00 0.00 0.00 0.00 0.00 0.00 7.13 6.60 0.00 0.00 0.00 0.00 0.00 2.30 2.31 0.00 
  42    R  8.91 4.62 0.00 1.71 1.79 0.00 3.09 0.00 0.00 3.17 7.17 0.00 0.00 0.00 0.00 0.00 0.00 0.00 0.00 0.00 1.53 1.56 0.00 
  43    L  8.53 5.17 0.00 1.58 1.56 0.89 0.76 0.00 0.00 0.00 0.00 0.00 0.00 0.00 0.00 0.00 1.56 0.00 0.00 0.00 0.00 0.00 0.00 
  44    I  8.88 5.10 1.87 0.00 0.00 0.87 0.00 0.00 0.00 0.00 0.00 0.00 0.00 0.00 0.00 0.00 0.00 0.00 1.11 0.62 0.90 0.00 0.00 
  45    F  9.05 4.86 0.00 2.32 2.06 0.00 0.00 0.00 0.00 0.00 0.00 0.00 0.00 0.00 0.00 0.00 0.00 0.00 0.00 0.00 0.00 0.00 0.00 
  46    A  8.96 3.52 1.32 0.00 0.00 0.00 0.00 0.00 0.00 0.00 0.00 0.00 0.00 0.00 0.00 0.00 0.00 0.00 0.00 0.00 0.00 0.00 0.00 
  47    G  8.38 3.94 0.00 0.00 0.00 0.00 0.00 0.00 0.00 0.00 0.00 0.00 0.00 0.00 0.00 0.00 0.00 0.00 0.00 0.00 0.00 0.00 0.00 
  48    K  8.04 4.62 0.00 1.77 1.69 0.00 1.66 0.00 0.00 1.57 0.00 0.00 2.88 0.00 0.00 2.88 0.00 0.00 0.00 0.00 1.35 1.33 7.81 
  49    Q  8.55 4.58 0.00 2.06 2.00 0.00 0.00 0.00 0.00 0.00 0.00 0.00 0.00 7.70 6.89 0.00 0.00 0.00 0.00 0.00 2.34 2.39 0.00 
  50    L  8.63 4.13 0.00 1.54 1.58 0.68 -0.71 0.00 0.00 0.00 0.00 0.00 0.00 0.00 0.00 0.00 1.54 0.00 0.00 0.00 0.00 0.00 0.00 
  51    E  8.63 4.56 0.00 1.87 1.85 0.00 0.00 0.00 0.00 0.00 0.00 0.00 0.00 0.00 0.00 0.00 0.00 0.00 0.00 0.00 2.28 2.28 0.00 
  52    D  8.95 4.38 0.00 2.64 2.73 0.00 0.00 0.00 0.00 0.00 0.00 0.00 0.00 0.00 0.00 0.00 0.00 0.00 0.00 0.00 0.00 0.00 0.00 
  53    G  8.05 3.92 0.00 0.00 0.00 0.00 0.00 0.00 0.00 0.00 0.00 0.00 0.00 0.00 0.00 0.00 0.00 0.00 0.00 0.00 0.00 0.00 0.00 
  54    R  7.75 4.64 0.00 1.77 1.83 0.00 3.26 0.00 0.00 3.22 7.39 0.00 0.00 0.00 0.00 0.00 0.00 0.00 0.00 0.00 1.54 1.67 0.00 
  55    T  7.92 5.06 4.24 0.00 0.00 0.00 0.00 0.00 0.00 0.00 0.00 0.00 0.00 0.00 0.00 0.00 0.00 0.00 0.00 0.00 1.25 0.00 0.00 
  56    L  8.36 4.00 0.00 1.75 1.76 0.95 0.78 0.00 0.00 0.00 0.00 0.00 0.00 0.00 0.00 0.00 1.68 0.00 0.00 0.00 0.00 0.00 0.00 
  57    S  8.14 4.11 0.00 3.90 3.86 0.00 0.00 0.00 0.00 0.00 0.00 0.00 0.00 0.00 0.00 0.00 0.00 0.00 0.00 0.00 0.00 0.00 0.00 
  58    D  7.77 4.31 0.00 2.63 2.72 0.00 0.00 0.00 0.00 0.00 0.00 0.00 0.00 0.00 0.00 0.00 0.00 0.00 0.00 0.00 0.00 0.00 0.00 
  59    Y  7.57 4.39 0.00 2.29 2.30 0.00 0.00 0.00 0.00 0.00 0.00 0.00 0.00 0.00 0.00 0.00 0.00 0.00 0.00 0.00 0.00 0.00 0.00 
  60    N  7.96 4.14 0.00 2.83 2.87 0.00 0.00 6.95 6.93 0.00 0.00 0.00 0.00 0.00 0.00 0.00 0.00 0.00 0.00 0.00 0.00 0.00 0.00 
  61    I  7.63 3.68 1.87 0.00 0.00 0.44 0.00 0.00 0.00 0.00 0.00 0.00 0.00 0.00 0.00 0.00 0.00 0.00 -0.30 -0.08 0.71 0.00 0.00 
  62    Q  8.30 4.62 0.00 2.10 2.00 0.00 0.00 0.00 0.00 0.00 0.00 0.00 0.00 7.81 6.91 0.00 0.00 0.00 0.00 0.00 2.28 2.41 0.00 
  63    K  8.39 3.96 0.00 1.86 1.84 0.00 1.69 0.00 0.00 1.70 0.00 0.00 3.02 0.00 0.00 3.04 0.00 0.00 0.00 0.00 1.41 1.49 7.81 
  64    E  8.91 4.07 0.00 2.14 2.11 0.00 0.00 0.00 0.00 0.00 0.00 0.00 0.00 0.00 0.00 0.00 0.00 0.00 0.00 0.00 2.23 2.26 0.00 
  65    S  7.88 4.66 0.00 3.82 3.77 0.00 0.00 0.00 0.00 0.00 0.00 0.00 0.00 0.00 0.00 0.00 0.00 0.00 0.00 0.00 0.00 0.00 0.00 
  66    T  8.68 5.17 4.24 0.00 0.00 0.00 0.00 0.00 0.00 0.00 0.00 0.00 0.00 0.00 0.00 0.00 0.00 0.00 0.00 0.00 1.17 0.00 0.00 
  67    L  9.58 4.93 0.00 1.58 1.55 0.99 -0.03 0.00 0.00 0.00 0.00 0.00 0.00 0.00 0.00 0.00 1.61 0.00 0.00 0.00 0.00 0.00 0.00 
  68    H  9.03 5.12 0.00 2.87 2.93 0.00 5.78 0.00 0.00 0.00 0.00 6.77 0.00 0.00 0.00 0.00 0.00 0.00 0.00 0.00 0.00 0.00 0.00 
  69    L  8.66 5.12 0.00 1.62 1.53 1.00 0.78 0.00 0.00 0.00 0.00 0.00 0.00 0.00 0.00 0.00 1.37 0.00 0.00 0.00 0.00 0.00 0.00 
  70    V  8.99 4.53 2.08 0.00 0.00 0.00 0.00 0.00 0.00 0.00 0.00 0.00 0.00 0.00 0.00 0.00 0.00 1.00 0.00 0.00 0.94 0.00 0.00 
  71    L  8.52 5.15 0.00 1.55 1.55 0.93 0.86 0.00 0.00 0.00 0.00 0.00 0.00 0.00 0.00 0.00 1.58 0.00 0.00 0.00 0.00 0.00 0.00 
  72    R  8.44 4.76 0.00 1.68 1.79 0.00 3.10 0.00 0.00 3.22 7.19 0.00 0.00 0.00 0.00 0.00 0.00 0.00 0.00 0.00 1.54 1.56 0.00 
  73    L  8.39 4.78 0.00 1.58 1.54 0.92 0.94 0.00 0.00 0.00 0.00 0.00 0.00 0.00 0.00 0.00 1.43 0.00 0.00 0.00 0.00 0.00 0.00 
  74    R  8.72 3.98 0.00 1.92 2.06 0.00 3.08 0.00 0.00 3.23 7.36 0.00 0.00 0.00 0.00 0.00 0.00 0.00 0.00 0.00 1.59 1.62 0.00 
  75    G  8.02 3.77 0.00 0.00 0.00 0.00 0.00 0.00 0.00 0.00 0.00 0.00 0.00 0.00 0.00 0.00 0.00 0.00 0.00 0.00 0.00 0.00 0.00 
  76    G  8.68 3.84 0.00 0.00 0.00 0.00 0.00 0.00 0.00 0.00 0.00 0.00 0.00 0.00 0.00 0.00 0.00 0.00 0.00 0.00 0.00 0.00 0.00 
