   NUM RES   HA     H       N        CA      CB       C
 --- --- ------ ------ -------- ------- ------- --------
  1     M  4.4833 8.1633 118.3274 55.2812 33.3841 173.7737
  2     Q  4.8093 8.3287 119.1490 52.8935 31.0688 173.1465
  3     I  4.9853 9.0994 116.8556 59.1093 42.1298 173.5476
  4     F  5.2480 9.1403 120.5015 55.6158 42.7107 174.5395
  5     V  5.1555 9.1423 122.7034 61.1554 34.1220 174.2769
  6     K  5.1490 9.0499 127.8890 55.2253 34.4645 175.9343
  7     T  4.8874 8.7360 114.3039 59.8231 71.2881 175.6990
  8     L  4.0845 8.6839 121.9349 57.2153 41.7276 178.1778
  9     T  4.2411 7.9245 107.2052 61.3871 69.2210 175.3500
  10    G  3.8959 8.3422 110.6024 45.3128  0.0000 173.1535
  11    K  4.4588 7.9620 121.2103 55.4888 33.9320 175.4870
  12    T  5.1336 8.4833 122.5524 61.8870 71.1074 173.3463
  13    I  4.5929 9.0751 127.2088 59.8415 40.1758 174.5724
  14    T  4.7073 8.4677 122.4683 61.9336 70.1382 174.0055
  15    L  4.7754 8.4544 125.2720 52.7876 46.0961 174.9050
  16    E  4.7118 8.6152 122.5862 54.9005 30.7813 175.2584
  17    V  4.7459 8.9146 119.5082 59.9920 36.4905 174.2467
  18    E  4.7664 9.3003 120.7994 53.9301 32.3786 176.1767
  19    P  4.2364 0.0000   0.0000 65.3924 31.5747 178.1154
  20    S  4.4887 7.8733 110.1778 58.6282 63.9788 174.1098
  21    D  4.4974 8.2288 123.5147 54.5148 41.3971 175.9923
  22    T  4.7449 8.1440 113.2559 60.9811 71.5473 176.0760
  23    I  3.6764 8.3065 123.3967 64.5895 37.1139 178.4373
  24    E  3.9055 8.1784 119.6980 59.2394 29.4451 178.2947
  25    N  4.2838 7.9039 117.0657 56.6037 39.0369 177.0184
  26    V  3.5664 7.8315 119.6881 65.9728 31.5084 178.0871
  27    K  3.9353 8.4147 118.3130 59.4459 31.8776 179.1304
  28    A  3.9772 7.9636 121.0249 55.0913 18.3563 179.8669
  29    K  3.9515 8.0115 117.0692 59.6221 32.0609 179.6858
  30    I  3.7191 7.7268 120.2153 64.2436 36.9022 178.1858
  31    Q  4.0283 8.3294 120.7026 59.2922 28.6645 177.8771
  32    D  4.3008 7.8896 117.8226 57.2737 41.3043 178.0435
  33    K  4.1706 7.7567 117.6714 58.5414 32.4004 178.2361
  34    E  4.6018 8.8510 116.1540 55.2399 30.9687 177.2665
  35    G  3.8481 8.1916 106.8914 45.4620  0.0000 173.2645
  36    I  4.0809 7.4438 120.5315 59.2326 37.5490 174.1332
  37    P  4.3419 0.0000   0.0000 61.9574 32.0884 175.6620
  38    P  4.2137 0.0000   0.0000 65.9505 31.3897 178.1207
  39    D  4.4880 8.0637 115.9512 56.4595 41.0359 176.5802
  40    Q  4.5281 8.3413 117.5845 55.7524 29.9578 174.9224
  41    Q  5.0666 7.7573 118.3826 54.1496 31.2026 175.3322
  42    R  4.6364 8.9723 121.8037 54.3993 33.7428 174.2362
  43    L  5.2082 8.5342 123.5639 53.0669 44.4281 175.4262
  44    I  5.0923 8.7910 124.0150 59.4755 41.0528 174.3777
  45    F  5.0891 9.0163 127.5799 56.9574 42.7505 174.4485
  46    A  3.4807 9.0938 128.9055 53.0526 15.9021 177.6764
  47    G  3.9220 8.3639 106.4402 46.5414  0.0000 174.1405
  48    K  4.6342 7.9552 119.8636 54.3089 34.4447 175.2605
  49    Q  4.6173 8.5347 122.1818 55.7264 29.4333 175.5553
  50    L  4.0914 8.5894 124.9213 54.0447 42.7118 176.4753
  51    E  4.5434 8.9898 122.7324 55.4694 30.8576 177.5938
  52    D  4.3628 8.9586 122.1250 56.7295 41.1661 177.5400
  53    G  3.9692 8.0609 105.9947 45.2571  0.0000 173.2116
  54    R  4.6684 7.7393 119.5500 54.4258 32.9409 175.1169
  55    T  4.9976 8.2729 109.4761 59.8480 71.3376 175.8234
  56    L  4.0282 8.3470 121.7189 58.1597 41.4923 179.9492
  57    S  4.1391 8.1387 112.9363 61.4160 62.0225 175.9237
  58    D  4.3187 7.7103 120.9113 56.6605 40.4505 177.2277
  59    Y  4.4967 7.6180 115.0035 56.4456 38.4502 175.0468
  60    N  4.1917 8.0585 115.8159 54.1457 36.9719 174.5924
  61    I  3.7041 7.7302 117.7864 60.8811 38.1659 176.0517
  62    Q  4.6187 8.2408 123.9660 53.1051 31.1645 175.0330
  63    K  3.9720 8.3840 118.0152 58.9409 32.5280 176.3671
  64    E  4.1404 9.0321 119.6619 57.6133 27.6040 174.8479
  65    S  4.6304 7.8762 114.5304 58.8614 64.3587 173.2420
  66    T  5.1479 8.6982 119.1498 62.0776 70.2701 173.9177
  67    L  4.9604 9.7573 126.9952 53.5260 45.0226 174.9487
  68    H  5.2571 8.9748 117.8797 54.0177 31.6240 172.8225
  69    L  5.0603 8.7342 125.4016 53.3323 43.8227 175.5862
  70    V  4.5087 8.9079 125.8403 61.0675 34.7070 173.8304
  71    L  5.0394 8.5517 126.9559 53.2069 43.3752 175.5557
  72    R  4.5321 8.7701 124.8045 54.5713 31.6445 175.0634
  73    L  4.6256 8.3615 126.6727 52.8118 43.2445 176.4646
  74    R  3.9174 8.8431 124.8464 58.9271 30.2598 176.7194
  75    G  3.8514 7.8239 105.3522 44.8107  0.0000 173.6117
  76    G  4.0995 8.5343 107.0878 45.9006  0.0000 173.6037

  NUM RES  H    HA   HB   HB2  HB3  HD1  HD2  HD21 HD22 HD3  HE   HE1  HE2  HE21 HE22 HE3  HG   HG1  HG12 HG13 HG2  HG3  HZ   
  1     M  8.16 4.48 0.00 2.11 2.26 0.00 0.00 0.00 0.00 0.00 -0.21 0.00 0.00 0.00 0.00 0.00 0.00 0.00 0.00 0.00 2.55 2.58 0.00 
  2     Q  8.33 4.81 0.00 2.11 2.04 0.00 0.00 0.00 0.00 0.00 0.00 0.00 0.00 7.24 6.69 0.00 0.00 0.00 0.00 0.00 2.38 2.42 0.00 
  3     I  9.10 4.99 1.87 0.00 0.00 0.78 0.00 0.00 0.00 0.00 0.00 0.00 0.00 0.00 0.00 0.00 0.00 0.00 1.10 0.57 0.82 0.00 0.00 
  4     F  9.14 5.25 0.00 2.16 2.17 0.00 0.00 0.00 0.00 0.00 0.00 0.00 0.00 0.00 0.00 0.00 0.00 0.00 0.00 0.00 0.00 0.00 0.00 
  5     V  9.14 5.16 2.08 0.00 0.00 0.00 0.00 0.00 0.00 0.00 0.00 0.00 0.00 0.00 0.00 0.00 0.00 1.08 0.00 0.00 0.92 0.00 0.00 
  6     K  9.05 5.15 0.00 1.73 1.69 0.00 1.69 0.00 0.00 1.70 0.00 0.00 2.91 0.00 0.00 2.88 0.00 0.00 0.00 0.00 1.38 1.36 7.81 
  7     T  8.74 4.89 4.24 0.00 0.00 0.00 0.00 0.00 0.00 0.00 0.00 0.00 0.00 0.00 0.00 0.00 0.00 0.00 0.00 0.00 1.28 0.00 0.00 
  8     L  8.68 4.08 0.00 1.66 1.77 0.93 0.86 0.00 0.00 0.00 0.00 0.00 0.00 0.00 0.00 0.00 1.76 0.00 0.00 0.00 0.00 0.00 0.00 
  9     T  7.92 4.24 4.24 0.00 0.00 0.00 0.00 0.00 0.00 0.00 0.00 0.00 0.00 0.00 0.00 0.00 0.00 0.00 0.00 0.00 1.22 0.00 0.00 
  10    G  8.34 3.90 0.00 0.00 0.00 0.00 0.00 0.00 0.00 0.00 0.00 0.00 0.00 0.00 0.00 0.00 0.00 0.00 0.00 0.00 0.00 0.00 0.00 
  11    K  7.96 4.46 0.00 1.87 1.67 0.00 1.58 0.00 0.00 1.65 0.00 0.00 2.87 0.00 0.00 2.87 0.00 0.00 0.00 0.00 1.39 1.41 7.81 
  12    T  8.48 5.13 4.24 0.00 0.00 0.00 0.00 0.00 0.00 0.00 0.00 0.00 0.00 0.00 0.00 0.00 0.00 0.00 0.00 0.00 1.34 0.00 0.00 
  13    I  9.08 4.59 1.87 0.00 0.00 0.87 0.00 0.00 0.00 0.00 0.00 0.00 0.00 0.00 0.00 0.00 0.00 0.00 1.25 0.79 0.91 0.00 0.00 
  14    T  8.47 4.71 4.24 0.00 0.00 0.00 0.00 0.00 0.00 0.00 0.00 0.00 0.00 0.00 0.00 0.00 0.00 0.00 0.00 0.00 0.88 0.00 0.00 
  15    L  8.45 4.78 0.00 1.54 1.50 0.87 0.58 0.00 0.00 0.00 0.00 0.00 0.00 0.00 0.00 0.00 1.33 0.00 0.00 0.00 0.00 0.00 0.00 
  16    E  8.62 4.71 0.00 1.94 1.84 0.00 0.00 0.00 0.00 0.00 0.00 0.00 0.00 0.00 0.00 0.00 0.00 0.00 0.00 0.00 2.21 2.38 0.00 
  17    V  8.91 4.75 2.08 0.00 0.00 0.00 0.00 0.00 0.00 0.00 0.00 0.00 0.00 0.00 0.00 0.00 0.00 0.68 0.00 0.00 0.92 0.00 0.00 
  18    E  9.30 4.77 0.00 1.82 1.80 0.00 0.00 0.00 0.00 0.00 0.00 0.00 0.00 0.00 0.00 0.00 0.00 0.00 0.00 0.00 2.21 2.39 0.00 
  19    P  0.00 4.24 0.00 2.17 2.11 0.00 3.58 0.00 0.00 3.82 0.00 0.00 0.00 0.00 0.00 0.00 0.00 0.00 0.00 0.00 2.11 2.08 0.00 
  20    S  7.87 4.49 0.00 3.97 3.97 0.00 0.00 0.00 0.00 0.00 0.00 0.00 0.00 0.00 0.00 0.00 0.00 0.00 0.00 0.00 0.00 0.00 0.00 
  21    D  8.23 4.50 0.00 2.70 2.62 0.00 0.00 0.00 0.00 0.00 0.00 0.00 0.00 0.00 0.00 0.00 0.00 0.00 0.00 0.00 0.00 0.00 0.00 
  22    T  8.14 4.74 4.24 0.00 0.00 0.00 0.00 0.00 0.00 0.00 0.00 0.00 0.00 0.00 0.00 0.00 0.00 0.00 0.00 0.00 1.22 0.00 0.00 
  23    I  8.31 3.68 1.87 0.00 0.00 0.77 0.00 0.00 0.00 0.00 0.00 0.00 0.00 0.00 0.00 0.00 0.00 0.00 1.69 1.03 0.92 0.00 0.00 
  24    E  8.18 3.91 0.00 2.03 1.94 0.00 0.00 0.00 0.00 0.00 0.00 0.00 0.00 0.00 0.00 0.00 0.00 0.00 0.00 0.00 2.38 2.37 0.00 
  25    N  7.90 4.28 0.00 2.75 2.79 0.00 0.00 6.81 8.71 0.00 0.00 0.00 0.00 0.00 0.00 0.00 0.00 0.00 0.00 0.00 0.00 0.00 0.00 
  26    V  7.83 3.57 2.08 0.00 0.00 0.00 0.00 0.00 0.00 0.00 0.00 0.00 0.00 0.00 0.00 0.00 0.00 0.89 0.00 0.00 0.94 0.00 0.00 
  27    K  8.41 3.94 0.00 1.82 1.84 0.00 1.72 0.00 0.00 1.65 0.00 0.00 2.96 0.00 0.00 2.94 0.00 0.00 0.00 0.00 1.46 1.46 7.81 
  28    A  7.96 3.98 1.32 0.00 0.00 0.00 0.00 0.00 0.00 0.00 0.00 0.00 0.00 0.00 0.00 0.00 0.00 0.00 0.00 0.00 0.00 0.00 0.00 
  29    K  8.01 3.95 0.00 1.83 1.87 0.00 1.67 0.00 0.00 1.65 0.00 0.00 2.94 0.00 0.00 3.00 0.00 0.00 0.00 0.00 1.46 1.48 7.81 
  30    I  7.73 3.72 1.87 0.00 0.00 0.85 0.00 0.00 0.00 0.00 0.00 0.00 0.00 0.00 0.00 0.00 0.00 0.00 1.39 0.93 0.95 0.00 0.00 
  31    Q  8.33 4.03 0.00 2.10 2.09 0.00 0.00 0.00 0.00 0.00 0.00 0.00 0.00 7.16 6.80 0.00 0.00 0.00 0.00 0.00 2.36 2.37 0.00 
  32    D  7.89 4.30 0.00 2.71 2.68 0.00 0.00 0.00 0.00 0.00 0.00 0.00 0.00 0.00 0.00 0.00 0.00 0.00 0.00 0.00 0.00 0.00 0.00 
  33    K  7.76 4.17 0.00 1.81 1.84 0.00 1.71 0.00 0.00 1.70 0.00 0.00 3.02 0.00 0.00 2.94 0.00 0.00 0.00 0.00 1.46 1.47 7.81 
  34    E  8.85 4.60 0.00 1.86 1.96 0.00 0.00 0.00 0.00 0.00 0.00 0.00 0.00 0.00 0.00 0.00 0.00 0.00 0.00 0.00 2.24 2.42 0.00 
  35    G  8.19 3.85 0.00 0.00 0.00 0.00 0.00 0.00 0.00 0.00 0.00 0.00 0.00 0.00 0.00 0.00 0.00 0.00 0.00 0.00 0.00 0.00 0.00 
  36    I  7.44 4.08 1.87 0.00 0.00 0.86 0.00 0.00 0.00 0.00 0.00 0.00 0.00 0.00 0.00 0.00 0.00 0.00 1.42 0.75 0.91 0.00 0.00 
  37    P  0.00 4.34 0.00 2.17 1.98 0.00 3.62 0.00 0.00 3.77 0.00 0.00 0.00 0.00 0.00 0.00 0.00 0.00 0.00 0.00 2.11 2.11 0.00 
  38    P  0.00 4.21 0.00 2.17 2.12 0.00 3.59 0.00 0.00 3.77 0.00 0.00 0.00 0.00 0.00 0.00 0.00 0.00 0.00 0.00 2.12 2.13 0.00 
  39    D  8.06 4.49 0.00 2.66 2.73 0.00 0.00 0.00 0.00 0.00 0.00 0.00 0.00 0.00 0.00 0.00 0.00 0.00 0.00 0.00 0.00 0.00 0.00 
  40    Q  8.34 4.53 0.00 1.98 2.11 0.00 0.00 0.00 0.00 0.00 0.00 0.00 0.00 7.32 6.78 0.00 0.00 0.00 0.00 0.00 2.30 2.32 0.00 
  41    Q  7.76 5.07 0.00 1.94 1.99 0.00 0.00 0.00 0.00 0.00 0.00 0.00 0.00 7.29 6.53 0.00 0.00 0.00 0.00 0.00 2.30 2.31 0.00 
  42    R  8.97 4.64 0.00 1.70 1.78 0.00 3.09 0.00 0.00 3.17 7.17 0.00 0.00 0.00 0.00 0.00 0.00 0.00 0.00 0.00 1.53 1.56 0.00 
  43    L  8.53 5.21 0.00 1.58 1.56 0.89 0.74 0.00 0.00 0.00 0.00 0.00 0.00 0.00 0.00 0.00 1.54 0.00 0.00 0.00 0.00 0.00 0.00 
  44    I  8.79 5.09 1.87 0.00 0.00 0.87 0.00 0.00 0.00 0.00 0.00 0.00 0.00 0.00 0.00 0.00 0.00 0.00 1.11 0.73 0.97 0.00 0.00 
  45    F  9.02 5.09 0.00 2.32 2.06 0.00 0.00 0.00 0.00 0.00 0.00 0.00 0.00 0.00 0.00 0.00 0.00 0.00 0.00 0.00 0.00 0.00 0.00 
  46    A  9.09 3.48 1.32 0.00 0.00 0.00 0.00 0.00 0.00 0.00 0.00 0.00 0.00 0.00 0.00 0.00 0.00 0.00 0.00 0.00 0.00 0.00 0.00 
  47    G  8.36 3.92 0.00 0.00 0.00 0.00 0.00 0.00 0.00 0.00 0.00 0.00 0.00 0.00 0.00 0.00 0.00 0.00 0.00 0.00 0.00 0.00 0.00 
  48    K  7.96 4.63 0.00 1.78 1.69 0.00 1.66 0.00 0.00 1.65 0.00 0.00 2.93 0.00 0.00 2.88 0.00 0.00 0.00 0.00 1.35 1.36 7.81 
  49    Q  8.53 4.62 0.00 1.94 2.04 0.00 0.00 0.00 0.00 0.00 0.00 0.00 0.00 7.70 6.89 0.00 0.00 0.00 0.00 0.00 2.36 2.39 0.00 
  50    L  8.59 4.09 0.00 1.51 1.59 0.67 -0.63 0.00 0.00 0.00 0.00 0.00 0.00 0.00 0.00 0.00 1.54 0.00 0.00 0.00 0.00 0.00 0.00 
  51    E  8.99 4.54 0.00 1.94 1.85 0.00 0.00 0.00 0.00 0.00 0.00 0.00 0.00 0.00 0.00 0.00 0.00 0.00 0.00 0.00 2.29 2.28 0.00 
  52    D  8.96 4.36 0.00 2.64 2.73 0.00 0.00 0.00 0.00 0.00 0.00 0.00 0.00 0.00 0.00 0.00 0.00 0.00 0.00 0.00 0.00 0.00 0.00 
  53    G  8.06 3.97 0.00 0.00 0.00 0.00 0.00 0.00 0.00 0.00 0.00 0.00 0.00 0.00 0.00 0.00 0.00 0.00 0.00 0.00 0.00 0.00 0.00 
  54    R  7.74 4.67 0.00 1.77 1.82 0.00 3.26 0.00 0.00 3.22 7.39 0.00 0.00 0.00 0.00 0.00 0.00 0.00 0.00 0.00 1.54 1.67 0.00 
  55    T  8.27 5.00 4.24 0.00 0.00 0.00 0.00 0.00 0.00 0.00 0.00 0.00 0.00 0.00 0.00 0.00 0.00 0.00 0.00 0.00 1.22 0.00 0.00 
  56    L  8.35 4.03 0.00 1.75 1.76 0.95 0.63 0.00 0.00 0.00 0.00 0.00 0.00 0.00 0.00 0.00 1.69 0.00 0.00 0.00 0.00 0.00 0.00 
  57    S  8.14 4.14 0.00 3.91 3.86 0.00 0.00 0.00 0.00 0.00 0.00 0.00 0.00 0.00 0.00 0.00 0.00 0.00 0.00 0.00 0.00 0.00 0.00 
  58    D  7.71 4.32 0.00 2.64 2.72 0.00 0.00 0.00 0.00 0.00 0.00 0.00 0.00 0.00 0.00 0.00 0.00 0.00 0.00 0.00 0.00 0.00 0.00 
  59    Y  7.62 4.50 0.00 2.29 2.30 0.00 0.00 0.00 0.00 0.00 0.00 0.00 0.00 0.00 0.00 0.00 0.00 0.00 0.00 0.00 0.00 0.00 0.00 
  60    N  8.06 4.19 0.00 2.83 2.87 0.00 0.00 6.93 7.07 0.00 0.00 0.00 0.00 0.00 0.00 0.00 0.00 0.00 0.00 0.00 0.00 0.00 0.00 
  61    I  7.73 3.70 1.87 0.00 0.00 0.46 0.00 0.00 0.00 0.00 0.00 0.00 0.00 0.00 0.00 0.00 0.00 0.00 -0.30 0.16 0.56 0.00 0.00 
  62    Q  8.24 4.62 0.00 2.09 2.00 0.00 0.00 0.00 0.00 0.00 0.00 0.00 0.00 7.80 6.91 0.00 0.00 0.00 0.00 0.00 2.28 2.41 0.00 
  63    K  8.38 3.97 0.00 1.86 1.84 0.00 1.69 0.00 0.00 1.70 0.00 0.00 3.01 0.00 0.00 3.04 0.00 0.00 0.00 0.00 1.41 1.49 7.81 
  64    E  9.03 4.14 0.00 2.14 2.11 0.00 0.00 0.00 0.00 0.00 0.00 0.00 0.00 0.00 0.00 0.00 0.00 0.00 0.00 0.00 2.23 2.26 0.00 
  65    S  7.88 4.63 0.00 3.82 3.77 0.00 0.00 0.00 0.00 0.00 0.00 0.00 0.00 0.00 0.00 0.00 0.00 0.00 0.00 0.00 0.00 0.00 0.00 
  66    T  8.70 5.15 4.24 0.00 0.00 0.00 0.00 0.00 0.00 0.00 0.00 0.00 0.00 0.00 0.00 0.00 0.00 0.00 0.00 0.00 1.23 0.00 0.00 
  67    L  9.76 4.96 0.00 1.46 1.55 0.86 0.77 0.00 0.00 0.00 0.00 0.00 0.00 0.00 0.00 0.00 1.61 0.00 0.00 0.00 0.00 0.00 0.00 
  68    H  8.97 5.26 0.00 2.88 2.93 0.00 5.78 0.00 0.00 0.00 0.00 6.77 0.00 0.00 0.00 0.00 0.00 0.00 0.00 0.00 0.00 0.00 0.00 
  69    L  8.73 5.06 0.00 1.61 1.53 1.02 0.95 0.00 0.00 0.00 0.00 0.00 0.00 0.00 0.00 0.00 1.36 0.00 0.00 0.00 0.00 0.00 0.00 
  70    V  8.91 4.51 2.08 0.00 0.00 0.00 0.00 0.00 0.00 0.00 0.00 0.00 0.00 0.00 0.00 0.00 0.00 1.01 0.00 0.00 0.94 0.00 0.00 
  71    L  8.55 5.04 0.00 1.54 1.57 0.93 0.86 0.00 0.00 0.00 0.00 0.00 0.00 0.00 0.00 0.00 1.66 0.00 0.00 0.00 0.00 0.00 0.00 
  72    R  8.77 4.53 0.00 1.78 1.81 0.00 3.23 0.00 0.00 3.22 7.17 0.00 0.00 0.00 0.00 0.00 0.00 0.00 0.00 0.00 1.54 1.57 0.00 
  73    L  8.36 4.63 0.00 1.66 1.58 0.92 0.96 0.00 0.00 0.00 0.00 0.00 0.00 0.00 0.00 0.00 1.62 0.00 0.00 0.00 0.00 0.00 0.00 
  74    R  8.84 3.92 0.00 1.75 1.96 0.00 3.27 0.00 0.00 3.23 7.31 0.00 0.00 0.00 0.00 0.00 0.00 0.00 0.00 0.00 1.61 1.69 0.00 
  75    G  7.82 3.85 0.00 0.00 0.00 0.00 0.00 0.00 0.00 0.00 0.00 0.00 0.00 0.00 0.00 0.00 0.00 0.00 0.00 0.00 0.00 0.00 0.00 
  76    G  8.53 4.10 0.00 0.00 0.00 0.00 0.00 0.00 0.00 0.00 0.00 0.00 0.00 0.00 0.00 0.00 0.00 0.00 0.00 0.00 0.00 0.00 0.00 
