   NUM RES   HA     H       N        CA      CB       C
 --- --- ------ ------ -------- ------- ------- --------
  1     M  4.4778 8.1633 118.3268 55.2878 33.3941 173.7590
  2     Q  4.8326 8.3058 119.0352 52.8362 31.1543 173.1342
  3     I  4.9351 9.0390 116.7302 59.0794 42.1437 173.5227
  4     F  5.3065 9.0596 120.3933 55.6204 42.6186 174.5631
  5     V  5.1505 9.2304 122.8230 61.1412 34.2278 174.2137
  6     K  5.1249 9.1309 128.0694 55.2309 34.2841 176.0913
  7     T  4.8812 8.8306 115.0763 59.8210 71.1175 175.7486
  8     L  4.0650 7.9953 119.4591 57.9772 40.4470 177.8895
  9     T  4.2221 7.9166 108.3402 61.5312 69.2821 175.3376
  10    G  3.8937 8.4579 111.0135 45.2813  0.0000 173.2065
  11    K  4.4160 8.0724 121.3171 55.6667 33.8564 175.5105
  12    T  5.1594 8.4768 122.6249 61.9082 70.9066 173.4084
  13    I  4.5921 9.1435 127.3914 59.8510 40.1055 174.5783
  14    T  4.7736 8.5143 122.5592 61.9154 70.2088 173.9449
  15    L  4.7784 8.4897 125.4988 52.7802 45.8070 174.9090
  16    E  4.7409 8.6046 122.6358 54.9086 30.7788 175.2422
  17    V  4.7359 8.8165 119.5813 60.0172 36.5047 174.2186
  18    E  4.7620 9.5228 120.6131 53.9383 32.3684 176.2126
  19    P  4.1559 0.0000   0.0000 65.4886 31.5745 177.8981
  20    S  4.4443 7.8665 110.0052 58.4868 63.0205 173.6579
  21    D  4.5242 8.1939 121.1638 55.0897 41.3909 175.9895
  22    T  4.7244 8.1405 113.1437 61.0309 71.5595 176.0811
  23    I  3.7020 8.3930 123.5291 64.5770 37.1362 178.4371
  24    E  4.0721 8.1789 119.7317 59.2753 29.4733 178.2921
  25    N  4.2987 8.0469 117.0368 56.5578 39.0214 177.0295
  26    V  3.5724 7.8403 119.6871 66.0034 31.5595 178.1018
  27    K  3.9397 8.4821 118.3957 59.4616 31.8852 179.1471
  28    A  3.9849 8.0578 120.9941 55.0887 18.3765 179.8645
  29    K  3.9582 8.0661 117.0466 59.6281 32.0932 179.6826
  30    I  3.7300 7.7187 120.2168 64.2358 36.9260 178.1868
  31    Q  4.0417 8.3005 120.6376 59.3013 28.6705 177.8793
  32    D  4.3221 7.9078 117.7760 57.2870 41.3055 178.0234
  33    K  4.1804 7.8395 117.5931 58.4728 32.3980 178.2086
  34    E  4.6119 8.8075 116.1526 55.2192 31.0105 177.2524
  35    G  3.8528 8.2537 106.9809 45.4683  0.0000 173.2407
  36    I  4.0929 7.4451 120.5223 59.2053 37.6202 174.1290
  37    P  4.3466 0.0000   0.0000 61.9406 31.8977 175.6722
  38    P  4.2519 0.0000   0.0000 65.7222 31.3943 178.0286
  39    D  4.4787 8.0624 115.7760 55.2918 39.7555 176.7036
  40    Q  4.4348 8.3850 118.6132 55.8082 29.3516 174.4567
  41    Q  5.0803 7.5383 117.3714 54.1493 31.1323 175.3390
  42    R  4.6210 8.9404 121.7806 54.4275 33.6361 174.2571
  43    L  5.1970 8.5380 123.7925 53.1009 44.3147 175.4641
  44    I  5.0690 8.8224 124.1795 59.4622 41.0118 174.3836
  45    F  5.0177 9.0134 127.7467 56.9297 42.7232 174.4355
  46    A  3.4972 9.0725 128.8738 53.0222 15.9231 177.6567
  47    G  3.9136 8.3740 106.4244 46.5611  0.0000 174.1633
  48    K  4.5675 7.9511 119.9494 54.2067 34.3956 174.9990
  49    Q  4.5766 8.4898 124.5576 55.8662 29.7232 175.0531
  50    L  4.1445 8.5803 127.2889 54.1200 42.7281 176.3402
  51    E  4.5635 8.5961 122.2071 55.3163 30.9056 177.5688
  52    D  4.3796 8.9593 122.3162 56.9087 41.1225 177.5862
  53    G  3.9218 8.0586 105.7098 45.4497  0.0000 173.2225
  54    R  4.6063 7.7543 119.5339 54.4935 32.8044 175.0936
  55    T  5.0436 8.4128 109.4288 59.7803 71.3868 175.7865
  56    L  4.0585 8.3927 121.9793 58.0756 41.4932 180.1532
  57    S  4.1638 8.1398 114.0788 61.5274 62.5662 176.2810
  58    D  4.2700 7.7028 121.8183 56.5649 40.4368 177.2167
  59    Y  4.5771 7.4890 114.9365 56.4399 38.4713 175.0618
  60    N  4.1849 8.0421 115.8580 54.1445 36.9699 174.5976
  61    I  3.7372 7.7168 117.7162 60.8774 38.1154 176.0180
  62    Q  4.6320 8.2041 123.9403 53.0634 31.2725 175.0130
  63    K  3.9405 8.3810 117.9826 58.9241 32.5320 176.3696
  64    E  4.1032 8.9406 119.5290 57.6001 27.6164 174.8308
  65    S  4.6445 7.8380 114.5621 58.8572 64.3617 173.2479
  66    T  5.1540 8.7188 119.2584 62.0831 70.2866 173.9112
  67    L  4.9700 9.7745 127.0425 53.5451 44.9796 174.9543
  68    H  5.2979 8.9917 117.9850 54.0124 31.0946 172.8728
  69    L  5.0656 9.1570 125.3888 53.2917 44.4060 175.0131
  70    V  4.6383 8.8992 126.0757 61.0677 34.4833 173.8402
  71    L  5.0293 8.5703 127.2676 53.1903 43.3856 175.5568
  72    R  4.5466 8.7498 124.6372 54.5290 31.5983 174.9910
  73    L  4.6105 8.3109 126.4950 52.7888 43.1998 177.2236
  74    R  3.9022 8.8489 124.9131 59.3290 30.3720 177.8399
  75    G  3.5981 8.0707 105.7109 46.9010  0.0000 173.3582
  76    G  4.0423 7.6150 112.3093 45.5444  0.0000 172.9725

  NUM RES  H    HA   HB   HB2  HB3  HD1  HD2  HD21 HD22 HD3  HE   HE1  HE2  HE21 HE22 HE3  HG   HG1  HG12 HG13 HG2  HG3  HZ   
  1     M  8.16 4.48 0.00 2.11 2.26 0.00 0.00 0.00 0.00 0.00 -0.21 0.00 0.00 0.00 0.00 0.00 0.00 0.00 0.00 0.00 2.55 2.58 0.00 
  2     Q  8.31 4.83 0.00 2.11 2.04 0.00 0.00 0.00 0.00 0.00 0.00 0.00 0.00 7.24 6.71 0.00 0.00 0.00 0.00 0.00 2.37 2.42 0.00 
  3     I  9.04 4.94 1.87 0.00 0.00 0.79 0.00 0.00 0.00 0.00 0.00 0.00 0.00 0.00 0.00 0.00 0.00 0.00 1.10 0.62 0.81 0.00 0.00 
  4     F  9.06 5.31 0.00 2.17 2.17 0.00 0.00 0.00 0.00 0.00 0.00 0.00 0.00 0.00 0.00 0.00 0.00 0.00 0.00 0.00 0.00 0.00 0.00 
  5     V  9.23 5.15 2.08 0.00 0.00 0.00 0.00 0.00 0.00 0.00 0.00 0.00 0.00 0.00 0.00 0.00 0.00 0.95 0.00 0.00 0.93 0.00 0.00 
  6     K  9.13 5.12 0.00 1.71 1.69 0.00 1.70 0.00 0.00 1.70 0.00 0.00 2.91 0.00 0.00 2.88 0.00 0.00 0.00 0.00 1.38 1.36 7.81 
  7     T  8.83 4.88 4.24 0.00 0.00 0.00 0.00 0.00 0.00 0.00 0.00 0.00 0.00 0.00 0.00 0.00 0.00 0.00 0.00 0.00 1.29 0.00 0.00 
  8     L  8.00 4.06 0.00 1.78 1.84 0.93 0.89 0.00 0.00 0.00 0.00 0.00 0.00 0.00 0.00 0.00 1.82 0.00 0.00 0.00 0.00 0.00 0.00 
  9     T  7.92 4.22 4.24 0.00 0.00 0.00 0.00 0.00 0.00 0.00 0.00 0.00 0.00 0.00 0.00 0.00 0.00 0.00 0.00 0.00 1.22 0.00 0.00 
  10    G  8.46 3.89 0.00 0.00 0.00 0.00 0.00 0.00 0.00 0.00 0.00 0.00 0.00 0.00 0.00 0.00 0.00 0.00 0.00 0.00 0.00 0.00 0.00 
  11    K  8.07 4.42 0.00 1.86 1.67 0.00 1.58 0.00 0.00 1.65 0.00 0.00 2.87 0.00 0.00 2.86 0.00 0.00 0.00 0.00 1.40 1.41 7.81 
  12    T  8.48 5.16 4.24 0.00 0.00 0.00 0.00 0.00 0.00 0.00 0.00 0.00 0.00 0.00 0.00 0.00 0.00 0.00 0.00 0.00 1.32 0.00 0.00 
  13    I  9.14 4.59 1.87 0.00 0.00 0.87 0.00 0.00 0.00 0.00 0.00 0.00 0.00 0.00 0.00 0.00 0.00 0.00 1.25 0.95 0.92 0.00 0.00 
  14    T  8.51 4.77 4.24 0.00 0.00 0.00 0.00 0.00 0.00 0.00 0.00 0.00 0.00 0.00 0.00 0.00 0.00 0.00 0.00 0.00 0.93 0.00 0.00 
  15    L  8.49 4.78 0.00 1.52 1.51 0.89 0.47 0.00 0.00 0.00 0.00 0.00 0.00 0.00 0.00 0.00 1.28 0.00 0.00 0.00 0.00 0.00 0.00 
  16    E  8.60 4.74 0.00 1.96 1.84 0.00 0.00 0.00 0.00 0.00 0.00 0.00 0.00 0.00 0.00 0.00 0.00 0.00 0.00 0.00 2.21 2.32 0.00 
  17    V  8.82 4.74 2.08 0.00 0.00 0.00 0.00 0.00 0.00 0.00 0.00 0.00 0.00 0.00 0.00 0.00 0.00 0.77 0.00 0.00 0.91 0.00 0.00 
  18    E  9.52 4.76 0.00 1.79 1.80 0.00 0.00 0.00 0.00 0.00 0.00 0.00 0.00 0.00 0.00 0.00 0.00 0.00 0.00 0.00 2.21 2.39 0.00 
  19    P  0.00 4.16 0.00 2.17 2.11 0.00 3.58 0.00 0.00 3.69 0.00 0.00 0.00 0.00 0.00 0.00 0.00 0.00 0.00 0.00 2.11 2.08 0.00 
  20    S  7.87 4.44 0.00 3.82 3.86 0.00 0.00 0.00 0.00 0.00 0.00 0.00 0.00 0.00 0.00 0.00 0.00 0.00 0.00 0.00 0.00 0.00 0.00 
  21    D  8.19 4.52 0.00 2.73 2.57 0.00 0.00 0.00 0.00 0.00 0.00 0.00 0.00 0.00 0.00 0.00 0.00 0.00 0.00 0.00 0.00 0.00 0.00 
  22    T  8.14 4.72 4.24 0.00 0.00 0.00 0.00 0.00 0.00 0.00 0.00 0.00 0.00 0.00 0.00 0.00 0.00 0.00 0.00 0.00 1.21 0.00 0.00 
  23    I  8.39 3.70 1.87 0.00 0.00 0.85 0.00 0.00 0.00 0.00 0.00 0.00 0.00 0.00 0.00 0.00 0.00 0.00 1.73 1.06 0.91 0.00 0.00 
  24    E  8.18 4.07 0.00 1.99 1.94 0.00 0.00 0.00 0.00 0.00 0.00 0.00 0.00 0.00 0.00 0.00 0.00 0.00 0.00 0.00 2.38 2.31 0.00 
  25    N  8.05 4.30 0.00 2.83 2.79 0.00 0.00 6.81 7.65 0.00 0.00 0.00 0.00 0.00 0.00 0.00 0.00 0.00 0.00 0.00 0.00 0.00 0.00 
  26    V  7.84 3.57 2.08 0.00 0.00 0.00 0.00 0.00 0.00 0.00 0.00 0.00 0.00 0.00 0.00 0.00 0.00 1.03 0.00 0.00 0.97 0.00 0.00 
  27    K  8.48 3.94 0.00 1.81 1.84 0.00 1.72 0.00 0.00 1.65 0.00 0.00 2.95 0.00 0.00 2.94 0.00 0.00 0.00 0.00 1.46 1.46 7.81 
  28    A  8.06 3.98 1.32 0.00 0.00 0.00 0.00 0.00 0.00 0.00 0.00 0.00 0.00 0.00 0.00 0.00 0.00 0.00 0.00 0.00 0.00 0.00 0.00 
  29    K  8.07 3.96 0.00 1.83 1.87 0.00 1.67 0.00 0.00 1.65 0.00 0.00 2.94 0.00 0.00 3.00 0.00 0.00 0.00 0.00 1.46 1.48 7.81 
  30    I  7.72 3.73 1.87 0.00 0.00 0.86 0.00 0.00 0.00 0.00 0.00 0.00 0.00 0.00 0.00 0.00 0.00 0.00 1.40 0.82 0.94 0.00 0.00 
  31    Q  8.30 4.04 0.00 2.11 2.09 0.00 0.00 0.00 0.00 0.00 0.00 0.00 0.00 7.16 6.80 0.00 0.00 0.00 0.00 0.00 2.36 2.37 0.00 
  32    D  7.91 4.32 0.00 2.71 2.68 0.00 0.00 0.00 0.00 0.00 0.00 0.00 0.00 0.00 0.00 0.00 0.00 0.00 0.00 0.00 0.00 0.00 0.00 
  33    K  7.84 4.18 0.00 1.81 1.84 0.00 1.71 0.00 0.00 1.70 0.00 0.00 3.02 0.00 0.00 2.94 0.00 0.00 0.00 0.00 1.46 1.47 7.81 
  34    E  8.81 4.61 0.00 1.85 1.96 0.00 0.00 0.00 0.00 0.00 0.00 0.00 0.00 0.00 0.00 0.00 0.00 0.00 0.00 0.00 2.24 2.42 0.00 
  35    G  8.25 3.85 0.00 0.00 0.00 0.00 0.00 0.00 0.00 0.00 0.00 0.00 0.00 0.00 0.00 0.00 0.00 0.00 0.00 0.00 0.00 0.00 0.00 
  36    I  7.45 4.09 1.87 0.00 0.00 0.87 0.00 0.00 0.00 0.00 0.00 0.00 0.00 0.00 0.00 0.00 0.00 0.00 1.42 0.75 0.91 0.00 0.00 
  37    P  0.00 4.35 0.00 2.17 1.98 0.00 3.62 0.00 0.00 3.77 0.00 0.00 0.00 0.00 0.00 0.00 0.00 0.00 0.00 0.00 2.11 2.11 0.00 
  38    P  0.00 4.25 0.00 2.17 2.12 0.00 3.59 0.00 0.00 3.82 0.00 0.00 0.00 0.00 0.00 0.00 0.00 0.00 0.00 0.00 2.12 2.10 0.00 
  39    D  8.06 4.48 0.00 2.78 2.80 0.00 0.00 0.00 0.00 0.00 0.00 0.00 0.00 0.00 0.00 0.00 0.00 0.00 0.00 0.00 0.00 0.00 0.00 
  40    Q  8.38 4.43 0.00 2.11 2.15 0.00 0.00 0.00 0.00 0.00 0.00 0.00 0.00 7.94 6.82 0.00 0.00 0.00 0.00 0.00 2.30 2.31 0.00 
  41    Q  7.54 5.08 0.00 1.89 1.99 0.00 0.00 0.00 0.00 0.00 0.00 0.00 0.00 7.44 6.55 0.00 0.00 0.00 0.00 0.00 2.30 2.31 0.00 
  42    R  8.94 4.62 0.00 1.70 1.79 0.00 3.09 0.00 0.00 3.17 7.17 0.00 0.00 0.00 0.00 0.00 0.00 0.00 0.00 0.00 1.53 1.56 0.00 
  43    L  8.54 5.20 0.00 1.58 1.56 0.91 0.74 0.00 0.00 0.00 0.00 0.00 0.00 0.00 0.00 0.00 1.56 0.00 0.00 0.00 0.00 0.00 0.00 
  44    I  8.82 5.07 1.87 0.00 0.00 0.86 0.00 0.00 0.00 0.00 0.00 0.00 0.00 0.00 0.00 0.00 0.00 0.00 1.10 0.64 0.89 0.00 0.00 
  45    F  9.01 5.02 0.00 2.32 2.07 0.00 0.00 0.00 0.00 0.00 0.00 0.00 0.00 0.00 0.00 0.00 0.00 0.00 0.00 0.00 0.00 0.00 0.00 
  46    A  9.07 3.50 1.32 0.00 0.00 0.00 0.00 0.00 0.00 0.00 0.00 0.00 0.00 0.00 0.00 0.00 0.00 0.00 0.00 0.00 0.00 0.00 0.00 
  47    G  8.37 3.91 0.00 0.00 0.00 0.00 0.00 0.00 0.00 0.00 0.00 0.00 0.00 0.00 0.00 0.00 0.00 0.00 0.00 0.00 0.00 0.00 0.00 
  48    K  7.95 4.57 0.00 1.77 1.69 0.00 1.66 0.00 0.00 1.57 0.00 0.00 2.88 0.00 0.00 2.88 0.00 0.00 0.00 0.00 1.35 1.33 7.81 
  49    Q  8.49 4.58 0.00 2.06 2.00 0.00 0.00 0.00 0.00 0.00 0.00 0.00 0.00 7.69 6.88 0.00 0.00 0.00 0.00 0.00 2.34 2.39 0.00 
  50    L  8.58 4.14 0.00 1.55 1.57 0.76 -0.25 0.00 0.00 0.00 0.00 0.00 0.00 0.00 0.00 0.00 1.54 0.00 0.00 0.00 0.00 0.00 0.00 
  51    E  8.60 4.56 0.00 1.93 1.85 0.00 0.00 0.00 0.00 0.00 0.00 0.00 0.00 0.00 0.00 0.00 0.00 0.00 0.00 0.00 2.28 2.28 0.00 
  52    D  8.96 4.38 0.00 2.66 2.73 0.00 0.00 0.00 0.00 0.00 0.00 0.00 0.00 0.00 0.00 0.00 0.00 0.00 0.00 0.00 0.00 0.00 0.00 
  53    G  8.06 3.92 0.00 0.00 0.00 0.00 0.00 0.00 0.00 0.00 0.00 0.00 0.00 0.00 0.00 0.00 0.00 0.00 0.00 0.00 0.00 0.00 0.00 
  54    R  7.75 4.61 0.00 1.77 1.83 0.00 3.26 0.00 0.00 3.22 7.39 0.00 0.00 0.00 0.00 0.00 0.00 0.00 0.00 0.00 1.55 1.67 0.00 
  55    T  8.41 5.04 4.24 0.00 0.00 0.00 0.00 0.00 0.00 0.00 0.00 0.00 0.00 0.00 0.00 0.00 0.00 0.00 0.00 0.00 1.24 0.00 0.00 
  56    L  8.39 4.06 0.00 1.75 1.76 0.95 0.80 0.00 0.00 0.00 0.00 0.00 0.00 0.00 0.00 0.00 1.68 0.00 0.00 0.00 0.00 0.00 0.00 
  57    S  8.14 4.16 0.00 4.06 4.13 0.00 0.00 0.00 0.00 0.00 0.00 0.00 0.00 0.00 0.00 0.00 0.00 0.00 0.00 0.00 0.00 0.00 0.00 
  58    D  7.70 4.27 0.00 2.62 2.78 0.00 0.00 0.00 0.00 0.00 0.00 0.00 0.00 0.00 0.00 0.00 0.00 0.00 0.00 0.00 0.00 0.00 0.00 
  59    Y  7.49 4.58 0.00 2.29 2.30 0.00 0.00 0.00 0.00 0.00 0.00 0.00 0.00 0.00 0.00 0.00 0.00 0.00 0.00 0.00 0.00 0.00 0.00 
  60    N  8.04 4.18 0.00 2.83 2.87 0.00 0.00 6.96 7.07 0.00 0.00 0.00 0.00 0.00 0.00 0.00 0.00 0.00 0.00 0.00 0.00 0.00 0.00 
  61    I  7.72 3.74 1.87 0.00 0.00 0.48 0.00 0.00 0.00 0.00 0.00 0.00 0.00 0.00 0.00 0.00 0.00 0.00 -0.23 0.18 0.59 0.00 0.00 
  62    Q  8.20 4.63 0.00 2.04 2.00 0.00 0.00 0.00 0.00 0.00 0.00 0.00 0.00 7.81 6.92 0.00 0.00 0.00 0.00 0.00 2.28 2.40 0.00 
  63    K  8.38 3.94 0.00 1.86 1.84 0.00 1.69 0.00 0.00 1.70 0.00 0.00 3.01 0.00 0.00 3.04 0.00 0.00 0.00 0.00 1.41 1.49 7.81 
  64    E  8.94 4.10 0.00 2.14 2.11 0.00 0.00 0.00 0.00 0.00 0.00 0.00 0.00 0.00 0.00 0.00 0.00 0.00 0.00 0.00 2.23 2.26 0.00 
  65    S  7.84 4.64 0.00 3.79 3.77 0.00 0.00 0.00 0.00 0.00 0.00 0.00 0.00 0.00 0.00 0.00 0.00 0.00 0.00 0.00 0.00 0.00 0.00 
  66    T  8.72 5.15 4.24 0.00 0.00 0.00 0.00 0.00 0.00 0.00 0.00 0.00 0.00 0.00 0.00 0.00 0.00 0.00 0.00 0.00 1.22 0.00 0.00 
  67    L  9.77 4.97 0.00 1.46 1.55 0.88 0.80 0.00 0.00 0.00 0.00 0.00 0.00 0.00 0.00 0.00 1.62 0.00 0.00 0.00 0.00 0.00 0.00 
  68    H  8.99 5.30 0.00 2.88 2.93 0.00 5.77 0.00 0.00 0.00 0.00 6.77 0.00 0.00 0.00 0.00 0.00 0.00 0.00 0.00 0.00 0.00 0.00 
  69    L  9.16 5.07 0.00 1.69 1.50 1.04 0.72 0.00 0.00 0.00 0.00 0.00 0.00 0.00 0.00 0.00 1.34 0.00 0.00 0.00 0.00 0.00 0.00 
  70    V  8.90 4.64 2.08 0.00 0.00 0.00 0.00 0.00 0.00 0.00 0.00 0.00 0.00 0.00 0.00 0.00 0.00 1.01 0.00 0.00 0.94 0.00 0.00 
  71    L  8.57 5.03 0.00 1.56 1.57 0.93 0.87 0.00 0.00 0.00 0.00 0.00 0.00 0.00 0.00 0.00 1.54 0.00 0.00 0.00 0.00 0.00 0.00 
  72    R  8.75 4.55 0.00 1.78 1.80 0.00 3.23 0.00 0.00 3.22 7.17 0.00 0.00 0.00 0.00 0.00 0.00 0.00 0.00 0.00 1.54 1.57 0.00 
  73    L  8.31 4.61 0.00 1.73 1.56 0.92 0.84 0.00 0.00 0.00 0.00 0.00 0.00 0.00 0.00 0.00 1.62 0.00 0.00 0.00 0.00 0.00 0.00 
  74    R  8.85 3.90 0.00 1.77 1.96 0.00 3.24 0.00 0.00 3.23 7.31 0.00 0.00 0.00 0.00 0.00 0.00 0.00 0.00 0.00 1.61 1.63 0.00 
  75    G  8.07 3.60 0.00 0.00 0.00 0.00 0.00 0.00 0.00 0.00 0.00 0.00 0.00 0.00 0.00 0.00 0.00 0.00 0.00 0.00 0.00 0.00 0.00 
  76    G  7.61 4.04 0.00 0.00 0.00 0.00 0.00 0.00 0.00 0.00 0.00 0.00 0.00 0.00 0.00 0.00 0.00 0.00 0.00 0.00 0.00 0.00 0.00 
