   NUM RES   HA     H       N        CA      CB       C
 --- --- ------ ------ -------- ------- ------- --------
  1     M  4.4794 8.1633 118.3272 55.2832 33.4018 173.7515
  2     Q  4.8259 8.3049 119.0414 52.8687 31.1261 173.1620
  3     I  4.9110 9.0159 116.7774 59.0655 42.2599 173.5489
  4     F  5.3855 9.0439 120.3970 55.6351 42.7298 174.5136
  5     V  5.0783 9.0448 122.8713 61.1442 34.1880 174.2410
  6     K  5.1447 9.0307 127.8696 55.2527 34.3318 176.0132
  7     T  4.8623 8.6584 114.5152 59.8167 71.2576 175.7351
  8     L  4.0284 8.6731 121.8843 57.3034 41.7209 178.2276
  9     T  4.2427 7.9330 107.1223 61.2924 69.1457 175.3632
  10    G  3.8691 8.3491 110.3888 45.5163  0.0000 173.2446
  11    K  4.4577 7.9307 121.1270 55.4918 33.9688 175.4910
  12    T  5.1255 8.4627 122.3457 61.8909 71.0414 173.3300
  13    I  4.5963 9.0503 127.3733 59.8600 40.0957 174.5884
  14    T  4.8424 8.5200 122.5853 61.9923 70.1944 174.0173
  15    L  4.7898 8.4458 125.2264 52.7946 46.0249 174.9252
  16    E  4.7605 8.6357 122.7716 54.9301 30.7584 175.2379
  17    V  4.6319 8.8533 119.5730 60.0267 36.6158 174.1801
  18    E  4.7621 10.3074 121.0786 53.9344 32.2733 176.1965
  19    P  4.3760 0.0000   0.0000 65.4816 31.5654 177.8184
  20    S  4.4514 7.8709 110.0424 58.4418 62.9308 173.6674
  21    D  4.5203 8.3166 121.1277 55.1105 41.3536 175.9983
  22    T  4.7014 8.1382 113.0591 61.0172 71.5091 176.0575
  23    I  3.6579 8.3213 123.4670 64.5969 37.1416 178.4332
  24    E  3.9013 8.1618 119.6855 59.2426 29.4778 178.2963
  25    N  4.2933 8.0171 116.9234 56.5909 39.0368 177.0139
  26    V  3.5769 7.9371 119.7326 65.9993 31.5359 178.0885
  27    K  3.9383 8.3909 118.2649 59.4556 31.8809 179.1424
  28    A  3.9825 8.0188 120.9941 55.0828 18.3962 179.8635
  29    K  3.9540 8.0783 117.0382 59.6331 32.0993 179.6723
  30    I  3.7314 7.7292 120.2045 64.2475 36.8981 178.1898
  31    Q  4.0622 8.2307 120.6004 59.3934 28.6686 178.1096
  32    D  4.3420 7.8949 118.6289 57.3280 40.9124 178.6303
  33    K  4.1811 7.7317 117.4121 58.4995 32.4052 178.3022
  34    E  4.5998 8.7890 116.1575 55.2353 30.9160 177.2494
  35    G  3.8526 8.1550 106.8644 45.4841  0.0000 173.2573
  36    I  4.0927 7.4471 120.5349 59.1943 37.6782 174.1221
  37    P  4.3381 0.0000   0.0000 61.9590 32.0166 175.6555
  38    P  4.3721 0.0000   0.0000 65.7229 31.3975 178.0266
  39    D  4.4776 8.0623 115.8111 55.4107 39.8296 176.5692
  40    Q  4.5000 8.4627 118.5214 55.9020 29.9998 174.8945
  41    Q  5.0434 7.7225 118.4149 54.1681 31.1755 175.3507
  42    R  4.6190 8.8655 121.6671 54.4238 33.7154 174.2207
  43    L  5.1626 8.5245 123.7741 53.1501 44.2291 175.5098
  44    I  5.0786 8.8783 124.1140 59.4717 41.2646 174.2990
  45    F  4.9207 9.0023 127.5645 56.9267 42.8021 174.4612
  46    A  3.4877 8.8847 128.5406 53.0897 15.9314 177.7430
  47    G  3.9330 8.3442 106.4133 46.5412  0.0000 174.1179
  48    K  4.6165 8.0182 119.9378 54.2284 34.4308 174.9973
  49    Q  4.5350 8.5463 124.5283 55.8809 29.7184 175.0573
  50    L  4.1744 8.5663 127.2803 54.1249 42.6979 176.3776
  51    E  4.5588 8.5654 122.3191 55.3500 30.9332 177.5501
  52    D  4.3827 8.9499 122.0860 56.7740 41.1390 177.5544
  53    G  3.9529 8.0523 105.9743 45.3019  0.0000 173.2250
  54    R  4.6544 7.7508 119.4706 54.4616 32.8636 175.0694
  55    T  5.0261 8.1513 108.9529 59.7442 71.4210 175.7371
  56    L  4.0130 8.3954 121.8498 58.2399 41.4758 180.1827
  57    S  4.1581 8.1634 114.9502 61.6465 62.4673 176.4743
  58    D  4.3142 7.7819 120.9829 56.6903 40.4513 177.3286
  59    Y  4.3921 7.5828 115.0122 56.3908 38.4656 175.0598
  60    N  4.1391 7.9901 115.7693 54.1210 36.9539 174.6230
  61    I  3.6677 7.6390 117.8115 60.8559 38.1514 176.0086
  62    Q  4.6307 8.2599 123.9878 53.0496 31.2774 175.0254
  63    K  3.9729 8.3855 117.9724 58.9300 32.5307 176.3721
  64    E  4.1025 8.9618 119.5314 57.5918 27.6365 174.8446
  65    S  4.6518 7.8907 114.6147 58.8711 64.3806 173.2374
  66    T  5.1496 8.6768 119.1868 62.0890 70.2289 173.9373
  67    L  4.9170 9.6660 127.2810 53.5565 44.9296 174.9713
  68    H  5.1243 8.9724 118.0659 53.9955 31.5589 172.8372
  69    L  5.0871 8.6552 125.3868 53.3238 43.9144 175.5260
  70    V  4.4629 8.9938 125.9984 61.0797 34.3540 173.8606
  71    L  5.0513 8.5779 127.4741 53.2797 43.2416 175.5675
  72    R  4.5401 8.4598 124.4003 54.1439 31.8640 175.8789
  73    L  4.6959 8.2735 126.2651 54.0631 42.4053 175.9444
  74    R  4.4243 7.9156 115.9826 56.5145 32.6234 174.7917
  75    G  3.9774 8.9291 110.3808 45.0839  0.0000 173.8991
  76    G  3.7667 7.8103 112.7103 45.8889  0.0000 173.4070

  NUM RES  H    HA   HB   HB2  HB3  HD1  HD2  HD21 HD22 HD3  HE   HE1  HE2  HE21 HE22 HE3  HG   HG1  HG12 HG13 HG2  HG3  HZ   
  1     M  8.16 4.48 0.00 2.11 2.26 0.00 0.00 0.00 0.00 0.00 -0.21 0.00 0.00 0.00 0.00 0.00 0.00 0.00 0.00 0.00 2.55 2.58 0.00 
  2     Q  8.30 4.83 0.00 2.11 2.04 0.00 0.00 0.00 0.00 0.00 0.00 0.00 0.00 7.24 6.70 0.00 0.00 0.00 0.00 0.00 2.38 2.42 0.00 
  3     I  9.02 4.91 1.87 0.00 0.00 0.81 0.00 0.00 0.00 0.00 0.00 0.00 0.00 0.00 0.00 0.00 0.00 0.00 1.11 0.80 0.83 0.00 0.00 
  4     F  9.04 5.39 0.00 2.17 2.17 0.00 0.00 0.00 0.00 0.00 0.00 0.00 0.00 0.00 0.00 0.00 0.00 0.00 0.00 0.00 0.00 0.00 0.00 
  5     V  9.04 5.08 2.08 0.00 0.00 0.00 0.00 0.00 0.00 0.00 0.00 0.00 0.00 0.00 0.00 0.00 0.00 0.90 0.00 0.00 0.94 0.00 0.00 
  6     K  9.03 5.14 0.00 1.73 1.69 0.00 1.69 0.00 0.00 1.70 0.00 0.00 2.91 0.00 0.00 2.89 0.00 0.00 0.00 0.00 1.38 1.37 7.81 
  7     T  8.66 4.86 4.24 0.00 0.00 0.00 0.00 0.00 0.00 0.00 0.00 0.00 0.00 0.00 0.00 0.00 0.00 0.00 0.00 0.00 1.28 0.00 0.00 
  8     L  8.67 4.03 0.00 1.66 1.78 0.92 0.85 0.00 0.00 0.00 0.00 0.00 0.00 0.00 0.00 0.00 1.82 0.00 0.00 0.00 0.00 0.00 0.00 
  9     T  7.93 4.24 4.24 0.00 0.00 0.00 0.00 0.00 0.00 0.00 0.00 0.00 0.00 0.00 0.00 0.00 0.00 0.00 0.00 0.00 1.21 0.00 0.00 
  10    G  8.35 3.87 0.00 0.00 0.00 0.00 0.00 0.00 0.00 0.00 0.00 0.00 0.00 0.00 0.00 0.00 0.00 0.00 0.00 0.00 0.00 0.00 0.00 
  11    K  7.93 4.46 0.00 1.87 1.67 0.00 1.58 0.00 0.00 1.65 0.00 0.00 2.86 0.00 0.00 2.87 0.00 0.00 0.00 0.00 1.39 1.41 7.81 
  12    T  8.46 5.13 4.24 0.00 0.00 0.00 0.00 0.00 0.00 0.00 0.00 0.00 0.00 0.00 0.00 0.00 0.00 0.00 0.00 0.00 1.30 0.00 0.00 
  13    I  9.05 4.60 1.87 0.00 0.00 0.87 0.00 0.00 0.00 0.00 0.00 0.00 0.00 0.00 0.00 0.00 0.00 0.00 1.25 0.93 0.92 0.00 0.00 
  14    T  8.52 4.84 4.24 0.00 0.00 0.00 0.00 0.00 0.00 0.00 0.00 0.00 0.00 0.00 0.00 0.00 0.00 0.00 0.00 0.00 0.99 0.00 0.00 
  15    L  8.45 4.79 0.00 1.55 1.50 0.89 0.50 0.00 0.00 0.00 0.00 0.00 0.00 0.00 0.00 0.00 1.34 0.00 0.00 0.00 0.00 0.00 0.00 
  16    E  8.64 4.76 0.00 1.96 1.84 0.00 0.00 0.00 0.00 0.00 0.00 0.00 0.00 0.00 0.00 0.00 0.00 0.00 0.00 0.00 2.21 2.26 0.00 
  17    V  8.85 4.63 2.08 0.00 0.00 0.00 0.00 0.00 0.00 0.00 0.00 0.00 0.00 0.00 0.00 0.00 0.00 0.77 0.00 0.00 0.92 0.00 0.00 
  18    E  10.31 4.76 0.00 1.93 1.80 0.00 0.00 0.00 0.00 0.00 0.00 0.00 0.00 0.00 0.00 0.00 0.00 0.00 0.00 0.00 2.21 2.29 0.00 
  19    P  0.00 4.38 0.00 2.17 2.11 0.00 3.58 0.00 0.00 3.69 0.00 0.00 0.00 0.00 0.00 0.00 0.00 0.00 0.00 0.00 2.11 2.08 0.00 
  20    S  7.87 4.45 0.00 3.82 3.86 0.00 0.00 0.00 0.00 0.00 0.00 0.00 0.00 0.00 0.00 0.00 0.00 0.00 0.00 0.00 0.00 0.00 0.00 
  21    D  8.32 4.52 0.00 2.70 2.57 0.00 0.00 0.00 0.00 0.00 0.00 0.00 0.00 0.00 0.00 0.00 0.00 0.00 0.00 0.00 0.00 0.00 0.00 
  22    T  8.14 4.70 4.24 0.00 0.00 0.00 0.00 0.00 0.00 0.00 0.00 0.00 0.00 0.00 0.00 0.00 0.00 0.00 0.00 0.00 1.22 0.00 0.00 
  23    I  8.32 3.66 1.87 0.00 0.00 0.76 0.00 0.00 0.00 0.00 0.00 0.00 0.00 0.00 0.00 0.00 0.00 0.00 1.68 1.02 0.88 0.00 0.00 
  24    E  8.16 3.90 0.00 2.03 1.94 0.00 0.00 0.00 0.00 0.00 0.00 0.00 0.00 0.00 0.00 0.00 0.00 0.00 0.00 0.00 2.38 2.37 0.00 
  25    N  8.02 4.29 0.00 2.91 2.79 0.00 0.00 6.89 7.36 0.00 0.00 0.00 0.00 0.00 0.00 0.00 0.00 0.00 0.00 0.00 0.00 0.00 0.00 
  26    V  7.94 3.58 2.08 0.00 0.00 0.00 0.00 0.00 0.00 0.00 0.00 0.00 0.00 0.00 0.00 0.00 0.00 1.03 0.00 0.00 0.95 0.00 0.00 
  27    K  8.39 3.94 0.00 1.82 1.84 0.00 1.72 0.00 0.00 1.65 0.00 0.00 2.96 0.00 0.00 2.94 0.00 0.00 0.00 0.00 1.46 1.46 7.81 
  28    A  8.02 3.98 1.32 0.00 0.00 0.00 0.00 0.00 0.00 0.00 0.00 0.00 0.00 0.00 0.00 0.00 0.00 0.00 0.00 0.00 0.00 0.00 0.00 
  29    K  8.08 3.95 0.00 1.83 1.87 0.00 1.67 0.00 0.00 1.65 0.00 0.00 2.94 0.00 0.00 3.00 0.00 0.00 0.00 0.00 1.46 1.48 7.81 
  30    I  7.73 3.73 1.87 0.00 0.00 0.86 0.00 0.00 0.00 0.00 0.00 0.00 0.00 0.00 0.00 0.00 0.00 0.00 1.40 0.81 0.94 0.00 0.00 
  31    Q  8.23 4.06 0.00 2.11 2.09 0.00 0.00 0.00 0.00 0.00 0.00 0.00 0.00 7.35 6.80 0.00 0.00 0.00 0.00 0.00 2.36 2.40 0.00 
  32    D  7.89 4.34 0.00 2.70 2.72 0.00 0.00 0.00 0.00 0.00 0.00 0.00 0.00 0.00 0.00 0.00 0.00 0.00 0.00 0.00 0.00 0.00 0.00 
  33    K  7.73 4.18 0.00 1.77 1.86 0.00 1.66 0.00 0.00 1.70 0.00 0.00 3.02 0.00 0.00 3.00 0.00 0.00 0.00 0.00 1.46 1.47 7.81 
  34    E  8.79 4.60 0.00 1.85 1.96 0.00 0.00 0.00 0.00 0.00 0.00 0.00 0.00 0.00 0.00 0.00 0.00 0.00 0.00 0.00 2.24 2.43 0.00 
  35    G  8.16 3.85 0.00 0.00 0.00 0.00 0.00 0.00 0.00 0.00 0.00 0.00 0.00 0.00 0.00 0.00 0.00 0.00 0.00 0.00 0.00 0.00 0.00 
  36    I  7.45 4.09 1.87 0.00 0.00 0.86 0.00 0.00 0.00 0.00 0.00 0.00 0.00 0.00 0.00 0.00 0.00 0.00 1.42 0.76 0.91 0.00 0.00 
  37    P  0.00 4.34 0.00 2.17 1.98 0.00 3.62 0.00 0.00 3.77 0.00 0.00 0.00 0.00 0.00 0.00 0.00 0.00 0.00 0.00 2.11 2.11 0.00 
  38    P  0.00 4.37 0.00 2.17 2.13 0.00 3.59 0.00 0.00 3.82 0.00 0.00 0.00 0.00 0.00 0.00 0.00 0.00 0.00 0.00 2.12 2.10 0.00 
  39    D  8.06 4.48 0.00 2.78 2.80 0.00 0.00 0.00 0.00 0.00 0.00 0.00 0.00 0.00 0.00 0.00 0.00 0.00 0.00 0.00 0.00 0.00 0.00 
  40    Q  8.46 4.50 0.00 1.98 2.15 0.00 0.00 0.00 0.00 0.00 0.00 0.00 0.00 7.34 6.82 0.00 0.00 0.00 0.00 0.00 2.30 2.32 0.00 
  41    Q  7.72 5.04 0.00 1.93 2.00 0.00 0.00 0.00 0.00 0.00 0.00 0.00 0.00 7.39 6.53 0.00 0.00 0.00 0.00 0.00 2.30 2.31 0.00 
  42    R  8.87 4.62 0.00 1.71 1.79 0.00 3.09 0.00 0.00 3.17 7.17 0.00 0.00 0.00 0.00 0.00 0.00 0.00 0.00 0.00 1.53 1.57 0.00 
  43    L  8.52 5.16 0.00 1.58 1.56 0.89 0.74 0.00 0.00 0.00 0.00 0.00 0.00 0.00 0.00 0.00 1.57 0.00 0.00 0.00 0.00 0.00 0.00 
  44    I  8.88 5.08 1.87 0.00 0.00 0.86 0.00 0.00 0.00 0.00 0.00 0.00 0.00 0.00 0.00 0.00 0.00 0.00 1.11 0.74 0.90 0.00 0.00 
  45    F  9.00 4.92 0.00 2.33 2.06 0.00 0.00 0.00 0.00 0.00 0.00 0.00 0.00 0.00 0.00 0.00 0.00 0.00 0.00 0.00 0.00 0.00 0.00 
  46    A  8.88 3.49 1.32 0.00 0.00 0.00 0.00 0.00 0.00 0.00 0.00 0.00 0.00 0.00 0.00 0.00 0.00 0.00 0.00 0.00 0.00 0.00 0.00 
  47    G  8.34 3.93 0.00 0.00 0.00 0.00 0.00 0.00 0.00 0.00 0.00 0.00 0.00 0.00 0.00 0.00 0.00 0.00 0.00 0.00 0.00 0.00 0.00 
  48    K  8.02 4.62 0.00 1.78 1.69 0.00 1.66 0.00 0.00 1.57 0.00 0.00 2.88 0.00 0.00 2.88 0.00 0.00 0.00 0.00 1.35 1.33 7.81 
  49    Q  8.55 4.53 0.00 2.06 2.00 0.00 0.00 0.00 0.00 0.00 0.00 0.00 0.00 7.69 6.88 0.00 0.00 0.00 0.00 0.00 2.34 2.39 0.00 
  50    L  8.57 4.17 0.00 1.55 1.57 0.69 -0.38 0.00 0.00 0.00 0.00 0.00 0.00 0.00 0.00 0.00 1.54 0.00 0.00 0.00 0.00 0.00 0.00 
  51    E  8.57 4.56 0.00 1.92 1.85 0.00 0.00 0.00 0.00 0.00 0.00 0.00 0.00 0.00 0.00 0.00 0.00 0.00 0.00 0.00 2.28 2.28 0.00 
  52    D  8.95 4.38 0.00 2.64 2.73 0.00 0.00 0.00 0.00 0.00 0.00 0.00 0.00 0.00 0.00 0.00 0.00 0.00 0.00 0.00 0.00 0.00 0.00 
  53    G  8.05 3.95 0.00 0.00 0.00 0.00 0.00 0.00 0.00 0.00 0.00 0.00 0.00 0.00 0.00 0.00 0.00 0.00 0.00 0.00 0.00 0.00 0.00 
  54    R  7.75 4.65 0.00 1.77 1.82 0.00 3.25 0.00 0.00 3.22 7.39 0.00 0.00 0.00 0.00 0.00 0.00 0.00 0.00 0.00 1.54 1.67 0.00 
  55    T  8.15 5.03 4.24 0.00 0.00 0.00 0.00 0.00 0.00 0.00 0.00 0.00 0.00 0.00 0.00 0.00 0.00 0.00 0.00 0.00 1.25 0.00 0.00 
  56    L  8.40 4.01 0.00 1.74 1.76 0.95 1.00 0.00 0.00 0.00 0.00 0.00 0.00 0.00 0.00 0.00 1.67 0.00 0.00 0.00 0.00 0.00 0.00 
  57    S  8.16 4.16 0.00 3.88 3.91 0.00 0.00 0.00 0.00 0.00 0.00 0.00 0.00 0.00 0.00 0.00 0.00 0.00 0.00 0.00 0.00 0.00 0.00 
  58    D  7.78 4.31 0.00 2.59 2.74 0.00 0.00 0.00 0.00 0.00 0.00 0.00 0.00 0.00 0.00 0.00 0.00 0.00 0.00 0.00 0.00 0.00 0.00 
  59    Y  7.58 4.39 0.00 2.29 2.30 0.00 0.00 0.00 0.00 0.00 0.00 0.00 0.00 0.00 0.00 0.00 0.00 0.00 0.00 0.00 0.00 0.00 0.00 
  60    N  7.99 4.14 0.00 2.83 2.86 0.00 0.00 6.90 7.04 0.00 0.00 0.00 0.00 0.00 0.00 0.00 0.00 0.00 0.00 0.00 0.00 0.00 0.00 
  61    I  7.64 3.67 1.87 0.00 0.00 0.52 0.00 0.00 0.00 0.00 0.00 0.00 0.00 0.00 0.00 0.00 0.00 0.00 -0.12 0.03 0.71 0.00 0.00 
  62    Q  8.26 4.63 0.00 2.09 2.00 0.00 0.00 0.00 0.00 0.00 0.00 0.00 0.00 7.79 6.90 0.00 0.00 0.00 0.00 0.00 2.28 2.40 0.00 
  63    K  8.39 3.97 0.00 1.86 1.84 0.00 1.69 0.00 0.00 1.70 0.00 0.00 3.01 0.00 0.00 3.04 0.00 0.00 0.00 0.00 1.41 1.49 7.81 
  64    E  8.96 4.10 0.00 2.14 2.11 0.00 0.00 0.00 0.00 0.00 0.00 0.00 0.00 0.00 0.00 0.00 0.00 0.00 0.00 0.00 2.23 2.26 0.00 
  65    S  7.89 4.65 0.00 3.82 3.77 0.00 0.00 0.00 0.00 0.00 0.00 0.00 0.00 0.00 0.00 0.00 0.00 0.00 0.00 0.00 0.00 0.00 0.00 
  66    T  8.68 5.15 4.24 0.00 0.00 0.00 0.00 0.00 0.00 0.00 0.00 0.00 0.00 0.00 0.00 0.00 0.00 0.00 0.00 0.00 1.21 0.00 0.00 
  67    L  9.67 4.92 0.00 1.50 1.55 1.01 0.82 0.00 0.00 0.00 0.00 0.00 0.00 0.00 0.00 0.00 1.62 0.00 0.00 0.00 0.00 0.00 0.00 
  68    H  8.97 5.12 0.00 2.87 2.93 0.00 5.78 0.00 0.00 0.00 0.00 6.76 0.00 0.00 0.00 0.00 0.00 0.00 0.00 0.00 0.00 0.00 0.00 
  69    L  8.66 5.09 0.00 1.62 1.54 1.01 0.80 0.00 0.00 0.00 0.00 0.00 0.00 0.00 0.00 0.00 1.35 0.00 0.00 0.00 0.00 0.00 0.00 
  70    V  8.99 4.46 2.08 0.00 0.00 0.00 0.00 0.00 0.00 0.00 0.00 0.00 0.00 0.00 0.00 0.00 0.00 0.93 0.00 0.00 0.94 0.00 0.00 
  71    L  8.58 5.05 0.00 1.56 1.57 0.93 0.89 0.00 0.00 0.00 0.00 0.00 0.00 0.00 0.00 0.00 1.57 0.00 0.00 0.00 0.00 0.00 0.00 
  72    R  8.46 4.54 0.00 1.82 1.80 0.00 3.24 0.00 0.00 3.22 7.18 0.00 0.00 0.00 0.00 0.00 0.00 0.00 0.00 0.00 1.54 1.57 0.00 
  73    L  8.27 4.70 0.00 1.64 1.65 0.92 0.86 0.00 0.00 0.00 0.00 0.00 0.00 0.00 0.00 0.00 1.44 0.00 0.00 0.00 0.00 0.00 0.00 
  74    R  7.92 4.42 0.00 1.72 1.74 0.00 3.24 0.00 0.00 3.23 7.39 0.00 0.00 0.00 0.00 0.00 0.00 0.00 0.00 0.00 1.51 1.60 0.00 
  75    G  8.93 3.98 0.00 0.00 0.00 0.00 0.00 0.00 0.00 0.00 0.00 0.00 0.00 0.00 0.00 0.00 0.00 0.00 0.00 0.00 0.00 0.00 0.00 
  76    G  7.81 3.77 0.00 0.00 0.00 0.00 0.00 0.00 0.00 0.00 0.00 0.00 0.00 0.00 0.00 0.00 0.00 0.00 0.00 0.00 0.00 0.00 0.00 
