   NUM RES   HA     H       N        CA      CB       C
 --- --- ------ ------ -------- ------- ------- --------
  1     M  4.4760 8.1633 118.3269 55.2914 33.4182 173.7216
  2     Q  4.8078 8.2856 118.8692 52.8271 31.1100 173.1778
  3     I  4.8758 9.0897 116.8659 59.0617 42.1015 173.5194
  4     F  5.3551 9.0446 120.4471 55.6359 42.6756 174.5950
  5     V  4.8128 9.0859 122.8138 61.1605 34.1857 174.2988
  6     K  5.1300 8.9808 127.7719 55.2902 34.4908 176.0765
  7     T  4.8329 8.7125 114.3742 59.8703 71.2024 175.7534
  8     L  4.0832 8.6453 121.7203 57.3758 41.7153 178.2952
  9     T  4.2277 7.9261 106.8326 61.4261 69.1978 175.3288
  10    G  3.8875 8.2487 110.5137 45.3381  0.0000 173.1993
  11    K  4.4410 7.9930 121.1363 55.5450 33.9141 175.5176
  12    T  5.1183 8.4619 122.4177 61.8803 71.0665 173.3477
  13    I  4.6158 9.0964 127.2291 59.8518 40.2179 174.5694
  14    T  4.9209 8.5254 122.3360 62.0058 70.2016 173.9948
  15    L  4.8079 8.5529 125.2169 52.8103 46.1222 174.9037
  16    E  4.7165 8.6399 122.5924 54.9231 30.7567 175.2707
  17    V  4.7473 9.0461 119.4562 59.9955 36.4607 174.2426
  18    E  4.7742 9.5216 120.7055 53.9329 32.4713 176.1839
  19    P  4.1388 0.0000   0.0000 65.4356 31.5823 177.9653
  20    S  4.4474 7.8647 110.1027 58.5242 63.0512 173.6759
  21    D  4.5275 8.0833 120.9730 55.0936 41.4225 175.9613
  22    T  4.7380 8.0003 112.4217 60.9972 71.4524 176.2462
  23    I  3.7047 8.3470 123.4807 64.5726 37.1330 178.4314
  24    E  3.9355 8.1733 119.6836 59.3964 29.4659 178.5148
  25    N  4.3521 8.0910 116.5555 56.1947 38.5707 177.5488
  26    V  3.5649 7.8089 119.6496 65.9645 31.5439 178.1919
  27    K  3.9412 8.4412 118.3820 59.4635 31.8890 179.1446
  28    A  3.9831 8.1207 120.9869 55.1027 18.3662 179.8707
  29    K  3.9683 8.0184 117.0801 59.6035 32.0290 179.6961
  30    I  3.7318 7.7365 120.2459 64.2320 36.9106 178.1788
  31    Q  4.0238 8.3577 120.7538 59.3101 28.6735 177.8667
  32    D  4.3112 7.9093 117.7579 57.2736 41.2915 178.0813
  33    K  4.1701 7.7580 117.6854 58.6295 32.3973 178.2652
  34    E  4.6060 8.8725 116.0578 55.2171 30.9483 177.2636
  35    G  3.8482 8.2051 106.9562 45.4818  0.0000 173.3162
  36    I  4.0747 7.4557 120.5505 59.2563 37.5158 174.1335
  37    P  4.3410 0.0000   0.0000 61.9740 32.0533 175.6957
  38    P  4.2558 0.0000   0.0000 65.7399 31.3900 178.0278
  39    D  4.4903 8.0624 115.7222 55.3790 39.8250 176.5352
  40    Q  4.5047 8.3886 118.6273 55.9137 29.9776 174.8770
  41    Q  5.1721 7.7436 118.3510 54.1533 31.2154 175.3374
  42    R  4.6285 8.9463 121.7219 54.4149 33.7112 174.2371
  43    L  5.1901 8.5345 123.6808 53.0966 44.3581 175.4517
  44    I  5.0762 8.7730 124.0701 59.4766 41.0523 174.3920
  45    F  4.9899 8.9666 127.4773 56.9409 42.8089 174.4185
  46    A  3.4574 8.9082 128.8276 53.0971 15.9161 177.7337
  47    G  3.9238 8.3269 106.3707 46.5732  0.0000 174.1386
  48    K  4.6303 7.9534 119.8475 54.3049 34.4370 175.2546
  49    Q  4.5792 8.5263 122.1947 55.7204 29.4123 175.5498
  50    L  4.1063 8.5758 124.9702 54.0339 42.7127 176.4763
  51    E  4.5476 8.8089 122.4518 55.4314 30.8853 177.5801
  52    D  4.3862 8.9489 122.0753 56.7598 41.1487 177.5569
  53    G  3.9377 8.0543 105.9235 45.3665  0.0000 173.2376
  54    R  4.6290 7.7508 119.5537 54.4810 32.8484 175.0814
  55    T  5.0223 8.4046 109.3763 59.7912 71.3810 175.7867
  56    L  4.0535 8.3922 121.9286 58.0736 41.4920 180.1551
  57    S  4.1533 8.1519 114.0770 61.5167 62.5718 176.2805
  58    D  4.2636 7.7219 121.7832 56.5501 40.4312 177.2077
  59    Y  4.4710 7.4866 115.0128 56.4052 38.4417 175.0472
  60    N  4.1524 7.9802 115.8030 54.1212 36.9648 174.5882
  61    I  3.6738 7.6376 117.7399 60.8690 38.1032 176.0523
  62    Q  4.6188 8.2259 123.9929 53.1113 31.1653 175.0359
  63    K  3.9431 8.3768 118.0461 58.9209 32.5353 176.3803
  64    E  4.0271 8.9276 119.7186 57.5961 27.5807 174.8581
  65    S  4.6615 7.8416 114.4280 58.8754 64.4034 173.2504
  66    T  5.1614 8.6809 119.0681 62.0959 70.2629 173.9442
  67    L  4.9358 9.8080 126.9803 53.5440 44.9988 174.9621
  68    H  5.1098 8.9069 117.8473 53.9948 31.6245 172.7952
  69    L  5.0238 8.6525 125.4131 53.3666 43.7179 175.5785
  70    V  4.4967 8.9189 126.0039 61.0706 34.6162 173.8541
  71    L  4.8594 8.5476 127.1062 53.2984 43.0568 177.3282
  72    R  4.4024 8.4089 126.0706 54.2889 28.0810 175.1291
  73    L  4.7912 7.7745 118.5364 53.9010 43.4876 175.5769
  74    R  4.7157 7.6115 113.8615 54.3175 34.2036 175.3874
  75    G  3.7344 8.9399 109.2415 48.2081  0.0000 174.0468
  76    G  3.7476 7.7595 112.3804 45.9991  0.0000 172.9718

  NUM RES  H    HA   HB   HB2  HB3  HD1  HD2  HD21 HD22 HD3  HE   HE1  HE2  HE21 HE22 HE3  HG   HG1  HG12 HG13 HG2  HG3  HZ   
  1     M  8.16 4.48 0.00 2.11 2.26 0.00 0.00 0.00 0.00 0.00 -0.21 0.00 0.00 0.00 0.00 0.00 0.00 0.00 0.00 0.00 2.55 2.58 0.00 
  2     Q  8.29 4.81 0.00 2.11 2.04 0.00 0.00 0.00 0.00 0.00 0.00 0.00 0.00 7.25 6.69 0.00 0.00 0.00 0.00 0.00 2.37 2.42 0.00 
  3     I  9.09 4.88 1.87 0.00 0.00 0.81 0.00 0.00 0.00 0.00 0.00 0.00 0.00 0.00 0.00 0.00 0.00 0.00 1.11 0.59 0.82 0.00 0.00 
  4     F  9.04 5.36 0.00 2.16 2.17 0.00 0.00 0.00 0.00 0.00 0.00 0.00 0.00 0.00 0.00 0.00 0.00 0.00 0.00 0.00 0.00 0.00 0.00 
  5     V  9.09 4.81 2.08 0.00 0.00 0.00 0.00 0.00 0.00 0.00 0.00 0.00 0.00 0.00 0.00 0.00 0.00 0.83 0.00 0.00 0.94 0.00 0.00 
  6     K  8.98 5.13 0.00 1.74 1.69 0.00 1.69 0.00 0.00 1.70 0.00 0.00 2.91 0.00 0.00 2.90 0.00 0.00 0.00 0.00 1.38 1.37 7.81 
  7     T  8.71 4.83 4.24 0.00 0.00 0.00 0.00 0.00 0.00 0.00 0.00 0.00 0.00 0.00 0.00 0.00 0.00 0.00 0.00 0.00 1.28 0.00 0.00 
  8     L  8.65 4.08 0.00 1.66 1.78 0.93 0.85 0.00 0.00 0.00 0.00 0.00 0.00 0.00 0.00 0.00 1.86 0.00 0.00 0.00 0.00 0.00 0.00 
  9     T  7.93 4.23 4.24 0.00 0.00 0.00 0.00 0.00 0.00 0.00 0.00 0.00 0.00 0.00 0.00 0.00 0.00 0.00 0.00 0.00 1.21 0.00 0.00 
  10    G  8.25 3.89 0.00 0.00 0.00 0.00 0.00 0.00 0.00 0.00 0.00 0.00 0.00 0.00 0.00 0.00 0.00 0.00 0.00 0.00 0.00 0.00 0.00 
  11    K  7.99 4.44 0.00 1.87 1.67 0.00 1.58 0.00 0.00 1.65 0.00 0.00 2.87 0.00 0.00 2.86 0.00 0.00 0.00 0.00 1.39 1.41 7.81 
  12    T  8.46 5.12 4.24 0.00 0.00 0.00 0.00 0.00 0.00 0.00 0.00 0.00 0.00 0.00 0.00 0.00 0.00 0.00 0.00 0.00 1.27 0.00 0.00 
  13    I  9.10 4.62 1.87 0.00 0.00 0.87 0.00 0.00 0.00 0.00 0.00 0.00 0.00 0.00 0.00 0.00 0.00 0.00 1.26 0.90 0.93 0.00 0.00 
  14    T  8.53 4.92 4.24 0.00 0.00 0.00 0.00 0.00 0.00 0.00 0.00 0.00 0.00 0.00 0.00 0.00 0.00 0.00 0.00 0.00 1.01 0.00 0.00 
  15    L  8.55 4.81 0.00 1.54 1.50 0.90 0.60 0.00 0.00 0.00 0.00 0.00 0.00 0.00 0.00 0.00 1.33 0.00 0.00 0.00 0.00 0.00 0.00 
  16    E  8.64 4.72 0.00 1.96 1.84 0.00 0.00 0.00 0.00 0.00 0.00 0.00 0.00 0.00 0.00 0.00 0.00 0.00 0.00 0.00 2.21 2.26 0.00 
  17    V  9.05 4.75 2.08 0.00 0.00 0.00 0.00 0.00 0.00 0.00 0.00 0.00 0.00 0.00 0.00 0.00 0.00 0.64 0.00 0.00 0.92 0.00 0.00 
  18    E  9.52 4.77 0.00 1.79 1.80 0.00 0.00 0.00 0.00 0.00 0.00 0.00 0.00 0.00 0.00 0.00 0.00 0.00 0.00 0.00 2.21 2.39 0.00 
  19    P  0.00 4.14 0.00 2.17 2.10 0.00 3.58 0.00 0.00 3.69 0.00 0.00 0.00 0.00 0.00 0.00 0.00 0.00 0.00 0.00 2.11 2.07 0.00 
  20    S  7.86 4.45 0.00 3.82 3.86 0.00 0.00 0.00 0.00 0.00 0.00 0.00 0.00 0.00 0.00 0.00 0.00 0.00 0.00 0.00 0.00 0.00 0.00 
  21    D  8.08 4.53 0.00 2.74 2.57 0.00 0.00 0.00 0.00 0.00 0.00 0.00 0.00 0.00 0.00 0.00 0.00 0.00 0.00 0.00 0.00 0.00 0.00 
  22    T  8.00 4.74 4.24 0.00 0.00 0.00 0.00 0.00 0.00 0.00 0.00 0.00 0.00 0.00 0.00 0.00 0.00 0.00 0.00 0.00 1.22 0.00 0.00 
  23    I  8.35 3.70 1.87 0.00 0.00 0.81 0.00 0.00 0.00 0.00 0.00 0.00 0.00 0.00 0.00 0.00 0.00 0.00 1.71 1.05 0.92 0.00 0.00 
  24    E  8.17 3.94 0.00 1.99 1.94 0.00 0.00 0.00 0.00 0.00 0.00 0.00 0.00 0.00 0.00 0.00 0.00 0.00 0.00 0.00 2.38 2.35 0.00 
  25    N  8.09 4.35 0.00 2.87 2.85 0.00 0.00 6.64 7.73 0.00 0.00 0.00 0.00 0.00 0.00 0.00 0.00 0.00 0.00 0.00 0.00 0.00 0.00 
  26    V  7.81 3.56 2.08 0.00 0.00 0.00 0.00 0.00 0.00 0.00 0.00 0.00 0.00 0.00 0.00 0.00 0.00 1.09 0.00 0.00 0.98 0.00 0.00 
  27    K  8.44 3.94 0.00 1.81 1.84 0.00 1.72 0.00 0.00 1.65 0.00 0.00 2.95 0.00 0.00 2.94 0.00 0.00 0.00 0.00 1.46 1.46 7.81 
  28    A  8.12 3.98 1.32 0.00 0.00 0.00 0.00 0.00 0.00 0.00 0.00 0.00 0.00 0.00 0.00 0.00 0.00 0.00 0.00 0.00 0.00 0.00 0.00 
  29    K  8.02 3.97 0.00 1.83 1.87 0.00 1.67 0.00 0.00 1.65 0.00 0.00 2.94 0.00 0.00 3.00 0.00 0.00 0.00 0.00 1.46 1.48 7.81 
  30    I  7.74 3.73 1.87 0.00 0.00 0.86 0.00 0.00 0.00 0.00 0.00 0.00 0.00 0.00 0.00 0.00 0.00 0.00 1.40 1.00 0.94 0.00 0.00 
  31    Q  8.36 4.02 0.00 2.10 2.09 0.00 0.00 0.00 0.00 0.00 0.00 0.00 0.00 7.17 6.80 0.00 0.00 0.00 0.00 0.00 2.36 2.37 0.00 
  32    D  7.91 4.31 0.00 2.71 2.68 0.00 0.00 0.00 0.00 0.00 0.00 0.00 0.00 0.00 0.00 0.00 0.00 0.00 0.00 0.00 0.00 0.00 0.00 
  33    K  7.76 4.17 0.00 1.81 1.84 0.00 1.73 0.00 0.00 1.70 0.00 0.00 3.02 0.00 0.00 2.97 0.00 0.00 0.00 0.00 1.47 1.62 7.81 
  34    E  8.87 4.61 0.00 1.86 1.96 0.00 0.00 0.00 0.00 0.00 0.00 0.00 0.00 0.00 0.00 0.00 0.00 0.00 0.00 0.00 2.24 2.42 0.00 
  35    G  8.21 3.85 0.00 0.00 0.00 0.00 0.00 0.00 0.00 0.00 0.00 0.00 0.00 0.00 0.00 0.00 0.00 0.00 0.00 0.00 0.00 0.00 0.00 
  36    I  7.46 4.07 1.87 0.00 0.00 0.87 0.00 0.00 0.00 0.00 0.00 0.00 0.00 0.00 0.00 0.00 0.00 0.00 1.42 0.75 0.91 0.00 0.00 
  37    P  0.00 4.34 0.00 2.17 1.98 0.00 3.62 0.00 0.00 3.77 0.00 0.00 0.00 0.00 0.00 0.00 0.00 0.00 0.00 0.00 2.11 2.11 0.00 
  38    P  0.00 4.26 0.00 2.17 2.12 0.00 3.59 0.00 0.00 3.82 0.00 0.00 0.00 0.00 0.00 0.00 0.00 0.00 0.00 0.00 2.12 2.10 0.00 
  39    D  8.06 4.49 0.00 2.78 2.80 0.00 0.00 0.00 0.00 0.00 0.00 0.00 0.00 0.00 0.00 0.00 0.00 0.00 0.00 0.00 0.00 0.00 0.00 
  40    Q  8.39 4.50 0.00 2.00 2.15 0.00 0.00 0.00 0.00 0.00 0.00 0.00 0.00 7.31 6.81 0.00 0.00 0.00 0.00 0.00 2.30 2.32 0.00 
  41    Q  7.74 5.17 0.00 1.94 1.99 0.00 0.00 0.00 0.00 0.00 0.00 0.00 0.00 7.37 6.54 0.00 0.00 0.00 0.00 0.00 2.30 2.31 0.00 
  42    R  8.95 4.63 0.00 1.70 1.79 0.00 3.09 0.00 0.00 3.17 7.17 0.00 0.00 0.00 0.00 0.00 0.00 0.00 0.00 0.00 1.53 1.56 0.00 
  43    L  8.53 5.19 0.00 1.58 1.56 0.90 0.75 0.00 0.00 0.00 0.00 0.00 0.00 0.00 0.00 0.00 1.56 0.00 0.00 0.00 0.00 0.00 0.00 
  44    I  8.77 5.08 1.87 0.00 0.00 0.86 0.00 0.00 0.00 0.00 0.00 0.00 0.00 0.00 0.00 0.00 0.00 0.00 1.10 0.93 0.93 0.00 0.00 
  45    F  8.97 4.99 0.00 2.33 2.06 0.00 0.00 0.00 0.00 0.00 0.00 0.00 0.00 0.00 0.00 0.00 0.00 0.00 0.00 0.00 0.00 0.00 0.00 
  46    A  8.91 3.46 1.32 0.00 0.00 0.00 0.00 0.00 0.00 0.00 0.00 0.00 0.00 0.00 0.00 0.00 0.00 0.00 0.00 0.00 0.00 0.00 0.00 
  47    G  8.33 3.92 0.00 0.00 0.00 0.00 0.00 0.00 0.00 0.00 0.00 0.00 0.00 0.00 0.00 0.00 0.00 0.00 0.00 0.00 0.00 0.00 0.00 
  48    K  7.95 4.63 0.00 1.78 1.69 0.00 1.66 0.00 0.00 1.65 0.00 0.00 2.93 0.00 0.00 2.88 0.00 0.00 0.00 0.00 1.35 1.36 7.81 
  49    Q  8.53 4.58 0.00 1.94 2.04 0.00 0.00 0.00 0.00 0.00 0.00 0.00 0.00 7.68 6.87 0.00 0.00 0.00 0.00 0.00 2.36 2.39 0.00 
  50    L  8.58 4.11 0.00 1.51 1.59 0.70 -0.54 0.00 0.00 0.00 0.00 0.00 0.00 0.00 0.00 0.00 1.54 0.00 0.00 0.00 0.00 0.00 0.00 
  51    E  8.81 4.55 0.00 1.96 1.85 0.00 0.00 0.00 0.00 0.00 0.00 0.00 0.00 0.00 0.00 0.00 0.00 0.00 0.00 0.00 2.29 2.28 0.00 
  52    D  8.95 4.39 0.00 2.64 2.73 0.00 0.00 0.00 0.00 0.00 0.00 0.00 0.00 0.00 0.00 0.00 0.00 0.00 0.00 0.00 0.00 0.00 0.00 
  53    G  8.05 3.94 0.00 0.00 0.00 0.00 0.00 0.00 0.00 0.00 0.00 0.00 0.00 0.00 0.00 0.00 0.00 0.00 0.00 0.00 0.00 0.00 0.00 
  54    R  7.75 4.63 0.00 1.77 1.83 0.00 3.26 0.00 0.00 3.22 7.39 0.00 0.00 0.00 0.00 0.00 0.00 0.00 0.00 0.00 1.54 1.67 0.00 
  55    T  8.40 5.02 4.24 0.00 0.00 0.00 0.00 0.00 0.00 0.00 0.00 0.00 0.00 0.00 0.00 0.00 0.00 0.00 0.00 0.00 1.24 0.00 0.00 
  56    L  8.39 4.05 0.00 1.75 1.76 0.96 0.76 0.00 0.00 0.00 0.00 0.00 0.00 0.00 0.00 0.00 1.68 0.00 0.00 0.00 0.00 0.00 0.00 
  57    S  8.15 4.15 0.00 4.06 4.13 0.00 0.00 0.00 0.00 0.00 0.00 0.00 0.00 0.00 0.00 0.00 0.00 0.00 0.00 0.00 0.00 0.00 0.00 
  58    D  7.72 4.26 0.00 2.61 2.78 0.00 0.00 0.00 0.00 0.00 0.00 0.00 0.00 0.00 0.00 0.00 0.00 0.00 0.00 0.00 0.00 0.00 0.00 
  59    Y  7.49 4.47 0.00 2.29 2.30 0.00 0.00 0.00 0.00 0.00 0.00 0.00 0.00 0.00 0.00 0.00 0.00 0.00 0.00 0.00 0.00 0.00 0.00 
  60    N  7.98 4.15 0.00 2.83 2.87 0.00 0.00 6.95 7.07 0.00 0.00 0.00 0.00 0.00 0.00 0.00 0.00 0.00 0.00 0.00 0.00 0.00 0.00 
  61    I  7.64 3.67 1.87 0.00 0.00 0.47 0.00 0.00 0.00 0.00 0.00 0.00 0.00 0.00 0.00 0.00 0.00 0.00 -0.30 -0.04 0.69 0.00 0.00 
  62    Q  8.23 4.62 0.00 2.08 2.00 0.00 0.00 0.00 0.00 0.00 0.00 0.00 0.00 7.81 6.94 0.00 0.00 0.00 0.00 0.00 2.28 2.26 0.00 
  63    K  8.38 3.94 0.00 1.86 1.84 0.00 1.69 0.00 0.00 1.70 0.00 0.00 3.01 0.00 0.00 3.04 0.00 0.00 0.00 0.00 1.41 1.48 7.81 
  64    E  8.93 4.03 0.00 2.14 2.11 0.00 0.00 0.00 0.00 0.00 0.00 0.00 0.00 0.00 0.00 0.00 0.00 0.00 0.00 0.00 2.23 2.41 0.00 
  65    S  7.84 4.66 0.00 3.79 3.77 0.00 0.00 0.00 0.00 0.00 0.00 0.00 0.00 0.00 0.00 0.00 0.00 0.00 0.00 0.00 0.00 0.00 0.00 
  66    T  8.68 5.16 4.24 0.00 0.00 0.00 0.00 0.00 0.00 0.00 0.00 0.00 0.00 0.00 0.00 0.00 0.00 0.00 0.00 0.00 1.21 0.00 0.00 
  67    L  9.81 4.94 0.00 1.45 1.55 1.01 0.82 0.00 0.00 0.00 0.00 0.00 0.00 0.00 0.00 0.00 1.61 0.00 0.00 0.00 0.00 0.00 0.00 
  68    H  8.91 5.11 0.00 2.89 2.93 0.00 5.78 0.00 0.00 0.00 0.00 6.77 0.00 0.00 0.00 0.00 0.00 0.00 0.00 0.00 0.00 0.00 0.00 
  69    L  8.65 5.02 0.00 1.62 1.54 1.04 0.80 0.00 0.00 0.00 0.00 0.00 0.00 0.00 0.00 0.00 1.37 0.00 0.00 0.00 0.00 0.00 0.00 
  70    V  8.92 4.50 2.08 0.00 0.00 0.00 0.00 0.00 0.00 0.00 0.00 0.00 0.00 0.00 0.00 0.00 0.00 1.10 0.00 0.00 0.94 0.00 0.00 
  71    L  8.55 4.86 0.00 1.56 1.58 0.93 0.88 0.00 0.00 0.00 0.00 0.00 0.00 0.00 0.00 0.00 1.50 0.00 0.00 0.00 0.00 0.00 0.00 
  72    R  8.41 4.40 0.00 1.82 1.83 0.00 3.20 0.00 0.00 3.15 7.08 0.00 0.00 0.00 0.00 0.00 0.00 0.00 0.00 0.00 1.55 1.54 0.00 
  73    L  7.77 4.79 0.00 1.57 1.56 0.92 0.95 0.00 0.00 0.00 0.00 0.00 0.00 0.00 0.00 0.00 1.00 0.00 0.00 0.00 0.00 0.00 0.00 
  74    R  7.61 4.72 0.00 1.78 1.75 0.00 3.27 0.00 0.00 3.23 7.39 0.00 0.00 0.00 0.00 0.00 0.00 0.00 0.00 0.00 1.53 1.62 0.00 
  75    G  8.94 3.73 0.00 0.00 0.00 0.00 0.00 0.00 0.00 0.00 0.00 0.00 0.00 0.00 0.00 0.00 0.00 0.00 0.00 0.00 0.00 0.00 0.00 
  76    G  7.76 3.75 0.00 0.00 0.00 0.00 0.00 0.00 0.00 0.00 0.00 0.00 0.00 0.00 0.00 0.00 0.00 0.00 0.00 0.00 0.00 0.00 0.00 
