   NUM RES   HA     H       N        CA      CB       C
 --- --- ------ ------ -------- ------- ------- --------
  1     M  4.4832 8.1633 118.3277 55.2849 33.4280 173.7423
  2     Q  4.7900 8.3064 118.9019 52.9059 31.0414 173.2039
  3     I  4.9692 9.1100 116.9109 59.0949 42.3216 173.5575
  4     F  5.3209 9.1054 120.4816 55.6339 42.7622 174.5363
  5     V  4.9301 9.0067 122.6220 61.1546 34.2002 174.2526
  6     K  5.1327 8.9703 127.7636 55.3087 34.4210 176.2859
  7     T  4.8342 8.7012 114.8362 59.9278 71.1174 175.7846
  8     L  4.0614 8.6082 121.4433 57.5557 41.6704 178.4277
  9     T  4.1936 7.9007 106.3844 61.6032 69.2607 175.3142
  10    G  3.8979 8.1776 110.7464 45.3039  0.0000 173.2002
  11    K  4.4432 7.9999 121.0570 55.5876 33.9121 175.5432
  12    T  5.1611 8.4600 122.1319 61.8792 71.1294 173.3249
  13    I  4.6056 9.0616 127.1483 59.8572 40.2209 174.5699
  14    T  4.7447 8.4888 122.4555 62.0385 70.0377 174.0664
  15    L  4.7757 8.4565 125.3965 52.7826 45.9095 174.9276
  16    E  4.8082 8.6333 122.9000 54.9260 30.7527 175.2404
  17    V  4.7513 8.9948 119.4658 59.9827 36.4632 174.2649
  18    E  4.7694 9.5179 120.7093 53.9241 32.4561 176.1520
  19    P  4.1872 0.0000   0.0000 65.4087 31.5732 178.1127
  20    S  4.4880 7.8735 110.1489 58.5831 63.9093 174.1069
  21    D  4.4931 8.1901 123.4375 54.5359 41.4010 176.0089
  22    T  4.7084 8.1446 113.2169 61.0147 71.5126 176.0660
  23    I  3.6768 8.2894 123.3989 64.5802 37.1342 178.4351
  24    E  4.0366 8.1639 119.6622 59.4155 29.4765 178.5222
  25    N  4.3507 8.0605 116.5043 56.1694 38.5697 177.5630
  26    V  3.5687 7.8287 119.6768 65.9593 31.5731 178.1977
  27    K  3.9381 8.4131 118.3638 59.4546 31.8763 179.1476
  28    A  3.9838 8.0520 120.9963 55.0798 18.3107 179.8603
  29    K  3.9499 8.0389 117.0533 59.6371 32.1020 179.6719
  30    I  3.7161 7.7255 120.1971 64.2512 36.8995 178.1889
  31    Q  4.2148 8.2382 121.9373 58.7337 28.6668 177.9071
  32    D  4.2965 7.8991 117.8103 57.2344 41.3083 178.0484
  33    K  4.1686 7.8790 117.8399 58.6116 32.4123 178.2645
  34    E  4.5975 8.7440 115.8357 55.2320 30.8067 177.2103
  35    G  3.9117 8.1778 107.1012 45.4938  0.0000 173.3836
  36    I  4.0848 7.3711 121.3538 59.4943 38.1323 173.4734
  37    P  4.4653 0.0000   0.0000 61.6995 32.2143 175.4300
  38    P  4.1624 0.0000   0.0000 65.7762 31.5090 177.8145
  39    D  4.4271 8.1223 116.4918 56.2660 41.4904 176.8370
  40    Q  4.5279 8.3015 116.9808 55.9242 29.3873 174.4818
  41    Q  5.0990 7.5306 117.3066 54.1733 31.0596 175.3422
  42    R  4.6190 8.9431 121.7901 54.4268 33.6919 174.2495
  43    L  5.1225 8.5191 123.7950 53.1714 44.1719 175.4828
  44    I  5.0940 8.8279 124.1497 59.4724 41.0820 174.3454
  45    F  4.8837 9.0070 127.7702 56.9185 42.8383 174.4101
  46    A  3.4934 8.8759 128.6119 53.1289 15.9279 177.7852
  47    G  3.9346 8.3372 106.2875 46.6078  0.0000 174.1398
  48    K  4.6530 8.0058 119.9113 54.3059 34.4484 175.2723
  49    Q  4.5835 8.5544 122.2475 55.7424 29.4220 175.5608
  50    L  4.1202 8.6204 124.9735 54.0792 42.6925 176.4391
  51    E  4.5686 8.5661 122.4741 55.2965 30.9661 177.5296
  52    D  4.3914 8.9523 122.0965 56.7739 41.1227 177.5612
  53    G  3.9359 8.0455 105.8756 45.3565  0.0000 173.2156
  54    R  4.6456 7.7605 119.3862 54.4929 32.8771 175.0265
  55    T  4.9846 8.1652 108.9745 59.7634 71.4002 175.7564
  56    L  4.0232 8.4068 122.0303 58.0566 41.5009 180.1531
  57    S  4.1627 8.1204 114.0701 61.5156 62.5758 176.2824
  58    D  4.3103 7.7854 121.8185 56.5776 40.4543 177.2064
  59    Y  4.3913 7.5735 114.9927 56.3762 38.4496 175.0518
  60    N  4.1420 7.9739 115.8188 54.1212 36.9509 174.6494
  61    I  3.6763 7.6464 117.8928 60.8890 38.0949 176.0718
  62    Q  4.6190 8.2904 124.1609 53.1047 31.1393 175.0610
  63    K  3.9770 8.3923 118.0145 58.9505 32.5240 176.3669
  64    E  4.1299 8.9713 119.5591 57.6037 27.6187 174.8182
  65    S  4.6536 7.9178 114.6317 58.8534 64.3912 173.2700
  66    T  5.1479 8.6778 119.2765 62.0775 70.3043 173.8967
  67    L  4.9295 9.5306 127.2574 53.5595 45.0336 174.9334
  68    H  5.1285 8.9975 117.8753 54.0231 31.4724 173.0218
  69    L  5.0349 8.7001 125.4035 53.3513 43.7484 175.5700
  70    V  4.5133 8.8631 125.9309 61.0809 34.5470 173.8986
  71    L  5.1043 8.5271 126.7024 53.1446 43.5201 175.6536
  72    R  4.6904 8.8348 123.4683 54.5647 32.6299 174.6250
  73    L  4.6607 8.3070 124.1271 53.0750 44.9664 175.5030
  74    R  3.6959 8.5751 120.6933 55.0133 27.3103 176.1305
  75    G  3.8434 7.9870 107.3136 44.6925  0.0000 170.3293
  76    G  4.2405 8.3601 108.4011 45.3898  0.0000 173.3449

  NUM RES  H    HA   HB   HB2  HB3  HD1  HD2  HD21 HD22 HD3  HE   HE1  HE2  HE21 HE22 HE3  HG   HG1  HG12 HG13 HG2  HG3  HZ   
  1     M  8.16 4.48 0.00 2.11 2.26 0.00 0.00 0.00 0.00 0.00 -0.21 0.00 0.00 0.00 0.00 0.00 0.00 0.00 0.00 0.00 2.55 2.58 0.00 
  2     Q  8.31 4.79 0.00 2.11 2.04 0.00 0.00 0.00 0.00 0.00 0.00 0.00 0.00 7.25 6.70 0.00 0.00 0.00 0.00 0.00 2.38 2.42 0.00 
  3     I  9.11 4.97 1.87 0.00 0.00 0.80 0.00 0.00 0.00 0.00 0.00 0.00 0.00 0.00 0.00 0.00 0.00 0.00 1.21 0.67 0.84 0.00 0.00 
  4     F  9.11 5.32 0.00 2.16 2.17 0.00 0.00 0.00 0.00 0.00 0.00 0.00 0.00 0.00 0.00 0.00 0.00 0.00 0.00 0.00 0.00 0.00 0.00 
  5     V  9.01 4.93 2.08 0.00 0.00 0.00 0.00 0.00 0.00 0.00 0.00 0.00 0.00 0.00 0.00 0.00 0.00 0.92 0.00 0.00 0.93 0.00 0.00 
  6     K  8.97 5.13 0.00 1.74 1.69 0.00 1.70 0.00 0.00 1.70 0.00 0.00 2.91 0.00 0.00 2.91 0.00 0.00 0.00 0.00 1.38 1.37 7.81 
  7     T  8.70 4.83 4.24 0.00 0.00 0.00 0.00 0.00 0.00 0.00 0.00 0.00 0.00 0.00 0.00 0.00 0.00 0.00 0.00 0.00 1.28 0.00 0.00 
  8     L  8.61 4.06 0.00 1.66 1.78 0.95 0.87 0.00 0.00 0.00 0.00 0.00 0.00 0.00 0.00 0.00 1.91 0.00 0.00 0.00 0.00 0.00 0.00 
  9     T  7.90 4.19 4.24 0.00 0.00 0.00 0.00 0.00 0.00 0.00 0.00 0.00 0.00 0.00 0.00 0.00 0.00 0.00 0.00 0.00 1.22 0.00 0.00 
  10    G  8.18 3.90 0.00 0.00 0.00 0.00 0.00 0.00 0.00 0.00 0.00 0.00 0.00 0.00 0.00 0.00 0.00 0.00 0.00 0.00 0.00 0.00 0.00 
  11    K  8.00 4.44 0.00 1.87 1.67 0.00 1.58 0.00 0.00 1.65 0.00 0.00 2.87 0.00 0.00 2.86 0.00 0.00 0.00 0.00 1.40 1.41 7.81 
  12    T  8.46 5.16 4.24 0.00 0.00 0.00 0.00 0.00 0.00 0.00 0.00 0.00 0.00 0.00 0.00 0.00 0.00 0.00 0.00 0.00 1.33 0.00 0.00 
  13    I  9.06 4.61 1.87 0.00 0.00 0.87 0.00 0.00 0.00 0.00 0.00 0.00 0.00 0.00 0.00 0.00 0.00 0.00 1.26 1.02 0.92 0.00 0.00 
  14    T  8.49 4.74 4.24 0.00 0.00 0.00 0.00 0.00 0.00 0.00 0.00 0.00 0.00 0.00 0.00 0.00 0.00 0.00 0.00 0.00 0.91 0.00 0.00 
  15    L  8.46 4.78 0.00 1.59 1.51 0.89 0.46 0.00 0.00 0.00 0.00 0.00 0.00 0.00 0.00 0.00 1.48 0.00 0.00 0.00 0.00 0.00 0.00 
  16    E  8.63 4.81 0.00 1.94 1.84 0.00 0.00 0.00 0.00 0.00 0.00 0.00 0.00 0.00 0.00 0.00 0.00 0.00 0.00 0.00 2.21 2.38 0.00 
  17    V  8.99 4.75 2.08 0.00 0.00 0.00 0.00 0.00 0.00 0.00 0.00 0.00 0.00 0.00 0.00 0.00 0.00 0.64 0.00 0.00 0.92 0.00 0.00 
  18    E  9.52 4.77 0.00 1.87 1.80 0.00 0.00 0.00 0.00 0.00 0.00 0.00 0.00 0.00 0.00 0.00 0.00 0.00 0.00 0.00 2.21 2.29 0.00 
  19    P  0.00 4.19 0.00 2.17 2.11 0.00 3.58 0.00 0.00 3.82 0.00 0.00 0.00 0.00 0.00 0.00 0.00 0.00 0.00 0.00 2.11 2.08 0.00 
  20    S  7.87 4.49 0.00 3.97 3.97 0.00 0.00 0.00 0.00 0.00 0.00 0.00 0.00 0.00 0.00 0.00 0.00 0.00 0.00 0.00 0.00 0.00 0.00 
  21    D  8.19 4.49 0.00 2.71 2.62 0.00 0.00 0.00 0.00 0.00 0.00 0.00 0.00 0.00 0.00 0.00 0.00 0.00 0.00 0.00 0.00 0.00 0.00 
  22    T  8.14 4.71 4.24 0.00 0.00 0.00 0.00 0.00 0.00 0.00 0.00 0.00 0.00 0.00 0.00 0.00 0.00 0.00 0.00 0.00 1.22 0.00 0.00 
  23    I  8.29 3.68 1.87 0.00 0.00 0.76 0.00 0.00 0.00 0.00 0.00 0.00 0.00 0.00 0.00 0.00 0.00 0.00 1.68 1.02 0.87 0.00 0.00 
  24    E  8.16 4.04 0.00 2.03 1.94 0.00 0.00 0.00 0.00 0.00 0.00 0.00 0.00 0.00 0.00 0.00 0.00 0.00 0.00 0.00 2.38 2.40 0.00 
  25    N  8.06 4.35 0.00 2.80 2.85 0.00 0.00 6.70 7.68 0.00 0.00 0.00 0.00 0.00 0.00 0.00 0.00 0.00 0.00 0.00 0.00 0.00 0.00 
  26    V  7.83 3.57 2.08 0.00 0.00 0.00 0.00 0.00 0.00 0.00 0.00 0.00 0.00 0.00 0.00 0.00 0.00 0.95 0.00 0.00 0.97 0.00 0.00 
  27    K  8.41 3.94 0.00 1.82 1.84 0.00 1.72 0.00 0.00 1.65 0.00 0.00 2.95 0.00 0.00 2.94 0.00 0.00 0.00 0.00 1.46 1.46 7.81 
  28    A  8.05 3.98 1.32 0.00 0.00 0.00 0.00 0.00 0.00 0.00 0.00 0.00 0.00 0.00 0.00 0.00 0.00 0.00 0.00 0.00 0.00 0.00 0.00 
  29    K  8.04 3.95 0.00 1.83 1.87 0.00 1.67 0.00 0.00 1.65 0.00 0.00 2.94 0.00 0.00 3.00 0.00 0.00 0.00 0.00 1.46 1.48 7.81 
  30    I  7.73 3.72 1.87 0.00 0.00 0.86 0.00 0.00 0.00 0.00 0.00 0.00 0.00 0.00 0.00 0.00 0.00 0.00 1.40 0.80 0.94 0.00 0.00 
  31    Q  8.24 4.21 0.00 2.11 2.09 0.00 0.00 0.00 0.00 0.00 0.00 0.00 0.00 7.16 6.80 0.00 0.00 0.00 0.00 0.00 2.36 2.23 0.00 
  32    D  7.90 4.30 0.00 2.71 2.68 0.00 0.00 0.00 0.00 0.00 0.00 0.00 0.00 0.00 0.00 0.00 0.00 0.00 0.00 0.00 0.00 0.00 0.00 
  33    K  7.88 4.17 0.00 1.80 1.84 0.00 1.71 0.00 0.00 1.70 0.00 0.00 3.02 0.00 0.00 2.93 0.00 0.00 0.00 0.00 1.47 1.47 7.81 
  34    E  8.74 4.60 0.00 1.85 1.96 0.00 0.00 0.00 0.00 0.00 0.00 0.00 0.00 0.00 0.00 0.00 0.00 0.00 0.00 0.00 2.24 2.43 0.00 
  35    G  8.18 3.91 0.00 0.00 0.00 0.00 0.00 0.00 0.00 0.00 0.00 0.00 0.00 0.00 0.00 0.00 0.00 0.00 0.00 0.00 0.00 0.00 0.00 
  36    I  7.37 4.08 1.87 0.00 0.00 0.86 0.00 0.00 0.00 0.00 0.00 0.00 0.00 0.00 0.00 0.00 0.00 0.00 1.47 0.81 0.91 0.00 0.00 
  37    P  0.00 4.47 0.00 2.21 2.18 0.00 3.72 0.00 0.00 3.77 0.00 0.00 0.00 0.00 0.00 0.00 0.00 0.00 0.00 0.00 2.07 1.98 0.00 
  38    P  0.00 4.16 0.00 2.19 2.16 0.00 3.59 0.00 0.00 3.69 0.00 0.00 0.00 0.00 0.00 0.00 0.00 0.00 0.00 0.00 2.12 2.10 0.00 
  39    D  8.12 4.43 0.00 2.75 2.66 0.00 0.00 0.00 0.00 0.00 0.00 0.00 0.00 0.00 0.00 0.00 0.00 0.00 0.00 0.00 0.00 0.00 0.00 
  40    Q  8.30 4.53 0.00 2.10 2.10 0.00 0.00 0.00 0.00 0.00 0.00 0.00 0.00 7.91 6.50 0.00 0.00 0.00 0.00 0.00 2.30 2.45 0.00 
  41    Q  7.53 5.10 0.00 1.90 2.00 0.00 0.00 0.00 0.00 0.00 0.00 0.00 0.00 7.30 6.58 0.00 0.00 0.00 0.00 0.00 2.30 2.31 0.00 
  42    R  8.94 4.62 0.00 1.70 1.79 0.00 3.10 0.00 0.00 3.17 7.17 0.00 0.00 0.00 0.00 0.00 0.00 0.00 0.00 0.00 1.53 1.56 0.00 
  43    L  8.52 5.12 0.00 1.58 1.57 0.89 0.75 0.00 0.00 0.00 0.00 0.00 0.00 0.00 0.00 0.00 1.57 0.00 0.00 0.00 0.00 0.00 0.00 
  44    I  8.83 5.09 1.87 0.00 0.00 0.86 0.00 0.00 0.00 0.00 0.00 0.00 0.00 0.00 0.00 0.00 0.00 0.00 1.11 0.73 0.91 0.00 0.00 
  45    F  9.01 4.88 0.00 2.33 2.06 0.00 0.00 0.00 0.00 0.00 0.00 0.00 0.00 0.00 0.00 0.00 0.00 0.00 0.00 0.00 0.00 0.00 0.00 
  46    A  8.88 3.49 1.32 0.00 0.00 0.00 0.00 0.00 0.00 0.00 0.00 0.00 0.00 0.00 0.00 0.00 0.00 0.00 0.00 0.00 0.00 0.00 0.00 
  47    G  8.34 3.93 0.00 0.00 0.00 0.00 0.00 0.00 0.00 0.00 0.00 0.00 0.00 0.00 0.00 0.00 0.00 0.00 0.00 0.00 0.00 0.00 0.00 
  48    K  8.01 4.65 0.00 1.78 1.69 0.00 1.66 0.00 0.00 1.65 0.00 0.00 2.93 0.00 0.00 2.88 0.00 0.00 0.00 0.00 1.35 1.36 7.81 
  49    Q  8.55 4.58 0.00 1.94 2.04 0.00 0.00 0.00 0.00 0.00 0.00 0.00 0.00 7.71 6.89 0.00 0.00 0.00 0.00 0.00 2.36 2.39 0.00 
  50    L  8.62 4.12 0.00 1.50 1.59 0.68 -0.68 0.00 0.00 0.00 0.00 0.00 0.00 0.00 0.00 0.00 1.54 0.00 0.00 0.00 0.00 0.00 0.00 
  51    E  8.57 4.57 0.00 1.92 1.85 0.00 0.00 0.00 0.00 0.00 0.00 0.00 0.00 0.00 0.00 0.00 0.00 0.00 0.00 0.00 2.28 2.28 0.00 
  52    D  8.95 4.39 0.00 2.64 2.73 0.00 0.00 0.00 0.00 0.00 0.00 0.00 0.00 0.00 0.00 0.00 0.00 0.00 0.00 0.00 0.00 0.00 0.00 
  53    G  8.05 3.94 0.00 0.00 0.00 0.00 0.00 0.00 0.00 0.00 0.00 0.00 0.00 0.00 0.00 0.00 0.00 0.00 0.00 0.00 0.00 0.00 0.00 
  54    R  7.76 4.65 0.00 1.78 1.83 0.00 3.26 0.00 0.00 3.22 7.39 0.00 0.00 0.00 0.00 0.00 0.00 0.00 0.00 0.00 1.54 1.67 0.00 
  55    T  8.17 4.98 4.24 0.00 0.00 0.00 0.00 0.00 0.00 0.00 0.00 0.00 0.00 0.00 0.00 0.00 0.00 0.00 0.00 0.00 1.22 0.00 0.00 
  56    L  8.41 4.02 0.00 1.75 1.76 0.96 0.83 0.00 0.00 0.00 0.00 0.00 0.00 0.00 0.00 0.00 1.67 0.00 0.00 0.00 0.00 0.00 0.00 
  57    S  8.12 4.16 0.00 4.07 4.13 0.00 0.00 0.00 0.00 0.00 0.00 0.00 0.00 0.00 0.00 0.00 0.00 0.00 0.00 0.00 0.00 0.00 0.00 
  58    D  7.79 4.31 0.00 2.62 2.78 0.00 0.00 0.00 0.00 0.00 0.00 0.00 0.00 0.00 0.00 0.00 0.00 0.00 0.00 0.00 0.00 0.00 0.00 
  59    Y  7.57 4.39 0.00 2.29 2.30 0.00 0.00 0.00 0.00 0.00 0.00 0.00 0.00 0.00 0.00 0.00 0.00 0.00 0.00 0.00 0.00 0.00 0.00 
  60    N  7.97 4.14 0.00 2.83 2.87 0.00 0.00 6.95 6.99 0.00 0.00 0.00 0.00 0.00 0.00 0.00 0.00 0.00 0.00 0.00 0.00 0.00 0.00 
  61    I  7.65 3.68 1.87 0.00 0.00 0.46 0.00 0.00 0.00 0.00 0.00 0.00 0.00 0.00 0.00 0.00 0.00 0.00 -0.30 -0.02 0.70 0.00 0.00 
  62    Q  8.29 4.62 0.00 2.13 2.00 0.00 0.00 0.00 0.00 0.00 0.00 0.00 0.00 7.81 6.93 0.00 0.00 0.00 0.00 0.00 2.28 2.26 0.00 
  63    K  8.39 3.98 0.00 1.86 1.84 0.00 1.69 0.00 0.00 1.70 0.00 0.00 3.02 0.00 0.00 3.04 0.00 0.00 0.00 0.00 1.41 1.49 7.81 
  64    E  8.97 4.13 0.00 2.14 2.11 0.00 0.00 0.00 0.00 0.00 0.00 0.00 0.00 0.00 0.00 0.00 0.00 0.00 0.00 0.00 2.23 2.26 0.00 
  65    S  7.92 4.65 0.00 3.82 3.77 0.00 0.00 0.00 0.00 0.00 0.00 0.00 0.00 0.00 0.00 0.00 0.00 0.00 0.00 0.00 0.00 0.00 0.00 
  66    T  8.68 5.15 4.24 0.00 0.00 0.00 0.00 0.00 0.00 0.00 0.00 0.00 0.00 0.00 0.00 0.00 0.00 0.00 0.00 0.00 1.21 0.00 0.00 
  67    L  9.53 4.93 0.00 1.56 1.55 1.03 0.81 0.00 0.00 0.00 0.00 0.00 0.00 0.00 0.00 0.00 1.60 0.00 0.00 0.00 0.00 0.00 0.00 
  68    H  9.00 5.13 0.00 2.87 2.94 0.00 5.78 0.00 0.00 0.00 0.00 6.77 0.00 0.00 0.00 0.00 0.00 0.00 0.00 0.00 0.00 0.00 0.00 
  69    L  8.70 5.03 0.00 1.61 1.54 1.04 0.84 0.00 0.00 0.00 0.00 0.00 0.00 0.00 0.00 0.00 1.38 0.00 0.00 0.00 0.00 0.00 0.00 
  70    V  8.86 4.51 2.08 0.00 0.00 0.00 0.00 0.00 0.00 0.00 0.00 0.00 0.00 0.00 0.00 0.00 0.00 1.01 0.00 0.00 0.94 0.00 0.00 
  71    L  8.53 5.10 0.00 1.55 1.56 0.93 0.84 0.00 0.00 0.00 0.00 0.00 0.00 0.00 0.00 0.00 1.58 0.00 0.00 0.00 0.00 0.00 0.00 
  72    R  8.83 4.69 0.00 1.76 1.76 0.00 3.20 0.00 0.00 3.22 7.19 0.00 0.00 0.00 0.00 0.00 0.00 0.00 0.00 0.00 1.52 1.56 0.00 
  73    L  8.31 4.66 0.00 1.63 1.55 0.92 0.90 0.00 0.00 0.00 0.00 0.00 0.00 0.00 0.00 0.00 1.17 0.00 0.00 0.00 0.00 0.00 0.00 
  74    R  8.58 3.70 0.00 1.92 1.93 0.00 3.37 0.00 0.00 3.23 7.23 0.00 0.00 0.00 0.00 0.00 0.00 0.00 0.00 0.00 1.51 1.61 0.00 
  75    G  7.99 3.84 0.00 0.00 0.00 0.00 0.00 0.00 0.00 0.00 0.00 0.00 0.00 0.00 0.00 0.00 0.00 0.00 0.00 0.00 0.00 0.00 0.00 
  76    G  8.36 4.24 0.00 0.00 0.00 0.00 0.00 0.00 0.00 0.00 0.00 0.00 0.00 0.00 0.00 0.00 0.00 0.00 0.00 0.00 0.00 0.00 0.00 
